[0.060s] Invoking command in '/home/developer/new_ros2_ws/build/hello_moveit': CMAKE_PREFIX_PATH=${CMAKE_PREFIX_PATH}:/home/developer/ws_moveit2/install/moveit_configs_utils:/home/developer/ros2_ws/install/rqt_joint_trajectory_controller:/home/developer/ros2_ws/install/rqt_controller_manager:/home/developer/ros2_ws/install/ros2controlcli:/home/developer/ros2_ws/install/ros2_controllers_test_nodes:/opt/ros/humble /usr/bin/cmake /home/developer/new_ros2_ws/src/hello_moveit -DCMAKE_INSTALL_PREFIX=/home/developer/new_ros2_ws/install/hello_moveit
[0.292s] -- The C compiler identification is GNU 11.4.0
[0.421s] -- The CXX compiler identification is GNU 11.4.0
[0.441s] -- Detecting C compiler ABI info
[0.663s] -- Detecting C compiler ABI info - done
[0.671s] -- Check for working C compiler: /usr/bin/cc - skipped
[0.671s] -- Detecting C compile features
[0.672s] -- Detecting C compile features - done
[0.676s] -- Detecting CXX compiler ABI info
[0.931s] -- Detecting CXX compiler ABI info - done
[0.939s] -- Check for working CXX compiler: /usr/bin/c++ - skipped
[0.939s] -- Detecting CXX compile features
[0.939s] -- Detecting CXX compile features - done
[0.986s] -- Found ament_cmake: 1.3.11 (/opt/ros/humble/share/ament_cmake/cmake)
[1.401s] -- Found Python3: /usr/bin/python3 (found version "3.10.12") found components: Interpreter 
[2.070s] -- Found moveit_ros_planning_interface: 2.5.7 (/home/developer/ws_moveit2/install/moveit_ros_planning_interface/share/moveit_ros_planning_interface/cmake)
[2.864s] -- Found Boost: /usr/lib/x86_64-linux-gnu/cmake/Boost-1.74.0/BoostConfig.cmake (found version "1.74.0") found components: date_time filesystem program_options system thread 
[3.286s] -- Found rosidl_generator_c: 3.1.6 (/opt/ros/humble/share/rosidl_generator_c/cmake)
[3.358s] -- Found rosidl_adapter: 3.1.6 (/opt/ros/humble/share/rosidl_adapter/cmake)
[3.432s] -- Found rosidl_generator_cpp: 3.1.6 (/opt/ros/humble/share/rosidl_generator_cpp/cmake)
[3.515s] -- Using all available rosidl_typesupport_c: rosidl_typesupport_fastrtps_c;rosidl_typesupport_introspection_c
[3.638s] -- Using all available rosidl_typesupport_cpp: rosidl_typesupport_fastrtps_cpp;rosidl_typesupport_introspection_cpp
[4.399s] -- Found Boost: /usr/lib/x86_64-linux-gnu/cmake/Boost-1.74.0/BoostConfig.cmake (found version "1.74.0") found components: chrono date_time filesystem iostreams program_options regex serialization system thread 
[4.867s] -- Found parameter_traits: 0.4.0 (/opt/ros/humble/share/parameter_traits/cmake)
[5.265s] -- Found rmw_implementation_cmake: 6.1.2 (/opt/ros/humble/share/rmw_implementation_cmake/cmake)
[5.303s] -- Found rmw_cyclonedds_cpp: 1.3.4 (/opt/ros/humble/share/rmw_cyclonedds_cpp/cmake)
[5.537s] -- Using RMW implementation 'rmw_cyclonedds_cpp' as default
[5.640s] -- Found Threads: TRUE  
[5.846s] -- Found Eigen3: TRUE (found version "3.4.0") 
[5.875s] -- Found rclcpp_lifecycle: 16.0.12 (/opt/ros/humble/share/rclcpp_lifecycle/cmake)
[5.992s] -- Found Boost: /usr/lib/x86_64-linux-gnu/cmake/Boost-1.74.0/BoostConfig.cmake (found version "1.74.0") found components: filesystem 
[6.525s] -- library: /usr/lib/x86_64-linux-gnu/libcurl.so
[6.698s] -- Ensuring Eigen3 include directory is part of orocos-kdl CMake target
[7.677s] -- Found Boost: /usr/lib/x86_64-linux-gnu/cmake/Boost-1.74.0/BoostConfig.cmake (found version "1.74.0") found components: system filesystem date_time program_options thread chrono 
[7.743s] -- Found Boost: /usr/lib/x86_64-linux-gnu/cmake/Boost-1.74.0/BoostConfig.cmake (found version "1.74.0") found components: thread system filesystem regex date_time program_options 
[8.146s] -- Found Boost: /usr/lib/x86_64-linux-gnu/cmake/Boost-1.74.0/BoostConfig.cmake (found version "1.74.0") found components: system filesystem date_time program_options thread 
[8.233s] -- Found moveit_visual_tools: 4.1.2 (/home/developer/ws_moveit2/install/moveit_visual_tools/share/moveit_visual_tools/cmake)
[8.516s] -- Setting assimp_DIR to: '/opt/ros/humble/share/rviz_assimp_vendor/cmake/../../../opt/rviz_assimp_vendor/lib/cmake/assimp-4.1'
[8.625s] -- Setting OGRE_DIR to: '/opt/ros/humble/share/rviz_ogre_vendor/cmake/../../../opt/rviz_ogre_vendor/lib/OGRE/cmake'
[8.629s] -- Found OGRE
[8.629s] --   static     : OFF
[8.629s] --   components : HLMS;MeshLodGenerator;Overlay;Paging;Property;RTShaderSystem;Terrain;Volume
[8.629s] --   plugins    : Plugin_BSPSceneManager;Plugin_OctreeSceneManager;Plugin_PCZSceneManager;Plugin_ParticleFX;RenderSystem_GL;RenderSystem_GL3Plus;Codec_STBI
[8.630s] --   media      : /opt/ros/humble/opt/rviz_ogre_vendor/share/OGRE/Media
[8.630s] -- OGRE_LIBRARIES: OgreHLMS;OgreMeshLodGenerator;OgreOverlay;OgrePaging;OgreProperty;OgreRTShaderSystem;OgreTerrain;OgreVolume;OgreMain
[8.630s] -- OGRE_LIBRARY_DIRS: /opt/ros/humble/opt/rviz_ogre_vendor/lib
[8.630s] -- OGRE_PLUGINS: Plugin_BSPSceneManager;Plugin_OctreeSceneManager;Plugin_PCZSceneManager;Plugin_ParticleFX;RenderSystem_GL;RenderSystem_GL3Plus;Codec_STBI
[8.630s] -- OGRE_PLUGIN_DIR: /opt/ros/humble/opt/rviz_ogre_vendor/lib/OGRE
[8.631s] -- rviz_ogre_vendor::OgreOverlay for IMPORTED_LOCATION_RELEASE: /opt/ros/humble/opt/rviz_ogre_vendor/lib/libOgreOverlay.so
[8.631s] -- rviz_ogre_vendor::OgreOverlay for IMPORTED_LOCATION_DEBUG: /opt/ros/humble/opt/rviz_ogre_vendor/lib/libOgreOverlay.so
[8.631s] -- rviz_ogre_vendor::OgreMain for IMPORTED_LOCATION_RELEASE: /opt/ros/humble/opt/rviz_ogre_vendor/lib/libOgreMain.so
[8.631s] -- rviz_ogre_vendor::OgreMain for IMPORTED_LOCATION_DEBUG: /opt/ros/humble/opt/rviz_ogre_vendor/lib/libOgreMain.so
[8.705s] -- Found ZLIB: /usr/lib/x86_64-linux-gnu/libz.so (found version "1.2.11") 
[8.746s] -- Found OpenGL: /usr/lib/x86_64-linux-gnu/libOpenGL.so   
[9.191s] -- Found X11: /usr/include   
[9.192s] -- Looking for XOpenDisplay in /usr/lib/x86_64-linux-gnu/libX11.so;/usr/lib/x86_64-linux-gnu/libXext.so
[9.415s] -- Looking for XOpenDisplay in /usr/lib/x86_64-linux-gnu/libX11.so;/usr/lib/x86_64-linux-gnu/libXext.so - found
[9.415s] -- Looking for gethostbyname
[9.635s] -- Looking for gethostbyname - found
[9.635s] -- Looking for connect
[9.827s] -- Looking for connect - found
[9.827s] -- Looking for remove
[10.004s] -- Looking for remove - found
[10.004s] -- Looking for shmat
[10.184s] -- Looking for shmat - found
[10.184s] -- Looking for IceConnectionNumber in ICE
[10.359s] -- Looking for IceConnectionNumber in ICE - found
[10.762s] -- Found ament_lint_auto: 0.12.12 (/opt/ros/humble/share/ament_lint_auto/cmake)
[11.059s] -- Added test 'cppcheck' to perform static code analysis on C / C++ code
[11.059s] -- Configured cppcheck include dirs: $<BUILD_INTERFACE:/home/developer/new_ros2_ws/src/hello_moveit/include>
[11.059s] -- Configured cppcheck exclude dirs and/or files: 
[11.063s] -- Added test 'lint_cmake' to check CMake code style
[11.069s] -- Added test 'uncrustify' to check C / C++ code style
[11.069s] -- Configured uncrustify additional arguments: 
[11.072s] -- Added test 'xmllint' to check XML markup files
[11.080s] -- Configuring done
[11.149s] -- Generating done
[11.159s] -- Build files have been written to: /home/developer/new_ros2_ws/build/hello_moveit
[11.178s] Invoked command in '/home/developer/new_ros2_ws/build/hello_moveit' returned '0': CMAKE_PREFIX_PATH=${CMAKE_PREFIX_PATH}:/home/developer/ws_moveit2/install/moveit_configs_utils:/home/developer/ros2_ws/install/rqt_joint_trajectory_controller:/home/developer/ros2_ws/install/rqt_controller_manager:/home/developer/ros2_ws/install/ros2controlcli:/home/developer/ros2_ws/install/ros2_controllers_test_nodes:/opt/ros/humble /usr/bin/cmake /home/developer/new_ros2_ws/src/hello_moveit -DCMAKE_INSTALL_PREFIX=/home/developer/new_ros2_ws/install/hello_moveit
[11.180s] Invoking command in '/home/developer/new_ros2_ws/build/hello_moveit': CMAKE_PREFIX_PATH=${CMAKE_PREFIX_PATH}:/home/developer/ws_moveit2/install/moveit_configs_utils:/home/developer/ros2_ws/install/rqt_joint_trajectory_controller:/home/developer/ros2_ws/install/rqt_controller_manager:/home/developer/ros2_ws/install/ros2controlcli:/home/developer/ros2_ws/install/ros2_controllers_test_nodes:/opt/ros/humble /usr/bin/cmake --build /home/developer/new_ros2_ws/build/hello_moveit -- -j16 -l16
[11.370s] [ 50%] [32mBuilding CXX object CMakeFiles/hello_moveit.dir/src/hello_moveit.cpp.o[0m
[24.224s] [100%] [32m[1mLinking CXX executable hello_moveit[0m
[24.824s] [100%] Built target hello_moveit
[24.852s] Invoked command in '/home/developer/new_ros2_ws/build/hello_moveit' returned '0': CMAKE_PREFIX_PATH=${CMAKE_PREFIX_PATH}:/home/developer/ws_moveit2/install/moveit_configs_utils:/home/developer/ros2_ws/install/rqt_joint_trajectory_controller:/home/developer/ros2_ws/install/rqt_controller_manager:/home/developer/ros2_ws/install/ros2controlcli:/home/developer/ros2_ws/install/ros2_controllers_test_nodes:/opt/ros/humble /usr/bin/cmake --build /home/developer/new_ros2_ws/build/hello_moveit -- -j16 -l16
[24.854s] Invoking command in '/home/developer/new_ros2_ws/build/hello_moveit': CMAKE_PREFIX_PATH=${CMAKE_PREFIX_PATH}:/home/developer/ws_moveit2/install/moveit_configs_utils:/home/developer/ros2_ws/install/rqt_joint_trajectory_controller:/home/developer/ros2_ws/install/rqt_controller_manager:/home/developer/ros2_ws/install/ros2controlcli:/home/developer/ros2_ws/install/ros2_controllers_test_nodes:/opt/ros/humble /usr/bin/cmake --install /home/developer/new_ros2_ws/build/hello_moveit
[24.885s] -- Install configuration: ""
[24.885s] -- Installing: /home/developer/new_ros2_ws/install/hello_moveit/lib/hello_moveit/hello_moveit
[24.886s] -- Set runtime path of "/home/developer/new_ros2_ws/install/hello_moveit/lib/hello_moveit/hello_moveit" to ""
[24.886s] -- Installing: /home/developer/new_ros2_ws/install/hello_moveit/share/ament_index/resource_index/package_run_dependencies/hello_moveit
[24.887s] -- Installing: /home/developer/new_ros2_ws/install/hello_moveit/share/ament_index/resource_index/parent_prefix_path/hello_moveit
[24.887s] -- Installing: /home/developer/new_ros2_ws/install/hello_moveit/share/hello_moveit/environment/ament_prefix_path.sh
[24.888s] -- Installing: /home/developer/new_ros2_ws/install/hello_moveit/share/hello_moveit/environment/ament_prefix_path.dsv
[24.888s] -- Installing: /home/developer/new_ros2_ws/install/hello_moveit/share/hello_moveit/environment/path.sh
[24.888s] -- Installing: /home/developer/new_ros2_ws/install/hello_moveit/share/hello_moveit/environment/path.dsv
[24.889s] -- Installing: /home/developer/new_ros2_ws/install/hello_moveit/share/hello_moveit/local_setup.bash
[24.889s] -- Installing: /home/developer/new_ros2_ws/install/hello_moveit/share/hello_moveit/local_setup.sh
[24.889s] -- Installing: /home/developer/new_ros2_ws/install/hello_moveit/share/hello_moveit/local_setup.zsh
[24.890s] -- Installing: /home/developer/new_ros2_ws/install/hello_moveit/share/hello_moveit/local_setup.dsv
[24.890s] -- Installing: /home/developer/new_ros2_ws/install/hello_moveit/share/hello_moveit/package.dsv
[24.890s] -- Installing: /home/developer/new_ros2_ws/install/hello_moveit/share/ament_index/resource_index/packages/hello_moveit
[24.891s] -- Installing: /home/developer/new_ros2_ws/install/hello_moveit/share/hello_moveit/cmake/hello_moveitConfig.cmake
[24.891s] -- Installing: /home/developer/new_ros2_ws/install/hello_moveit/share/hello_moveit/cmake/hello_moveitConfig-version.cmake
[24.891s] -- Installing: /home/developer/new_ros2_ws/install/hello_moveit/share/hello_moveit/package.xml
[24.895s] Invoked command in '/home/developer/new_ros2_ws/build/hello_moveit' returned '0': CMAKE_PREFIX_PATH=${CMAKE_PREFIX_PATH}:/home/developer/ws_moveit2/install/moveit_configs_utils:/home/developer/ros2_ws/install/rqt_joint_trajectory_controller:/home/developer/ros2_ws/install/rqt_controller_manager:/home/developer/ros2_ws/install/ros2controlcli:/home/developer/ros2_ws/install/ros2_controllers_test_nodes:/opt/ros/humble /usr/bin/cmake --install /home/developer/new_ros2_ws/build/hello_moveit
