[0.046s] Invoking command in '/home/developer/new_ros2_ws/build/mtc_tutorial': CMAKE_PREFIX_PATH=${CMAKE_PREFIX_PATH}:/home/developer/ws_moveit2/install/moveit_resources_pr2_description:/home/developer/ws_moveit2/install/moveit_resources_panda_moveit_config:/home/developer/ws_moveit2/install/moveit_resources_fanuc_moveit_config:/home/developer/ws_moveit2/install/moveit_configs_utils:/home/developer/ws_moveit2/install/moveit_common:/home/developer/ros2_ws/install/rqt_joint_trajectory_controller:/home/developer/ros2_ws/install/rqt_controller_manager:/home/developer/ros2_ws/install/ros2controlcli:/home/developer/ros2_ws/install/ros2_controllers_test_nodes:/opt/ros/humble /usr/bin/cmake --build /home/developer/new_ros2_ws/build/mtc_tutorial -- -j16 -l16
[0.225s] [35m[1mConsolidate compiler generated dependencies of target novi_mtc_node[0m
[0.289s] [ 50%] Built target mtc_node
[0.313s] [ 75%] [32mBuilding CXX object CMakeFiles/novi_mtc_node.dir/src/novi_mtc_node.cpp.o[0m
[9.947s] [01m[K/home/developer/new_ros2_ws/src/mtc_tutorial/src/novi_mtc_node.cpp:[m[K In member function ‘[01m[Kmoveit::task_constructor::Task MTCTaskNode::createTask()[m[K’:
[9.948s] [01m[K/home/developer/new_ros2_ws/src/mtc_tutorial/src/novi_mtc_node.cpp:147:81:[m[K [01;31m[Kerror: [m[K‘[01m[Kinterpolation_planner[m[K’ was not declared in this scope
[9.948s]   147 |     auto move_to_start = std::make_unique<mtc::stages::MoveTo>("move to start", [01;31m[Kinterpolation_planner[m[K);
[9.949s]       |                                                                                 [01;31m[K^~~~~~~~~~~~~~~~~~~~~[m[K
[10.091s] [01m[K/home/developer/new_ros2_ws/src/mtc_tutorial/src/novi_mtc_node.cpp:262:94:[m[K [01;31m[Kerror: [m[Kno matching function for call to ‘[01m[Kstd::vector<std::pair<std::__cxx11::basic_string<char>, std::shared_ptr<moveit::task_constructor::solvers::PlannerInterface> > >::vector(<brace-enclosed initializer list>)[m[K’
[10.091s]   262 |                                                      {hand_group_name, interpolation_planner}[01;31m[K}[m[K);
[10.091s]       |                                                                                              [01;31m[K^[m[K
[10.092s] In file included from [01m[K/usr/include/c++/11/vector:67[m[K,
[10.092s]                  from [01m[K/usr/include/c++/11/functional:62[m[K,
[10.092s]                  from [01m[K/usr/include/c++/11/pstl/glue_algorithm_defs.h:13[m[K,
[10.092s]                  from [01m[K/usr/include/c++/11/algorithm:74[m[K,
[10.092s]                  from [01m[K/opt/ros/humble/include/rclcpp/rclcpp/executor.hpp:18[m[K,
[10.092s]                  from [01m[K/opt/ros/humble/include/rclcpp/rclcpp/executors/multi_threaded_executor.hpp:25[m[K,
[10.092s]                  from [01m[K/opt/ros/humble/include/rclcpp/rclcpp/executors.hpp:21[m[K,
[10.092s]                  from [01m[K/opt/ros/humble/include/rclcpp/rclcpp/rclcpp.hpp:155[m[K,
[10.092s]                  from [01m[K/home/developer/new_ros2_ws/src/mtc_tutorial/src/novi_mtc_node.cpp:1[m[K:
[10.093s] [01m[K/usr/include/c++/11/bits/stl_vector.h:653:9:[m[K [01;36m[Knote: [m[Kcandidate: ‘[01m[Ktemplate<class _InputIterator, class> std::vector<_Tp, _Alloc>::vector(_InputIterator, _InputIterator, const allocator_type&) [with _InputIterator = _InputIterator; <template-parameter-2-2> = <template-parameter-1-2>; _Tp = std::pair<std::__cxx11::basic_string<char>, std::shared_ptr<moveit::task_constructor::solvers::PlannerInterface> >; _Alloc = std::allocator<std::pair<std::__cxx11::basic_string<char>, std::shared_ptr<moveit::task_constructor::solvers::PlannerInterface> > >][m[K’
[10.093s]   653 |         [01;36m[Kvector[m[K(_InputIterator __first, _InputIterator __last,
[10.093s]       |         [01;36m[K^~~~~~[m[K
[10.093s] [01m[K/usr/include/c++/11/bits/stl_vector.h:653:9:[m[K [01;36m[Knote: [m[K  template argument deduction/substitution failed:
[10.093s] [01m[K/home/developer/new_ros2_ws/src/mtc_tutorial/src/novi_mtc_node.cpp:262:94:[m[K [01;36m[Knote: [m[K  couldn’t deduce template parameter ‘[01m[K_InputIterator[m[K’
[10.093s]   262 |                                                      {hand_group_name, interpolation_planner}[01;36m[K}[m[K);
[10.093s]       |                                                                                              [01;36m[K^[m[K
[10.093s] In file included from [01m[K/usr/include/c++/11/vector:67[m[K,
[10.093s]                  from [01m[K/usr/include/c++/11/functional:62[m[K,
[10.093s]                  from [01m[K/usr/include/c++/11/pstl/glue_algorithm_defs.h:13[m[K,
[10.093s]                  from [01m[K/usr/include/c++/11/algorithm:74[m[K,
[10.093s]                  from [01m[K/opt/ros/humble/include/rclcpp/rclcpp/executor.hpp:18[m[K,
[10.093s]                  from [01m[K/opt/ros/humble/include/rclcpp/rclcpp/executors/multi_threaded_executor.hpp:25[m[K,
[10.094s]                  from [01m[K/opt/ros/humble/include/rclcpp/rclcpp/executors.hpp:21[m[K,
[10.094s]                  from [01m[K/opt/ros/humble/include/rclcpp/rclcpp/rclcpp.hpp:155[m[K,
[10.094s]                  from [01m[K/home/developer/new_ros2_ws/src/mtc_tutorial/src/novi_mtc_node.cpp:1[m[K:
[10.094s] [01m[K/usr/include/c++/11/bits/stl_vector.h:625:7:[m[K [01;36m[Knote: [m[Kcandidate: ‘[01m[Kstd::vector<_Tp, _Alloc>::vector(std::initializer_list<_Tp>, const allocator_type&) [with _Tp = std::pair<std::__cxx11::basic_string<char>, std::shared_ptr<moveit::task_constructor::solvers::PlannerInterface> >; _Alloc = std::allocator<std::pair<std::__cxx11::basic_string<char>, std::shared_ptr<moveit::task_constructor::solvers::PlannerInterface> > >; std::vector<_Tp, _Alloc>::allocator_type = std::allocator<std::pair<std::__cxx11::basic_string<char>, std::shared_ptr<moveit::task_constructor::solvers::PlannerInterface> > >][m[K’
[10.094s]   625 |       [01;36m[Kvector[m[K(initializer_list<value_type> __l,
[10.094s]       |       [01;36m[K^~~~~~[m[K
[10.094s] [01m[K/usr/include/c++/11/bits/stl_vector.h:625:43:[m[K [01;36m[Knote: [m[K  no known conversion for argument 1 from ‘[01m[K<brace-enclosed initializer list>[m[K’ to ‘[01m[Kstd::initializer_list<std::pair<std::__cxx11::basic_string<char>, std::shared_ptr<moveit::task_constructor::solvers::PlannerInterface> > >[m[K’
[10.094s]   625 |       vector([01;36m[Kinitializer_list<value_type> __l[m[K,
[10.094s]       |              [01;36m[K~~~~~~~~~~~~~~~~~~~~~~~~~~~~~^~~[m[K
[10.094s] [01m[K/usr/include/c++/11/bits/stl_vector.h:607:7:[m[K [01;36m[Knote: [m[Kcandidate: ‘[01m[Kstd::vector<_Tp, _Alloc>::vector(std::vector<_Tp, _Alloc>&&, const allocator_type&) [with _Tp = std::pair<std::__cxx11::basic_string<char>, std::shared_ptr<moveit::task_constructor::solvers::PlannerInterface> >; _Alloc = std::allocator<std::pair<std::__cxx11::basic_string<char>, std::shared_ptr<moveit::task_constructor::solvers::PlannerInterface> > >; std::vector<_Tp, _Alloc>::allocator_type = std::allocator<std::pair<std::__cxx11::basic_string<char>, std::shared_ptr<moveit::task_constructor::solvers::PlannerInterface> > >][m[K’
[10.094s]   607 |       [01;36m[Kvector[m[K(vector&& __rv, const allocator_type& __m)
[10.094s]       |       [01;36m[K^~~~~~[m[K
[10.094s] [01m[K/usr/include/c++/11/bits/stl_vector.h:607:23:[m[K [01;36m[Knote: [m[K  no known conversion for argument 1 from ‘[01m[K<brace-enclosed initializer list>[m[K’ to ‘[01m[Kstd::vector<std::pair<std::__cxx11::basic_string<char>, std::shared_ptr<moveit::task_constructor::solvers::PlannerInterface> > >&&[m[K’
[10.095s]   607 |       vector([01;36m[Kvector&& __rv[m[K, const allocator_type& __m)
[10.095s]       |              [01;36m[K~~~~~~~~~^~~~[m[K
[10.095s] [01m[K/usr/include/c++/11/bits/stl_vector.h:589:7:[m[K [01;36m[Knote: [m[Kcandidate: ‘[01m[Kstd::vector<_Tp, _Alloc>::vector(std::vector<_Tp, _Alloc>&&, const allocator_type&, std::false_type) [with _Tp = std::pair<std::__cxx11::basic_string<char>, std::shared_ptr<moveit::task_constructor::solvers::PlannerInterface> >; _Alloc = std::allocator<std::pair<std::__cxx11::basic_string<char>, std::shared_ptr<moveit::task_constructor::solvers::PlannerInterface> > >; std::vector<_Tp, _Alloc>::allocator_type = std::allocator<std::pair<std::__cxx11::basic_string<char>, std::shared_ptr<moveit::task_constructor::solvers::PlannerInterface> > >; std::false_type = std::integral_constant<bool, false>][m[K’
[10.095s]   589 |       [01;36m[Kvector[m[K(vector&& __rv, const allocator_type& __m, false_type)
[10.095s]       |       [01;36m[K^~~~~~[m[K
[10.095s] [01m[K/usr/include/c++/11/bits/stl_vector.h:589:7:[m[K [01;36m[Knote: [m[K  candidate expects 3 arguments, 2 provided
[10.095s] [01m[K/usr/include/c++/11/bits/stl_vector.h:585:7:[m[K [01;36m[Knote: [m[Kcandidate: ‘[01m[Kstd::vector<_Tp, _Alloc>::vector(std::vector<_Tp, _Alloc>&&, const allocator_type&, std::true_type) [with _Tp = std::pair<std::__cxx11::basic_string<char>, std::shared_ptr<moveit::task_constructor::solvers::PlannerInterface> >; _Alloc = std::allocator<std::pair<std::__cxx11::basic_string<char>, std::shared_ptr<moveit::task_constructor::solvers::PlannerInterface> > >; std::vector<_Tp, _Alloc>::allocator_type = std::allocator<std::pair<std::__cxx11::basic_string<char>, std::shared_ptr<moveit::task_constructor::solvers::PlannerInterface> > >; std::true_type = std::integral_constant<bool, true>][m[K’
[10.095s]   585 |       [01;36m[Kvector[m[K(vector&& __rv, const allocator_type& __m, true_type) noexcept
[10.095s]       |       [01;36m[K^~~~~~[m[K
[10.095s] [01m[K/usr/include/c++/11/bits/stl_vector.h:585:7:[m[K [01;36m[Knote: [m[K  candidate expects 3 arguments, 2 provided
[10.095s] [01m[K/usr/include/c++/11/bits/stl_vector.h:575:7:[m[K [01;36m[Knote: [m[Kcandidate: ‘[01m[Kstd::vector<_Tp, _Alloc>::vector(const std::vector<_Tp, _Alloc>&, const allocator_type&) [with _Tp = std::pair<std::__cxx11::basic_string<char>, std::shared_ptr<moveit::task_constructor::solvers::PlannerInterface> >; _Alloc = std::allocator<std::pair<std::__cxx11::basic_string<char>, std::shared_ptr<moveit::task_constructor::solvers::PlannerInterface> > >; std::vector<_Tp, _Alloc>::allocator_type = std::allocator<std::pair<std::__cxx11::basic_string<char>, std::shared_ptr<moveit::task_constructor::solvers::PlannerInterface> > >][m[K’
[10.095s]   575 |       [01;36m[Kvector[m[K(const vector& __x, const allocator_type& __a)
[10.095s]       |       [01;36m[K^~~~~~[m[K
[10.095s] [01m[K/usr/include/c++/11/bits/stl_vector.h:575:28:[m[K [01;36m[Knote: [m[K  no known conversion for argument 1 from ‘[01m[K<brace-enclosed initializer list>[m[K’ to ‘[01m[Kconst std::vector<std::pair<std::__cxx11::basic_string<char>, std::shared_ptr<moveit::task_constructor::solvers::PlannerInterface> > >&[m[K’
[10.095s]   575 |       vector([01;36m[Kconst vector& __x[m[K, const allocator_type& __a)
[10.095s]       |              [01;36m[K~~~~~~~~~~~~~~^~~[m[K
[10.095s] [01m[K/usr/include/c++/11/bits/stl_vector.h:572:7:[m[K [01;36m[Knote: [m[Kcandidate: ‘[01m[Kstd::vector<_Tp, _Alloc>::vector(std::vector<_Tp, _Alloc>&&) [with _Tp = std::pair<std::__cxx11::basic_string<char>, std::shared_ptr<moveit::task_constructor::solvers::PlannerInterface> >; _Alloc = std::allocator<std::pair<std::__cxx11::basic_string<char>, std::shared_ptr<moveit::task_constructor::solvers::PlannerInterface> > >][m[K’
[10.095s]   572 |       [01;36m[Kvector[m[K(vector&&) noexcept = default;
[10.095s]       |       [01;36m[K^~~~~~[m[K
[10.096s] [01m[K/usr/include/c++/11/bits/stl_vector.h:572:7:[m[K [01;36m[Knote: [m[K  candidate expects 1 argument, 2 provided
[10.096s] [01m[K/usr/include/c++/11/bits/stl_vector.h:553:7:[m[K [01;36m[Knote: [m[Kcandidate: ‘[01m[Kstd::vector<_Tp, _Alloc>::vector(const std::vector<_Tp, _Alloc>&) [with _Tp = std::pair<std::__cxx11::basic_string<char>, std::shared_ptr<moveit::task_constructor::solvers::PlannerInterface> >; _Alloc = std::allocator<std::pair<std::__cxx11::basic_string<char>, std::shared_ptr<moveit::task_constructor::solvers::PlannerInterface> > >][m[K’
[10.096s]   553 |       [01;36m[Kvector[m[K(const vector& __x)
[10.096s]       |       [01;36m[K^~~~~~[m[K
[10.096s] [01m[K/usr/include/c++/11/bits/stl_vector.h:553:7:[m[K [01;36m[Knote: [m[K  candidate expects 1 argument, 2 provided
[10.096s] [01m[K/usr/include/c++/11/bits/stl_vector.h:522:7:[m[K [01;36m[Knote: [m[Kcandidate: ‘[01m[Kstd::vector<_Tp, _Alloc>::vector(std::vector<_Tp, _Alloc>::size_type, const value_type&, const allocator_type&) [with _Tp = std::pair<std::__cxx11::basic_string<char>, std::shared_ptr<moveit::task_constructor::solvers::PlannerInterface> >; _Alloc = std::allocator<std::pair<std::__cxx11::basic_string<char>, std::shared_ptr<moveit::task_constructor::solvers::PlannerInterface> > >; std::vector<_Tp, _Alloc>::size_type = long unsigned int; std::vector<_Tp, _Alloc>::value_type = std::pair<std::__cxx11::basic_string<char>, std::shared_ptr<moveit::task_constructor::solvers::PlannerInterface> >; std::vector<_Tp, _Alloc>::allocator_type = std::allocator<std::pair<std::__cxx11::basic_string<char>, std::shared_ptr<moveit::task_constructor::solvers::PlannerInterface> > >][m[K’
[10.096s]   522 |       [01;36m[Kvector[m[K(size_type __n, const value_type& __value,
[10.096s]       |       [01;36m[K^~~~~~[m[K
[10.096s] [01m[K/usr/include/c++/11/bits/stl_vector.h:522:24:[m[K [01;36m[Knote: [m[K  no known conversion for argument 1 from ‘[01m[K<brace-enclosed initializer list>[m[K’ to ‘[01m[Kstd::vector<std::pair<std::__cxx11::basic_string<char>, std::shared_ptr<moveit::task_constructor::solvers::PlannerInterface> > >::size_type[m[K’ {aka ‘[01m[Klong unsigned int[m[K’}
[10.096s]   522 |       vector([01;36m[Ksize_type __n[m[K, const value_type& __value,
[10.096s]       |              [01;36m[K~~~~~~~~~~^~~[m[K
[10.096s] [01m[K/usr/include/c++/11/bits/stl_vector.h:510:7:[m[K [01;36m[Knote: [m[Kcandidate: ‘[01m[Kstd::vector<_Tp, _Alloc>::vector(std::vector<_Tp, _Alloc>::size_type, const allocator_type&) [with _Tp = std::pair<std::__cxx11::basic_string<char>, std::shared_ptr<moveit::task_constructor::solvers::PlannerInterface> >; _Alloc = std::allocator<std::pair<std::__cxx11::basic_string<char>, std::shared_ptr<moveit::task_constructor::solvers::PlannerInterface> > >; std::vector<_Tp, _Alloc>::size_type = long unsigned int; std::vector<_Tp, _Alloc>::allocator_type = std::allocator<std::pair<std::__cxx11::basic_string<char>, std::shared_ptr<moveit::task_constructor::solvers::PlannerInterface> > >][m[K’
[10.096s]   510 |       [01;36m[Kvector[m[K(size_type __n, const allocator_type& __a = allocator_type())
[10.096s]       |       [01;36m[K^~~~~~[m[K
[10.096s] [01m[K/usr/include/c++/11/bits/stl_vector.h:510:24:[m[K [01;36m[Knote: [m[K  no known conversion for argument 1 from ‘[01m[K<brace-enclosed initializer list>[m[K’ to ‘[01m[Kstd::vector<std::pair<std::__cxx11::basic_string<char>, std::shared_ptr<moveit::task_constructor::solvers::PlannerInterface> > >::size_type[m[K’ {aka ‘[01m[Klong unsigned int[m[K’}
[10.096s]   510 |       vector([01;36m[Ksize_type __n[m[K, const allocator_type& __a = allocator_type())
[10.096s]       |              [01;36m[K~~~~~~~~~~^~~[m[K
[10.096s] [01m[K/usr/include/c++/11/bits/stl_vector.h:497:7:[m[K [01;36m[Knote: [m[Kcandidate: ‘[01m[Kstd::vector<_Tp, _Alloc>::vector(const allocator_type&) [with _Tp = std::pair<std::__cxx11::basic_string<char>, std::shared_ptr<moveit::task_constructor::solvers::PlannerInterface> >; _Alloc = std::allocator<std::pair<std::__cxx11::basic_string<char>, std::shared_ptr<moveit::task_constructor::solvers::PlannerInterface> > >; std::vector<_Tp, _Alloc>::allocator_type = std::allocator<std::pair<std::__cxx11::basic_string<char>, std::shared_ptr<moveit::task_constructor::solvers::PlannerInterface> > >][m[K’
[10.096s]   497 |       [01;36m[Kvector[m[K(const allocator_type& __a) _GLIBCXX_NOEXCEPT
[10.097s]       |       [01;36m[K^~~~~~[m[K
[10.097s] [01m[K/usr/include/c++/11/bits/stl_vector.h:497:7:[m[K [01;36m[Knote: [m[K  candidate expects 1 argument, 2 provided
[10.097s] [01m[K/usr/include/c++/11/bits/stl_vector.h:487:7:[m[K [01;36m[Knote: [m[Kcandidate: ‘[01m[Kstd::vector<_Tp, _Alloc>::vector() [with _Tp = std::pair<std::__cxx11::basic_string<char>, std::shared_ptr<moveit::task_constructor::solvers::PlannerInterface> >; _Alloc = std::allocator<std::pair<std::__cxx11::basic_string<char>, std::shared_ptr<moveit::task_constructor::solvers::PlannerInterface> > >][m[K’
[10.097s]   487 |       [01;36m[Kvector[m[K() = default;
[10.097s]       |       [01;36m[K^~~~~~[m[K
[10.097s] [01m[K/usr/include/c++/11/bits/stl_vector.h:487:7:[m[K [01;36m[Knote: [m[K  candidate expects 0 arguments, 2 provided
[16.219s] gmake[2]: *** [CMakeFiles/novi_mtc_node.dir/build.make:76: CMakeFiles/novi_mtc_node.dir/src/novi_mtc_node.cpp.o] Error 1
[16.219s] gmake[1]: *** [CMakeFiles/Makefile2:165: CMakeFiles/novi_mtc_node.dir/all] Error 2
[16.220s] gmake: *** [Makefile:146: all] Error 2
[16.223s] Invoked command in '/home/developer/new_ros2_ws/build/mtc_tutorial' returned '2': CMAKE_PREFIX_PATH=${CMAKE_PREFIX_PATH}:/home/developer/ws_moveit2/install/moveit_resources_pr2_description:/home/developer/ws_moveit2/install/moveit_resources_panda_moveit_config:/home/developer/ws_moveit2/install/moveit_resources_fanuc_moveit_config:/home/developer/ws_moveit2/install/moveit_configs_utils:/home/developer/ws_moveit2/install/moveit_common:/home/developer/ros2_ws/install/rqt_joint_trajectory_controller:/home/developer/ros2_ws/install/rqt_controller_manager:/home/developer/ros2_ws/install/ros2controlcli:/home/developer/ros2_ws/install/ros2_controllers_test_nodes:/opt/ros/humble /usr/bin/cmake --build /home/developer/new_ros2_ws/build/mtc_tutorial -- -j16 -l16
