[0.047s] Invoking command in '/home/developer/new_ros2_ws/build/mtc_tutorial': CMAKE_PREFIX_PATH=${CMAKE_PREFIX_PATH}:/home/developer/ws_moveit2/install/moveit_configs_utils:/home/developer/ros2_ws/install/rqt_joint_trajectory_controller:/home/developer/ros2_ws/install/rqt_controller_manager:/home/developer/ros2_ws/install/ros2controlcli:/home/developer/ros2_ws/install/ros2_controllers_test_nodes:/opt/ros/humble /usr/bin/cmake --build /home/developer/new_ros2_ws/build/mtc_tutorial -- -j16 -l16
[0.236s] [35m[1mConsolidate compiler generated dependencies of target mtc_node[0m
[0.324s] [ 50%] [32mBuilding CXX object CMakeFiles/mtc_node.dir/src/mtc_node.cpp.o[0m
[12.158s] [100%] [32m[1mLinking CXX executable mtc_node[0m
[12.568s] [100%] Built target mtc_node
[12.602s] Invoked command in '/home/developer/new_ros2_ws/build/mtc_tutorial' returned '0': CMAKE_PREFIX_PATH=${CMAKE_PREFIX_PATH}:/home/developer/ws_moveit2/install/moveit_configs_utils:/home/developer/ros2_ws/install/rqt_joint_trajectory_controller:/home/developer/ros2_ws/install/rqt_controller_manager:/home/developer/ros2_ws/install/ros2controlcli:/home/developer/ros2_ws/install/ros2_controllers_test_nodes:/opt/ros/humble /usr/bin/cmake --build /home/developer/new_ros2_ws/build/mtc_tutorial -- -j16 -l16
[12.604s] Invoking command in '/home/developer/new_ros2_ws/build/mtc_tutorial': CMAKE_PREFIX_PATH=${CMAKE_PREFIX_PATH}:/home/developer/ws_moveit2/install/moveit_configs_utils:/home/developer/ros2_ws/install/rqt_joint_trajectory_controller:/home/developer/ros2_ws/install/rqt_controller_manager:/home/developer/ros2_ws/install/ros2controlcli:/home/developer/ros2_ws/install/ros2_controllers_test_nodes:/opt/ros/humble /usr/bin/cmake --install /home/developer/new_ros2_ws/build/mtc_tutorial
[12.635s] -- Install configuration: "Release"
[12.635s] -- Execute custom install script
[12.635s] -- Up-to-date symlink: /home/developer/new_ros2_ws/install/mtc_tutorial/lib/mtc_tutorial/mtc_node
[12.636s] -- Up-to-date symlink: /home/developer/new_ros2_ws/install/mtc_tutorial/share/mtc_tutorial/launch/mtc_gazebo.launch.py
[12.636s] -- Up-to-date symlink: /home/developer/new_ros2_ws/install/mtc_tutorial/share/mtc_tutorial/launch/panda.launch.py
[12.636s] -- Up-to-date symlink: /home/developer/new_ros2_ws/install/mtc_tutorial/share/mtc_tutorial/launch/pick_and_place_baxter.launch.py
[12.636s] -- Up-to-date symlink: /home/developer/new_ros2_ws/install/mtc_tutorial/share/mtc_tutorial/launch/pick_place_demo.launch.py
[12.636s] -- Up-to-date symlink: /home/developer/new_ros2_ws/install/mtc_tutorial/share/ament_index/resource_index/package_run_dependencies/mtc_tutorial
[12.637s] -- Up-to-date symlink: /home/developer/new_ros2_ws/install/mtc_tutorial/share/ament_index/resource_index/parent_prefix_path/mtc_tutorial
[12.637s] -- Up-to-date symlink: /home/developer/new_ros2_ws/install/mtc_tutorial/share/mtc_tutorial/environment/ament_prefix_path.sh
[12.637s] -- Up-to-date symlink: /home/developer/new_ros2_ws/install/mtc_tutorial/share/mtc_tutorial/environment/ament_prefix_path.dsv
[12.637s] -- Up-to-date symlink: /home/developer/new_ros2_ws/install/mtc_tutorial/share/mtc_tutorial/environment/path.sh
[12.637s] -- Up-to-date symlink: /home/developer/new_ros2_ws/install/mtc_tutorial/share/mtc_tutorial/environment/path.dsv
[12.637s] -- Up-to-date symlink: /home/developer/new_ros2_ws/install/mtc_tutorial/share/mtc_tutorial/local_setup.bash
[12.638s] -- Up-to-date symlink: /home/developer/new_ros2_ws/install/mtc_tutorial/share/mtc_tutorial/local_setup.sh
[12.638s] -- Up-to-date symlink: /home/developer/new_ros2_ws/install/mtc_tutorial/share/mtc_tutorial/local_setup.zsh
[12.638s] -- Up-to-date symlink: /home/developer/new_ros2_ws/install/mtc_tutorial/share/mtc_tutorial/local_setup.dsv
[12.638s] -- Symlinking: /home/developer/new_ros2_ws/install/mtc_tutorial/share/mtc_tutorial/package.dsv
[12.664s] -- Up-to-date symlink: /home/developer/new_ros2_ws/install/mtc_tutorial/share/ament_index/resource_index/packages/mtc_tutorial
[12.664s] -- Up-to-date symlink: /home/developer/new_ros2_ws/install/mtc_tutorial/share/mtc_tutorial/cmake/mtc_tutorialConfig.cmake
[12.664s] -- Up-to-date symlink: /home/developer/new_ros2_ws/install/mtc_tutorial/share/mtc_tutorial/cmake/mtc_tutorialConfig-version.cmake
[12.664s] -- Up-to-date symlink: /home/developer/new_ros2_ws/install/mtc_tutorial/share/mtc_tutorial/package.xml
[12.666s] Invoked command in '/home/developer/new_ros2_ws/build/mtc_tutorial' returned '0': CMAKE_PREFIX_PATH=${CMAKE_PREFIX_PATH}:/home/developer/ws_moveit2/install/moveit_configs_utils:/home/developer/ros2_ws/install/rqt_joint_trajectory_controller:/home/developer/ros2_ws/install/rqt_controller_manager:/home/developer/ros2_ws/install/ros2controlcli:/home/developer/ros2_ws/install/ros2_controllers_test_nodes:/opt/ros/humble /usr/bin/cmake --install /home/developer/new_ros2_ws/build/mtc_tutorial
