[0.049s] Invoking command in '/home/developer/new_ros2_ws/build/mtc_tutorial': CMAKE_PREFIX_PATH=${CMAKE_PREFIX_PATH}:/home/developer/ws_moveit2/install/moveit_resources_pr2_description:/home/developer/ws_moveit2/install/moveit_resources_panda_moveit_config:/home/developer/ws_moveit2/install/moveit_resources_fanuc_moveit_config:/home/developer/ws_moveit2/install/moveit_configs_utils:/home/developer/ws_moveit2/install/moveit_common:/home/developer/ros2_ws/install/rqt_joint_trajectory_controller:/home/developer/ros2_ws/install/rqt_controller_manager:/home/developer/ros2_ws/install/ros2controlcli:/home/developer/ros2_ws/install/ros2_controllers_test_nodes:/opt/ros/humble /usr/bin/cmake --build /home/developer/new_ros2_ws/build/mtc_tutorial -- -j16 -l16
[0.259s] [100%] Built target novi_mtc_node
[0.260s] [100%] Built target mtc_node
[0.310s] Invoked command in '/home/developer/new_ros2_ws/build/mtc_tutorial' returned '0': CMAKE_PREFIX_PATH=${CMAKE_PREFIX_PATH}:/home/developer/ws_moveit2/install/moveit_resources_pr2_description:/home/developer/ws_moveit2/install/moveit_resources_panda_moveit_config:/home/developer/ws_moveit2/install/moveit_resources_fanuc_moveit_config:/home/developer/ws_moveit2/install/moveit_configs_utils:/home/developer/ws_moveit2/install/moveit_common:/home/developer/ros2_ws/install/rqt_joint_trajectory_controller:/home/developer/ros2_ws/install/rqt_controller_manager:/home/developer/ros2_ws/install/ros2controlcli:/home/developer/ros2_ws/install/ros2_controllers_test_nodes:/opt/ros/humble /usr/bin/cmake --build /home/developer/new_ros2_ws/build/mtc_tutorial -- -j16 -l16
[0.311s] Invoking command in '/home/developer/new_ros2_ws/build/mtc_tutorial': CMAKE_PREFIX_PATH=${CMAKE_PREFIX_PATH}:/home/developer/ws_moveit2/install/moveit_resources_pr2_description:/home/developer/ws_moveit2/install/moveit_resources_panda_moveit_config:/home/developer/ws_moveit2/install/moveit_resources_fanuc_moveit_config:/home/developer/ws_moveit2/install/moveit_configs_utils:/home/developer/ws_moveit2/install/moveit_common:/home/developer/ros2_ws/install/rqt_joint_trajectory_controller:/home/developer/ros2_ws/install/rqt_controller_manager:/home/developer/ros2_ws/install/ros2controlcli:/home/developer/ros2_ws/install/ros2_controllers_test_nodes:/opt/ros/humble /usr/bin/cmake --install /home/developer/new_ros2_ws/build/mtc_tutorial
[0.332s] -- Install configuration: "Release"
[0.332s] -- Execute custom install script
[0.332s] -- Up-to-date symlink: /home/developer/new_ros2_ws/install/mtc_tutorial/lib/mtc_tutorial/novi_mtc_node
[0.332s] -- Up-to-date symlink: /home/developer/new_ros2_ws/install/mtc_tutorial/lib/mtc_tutorial/mtc_node
[0.333s] -- Up-to-date symlink: /home/developer/new_ros2_ws/install/mtc_tutorial/share/mtc_tutorial/launch/demo_pick.launch.py
[0.333s] -- Up-to-date symlink: /home/developer/new_ros2_ws/install/mtc_tutorial/share/mtc_tutorial/launch/mtc_gazebo.launch.py
[0.333s] -- Up-to-date symlink: /home/developer/new_ros2_ws/install/mtc_tutorial/share/mtc_tutorial/launch/panda.launch.py
[0.333s] -- Up-to-date symlink: /home/developer/new_ros2_ws/install/mtc_tutorial/share/mtc_tutorial/launch/pick_and_place_baxter.launch.py
[0.333s] -- Up-to-date symlink: /home/developer/new_ros2_ws/install/mtc_tutorial/share/mtc_tutorial/launch/pick_place_demo.launch.py
[0.334s] -- Up-to-date symlink: /home/developer/new_ros2_ws/install/mtc_tutorial/share/ament_index/resource_index/package_run_dependencies/mtc_tutorial
[0.334s] -- Up-to-date symlink: /home/developer/new_ros2_ws/install/mtc_tutorial/share/ament_index/resource_index/parent_prefix_path/mtc_tutorial
[0.334s] -- Up-to-date symlink: /home/developer/new_ros2_ws/install/mtc_tutorial/share/mtc_tutorial/environment/ament_prefix_path.sh
[0.334s] -- Up-to-date symlink: /home/developer/new_ros2_ws/install/mtc_tutorial/share/mtc_tutorial/environment/ament_prefix_path.dsv
[0.334s] -- Up-to-date symlink: /home/developer/new_ros2_ws/install/mtc_tutorial/share/mtc_tutorial/environment/path.sh
[0.334s] -- Up-to-date symlink: /home/developer/new_ros2_ws/install/mtc_tutorial/share/mtc_tutorial/environment/path.dsv
[0.335s] -- Up-to-date symlink: /home/developer/new_ros2_ws/install/mtc_tutorial/share/mtc_tutorial/local_setup.bash
[0.335s] -- Up-to-date symlink: /home/developer/new_ros2_ws/install/mtc_tutorial/share/mtc_tutorial/local_setup.sh
[0.335s] -- Up-to-date symlink: /home/developer/new_ros2_ws/install/mtc_tutorial/share/mtc_tutorial/local_setup.zsh
[0.335s] -- Up-to-date symlink: /home/developer/new_ros2_ws/install/mtc_tutorial/share/mtc_tutorial/local_setup.dsv
[0.335s] -- Symlinking: /home/developer/new_ros2_ws/install/mtc_tutorial/share/mtc_tutorial/package.dsv
[0.359s] -- Up-to-date symlink: /home/developer/new_ros2_ws/install/mtc_tutorial/share/ament_index/resource_index/packages/mtc_tutorial
[0.359s] -- Up-to-date symlink: /home/developer/new_ros2_ws/install/mtc_tutorial/share/mtc_tutorial/cmake/mtc_tutorialConfig.cmake
[0.359s] -- Up-to-date symlink: /home/developer/new_ros2_ws/install/mtc_tutorial/share/mtc_tutorial/cmake/mtc_tutorialConfig-version.cmake
[0.359s] -- Up-to-date symlink: /home/developer/new_ros2_ws/install/mtc_tutorial/share/mtc_tutorial/package.xml
[0.381s] Invoked command in '/home/developer/new_ros2_ws/build/mtc_tutorial' returned '0': CMAKE_PREFIX_PATH=${CMAKE_PREFIX_PATH}:/home/developer/ws_moveit2/install/moveit_resources_pr2_description:/home/developer/ws_moveit2/install/moveit_resources_panda_moveit_config:/home/developer/ws_moveit2/install/moveit_resources_fanuc_moveit_config:/home/developer/ws_moveit2/install/moveit_configs_utils:/home/developer/ws_moveit2/install/moveit_common:/home/developer/ros2_ws/install/rqt_joint_trajectory_controller:/home/developer/ros2_ws/install/rqt_controller_manager:/home/developer/ros2_ws/install/ros2controlcli:/home/developer/ros2_ws/install/ros2_controllers_test_nodes:/opt/ros/humble /usr/bin/cmake --install /home/developer/new_ros2_ws/build/mtc_tutorial
