[0.153s] DEBUG:colcon:Command line arguments: ['/usr/bin/colcon', 'build', '--cmake-args', '-DCMAKE_BUILD_TYPE=Release', '--symlink-install']
[0.153s] DEBUG:colcon:Parsed command line arguments: Namespace(log_base=None, log_level=None, verb_name='build', build_base='build', install_base='install', merge_install=False, symlink_install=True, test_result_base=None, continue_on_error=False, executor='parallel', parallel_workers=16, event_handlers=None, ignore_user_meta=False, metas=['./colcon.meta'], base_paths=['.'], packages_ignore=None, packages_ignore_regex=None, paths=None, packages_up_to=None, packages_up_to_regex=None, packages_above=None, packages_above_and_dependencies=None, packages_above_depth=None, packages_select_by_dep=None, packages_skip_by_dep=None, packages_skip_up_to=None, packages_select_build_failed=False, packages_skip_build_finished=False, packages_select_test_failures=False, packages_skip_test_passed=False, packages_select=None, packages_skip=None, packages_select_regex=None, packages_skip_regex=None, packages_start=None, packages_end=None, allow_overriding=[], cmake_args=['-DCMAKE_BUILD_TYPE=Release'], cmake_target=None, cmake_target_skip_unavailable=False, cmake_clean_cache=False, cmake_clean_first=False, cmake_force_configure=False, ament_cmake_args=None, catkin_cmake_args=None, catkin_skip_building_tests=False, mixin_files=None, mixin=None, verb_parser=<colcon_mixin.mixin.mixin_argument.MixinArgumentDecorator object at 0x72a012eac640>, verb_extension=<colcon_core.verb.build.BuildVerb object at 0x72a012e87b50>, main=<bound method BuildVerb.main of <colcon_core.verb.build.BuildVerb object at 0x72a012e87b50>>, mixin_verb=('build',))
[0.372s] Level 1:colcon.colcon_core.package_discovery:discover_packages(colcon_meta) check parameters
[0.372s] Level 1:colcon.colcon_core.package_discovery:discover_packages(recursive) check parameters
[0.372s] Level 1:colcon.colcon_core.package_discovery:discover_packages(ignore) check parameters
[0.372s] Level 1:colcon.colcon_core.package_discovery:discover_packages(path) check parameters
[0.372s] Level 1:colcon.colcon_core.package_discovery:discover_packages(colcon_meta) discover
[0.372s] Level 1:colcon.colcon_core.package_discovery:discover_packages(recursive) discover
[0.372s] INFO:colcon.colcon_core.package_discovery:Crawling recursively for packages in '/home/developer/new_ros2_ws'
[0.372s] Level 1:colcon.colcon_core.package_identification:_identify(.) by extensions ['ignore', 'ignore_ament_install']
[0.373s] Level 1:colcon.colcon_core.package_identification:_identify(.) by extension 'ignore'
[0.373s] Level 1:colcon.colcon_core.package_identification:_identify(.) by extension 'ignore_ament_install'
[0.373s] Level 1:colcon.colcon_core.package_identification:_identify(.) by extensions ['colcon_pkg']
[0.373s] Level 1:colcon.colcon_core.package_identification:_identify(.) by extension 'colcon_pkg'
[0.373s] Level 1:colcon.colcon_core.package_identification:_identify(.) by extensions ['colcon_meta']
[0.373s] Level 1:colcon.colcon_core.package_identification:_identify(.) by extension 'colcon_meta'
[0.373s] Level 1:colcon.colcon_core.package_identification:_identify(.) by extensions ['ros']
[0.373s] Level 1:colcon.colcon_core.package_identification:_identify(.) by extension 'ros'
[0.385s] Level 1:colcon.colcon_core.package_identification:_identify(.) by extensions ['cmake', 'python']
[0.385s] Level 1:colcon.colcon_core.package_identification:_identify(.) by extension 'cmake'
[0.385s] Level 1:colcon.colcon_core.package_identification:_identify(.) by extension 'python'
[0.385s] Level 1:colcon.colcon_core.package_identification:_identify(.) by extensions ['python_setup_py']
[0.385s] Level 1:colcon.colcon_core.package_identification:_identify(.) by extension 'python_setup_py'
[0.385s] Level 1:colcon.colcon_core.package_identification:_identify(build) by extensions ['ignore', 'ignore_ament_install']
[0.385s] Level 1:colcon.colcon_core.package_identification:_identify(build) by extension 'ignore'
[0.385s] Level 1:colcon.colcon_core.package_identification:_identify(build) ignored
[0.386s] Level 1:colcon.colcon_core.package_identification:_identify(install) by extensions ['ignore', 'ignore_ament_install']
[0.386s] Level 1:colcon.colcon_core.package_identification:_identify(install) by extension 'ignore'
[0.386s] Level 1:colcon.colcon_core.package_identification:_identify(install) ignored
[0.386s] Level 1:colcon.colcon_core.package_identification:_identify(log) by extensions ['ignore', 'ignore_ament_install']
[0.386s] Level 1:colcon.colcon_core.package_identification:_identify(log) by extension 'ignore'
[0.386s] Level 1:colcon.colcon_core.package_identification:_identify(log) ignored
[0.386s] Level 1:colcon.colcon_core.package_identification:_identify(src) by extensions ['ignore', 'ignore_ament_install']
[0.386s] Level 1:colcon.colcon_core.package_identification:_identify(src) by extension 'ignore'
[0.386s] Level 1:colcon.colcon_core.package_identification:_identify(src) by extension 'ignore_ament_install'
[0.386s] Level 1:colcon.colcon_core.package_identification:_identify(src) by extensions ['colcon_pkg']
[0.386s] Level 1:colcon.colcon_core.package_identification:_identify(src) by extension 'colcon_pkg'
[0.386s] Level 1:colcon.colcon_core.package_identification:_identify(src) by extensions ['colcon_meta']
[0.386s] Level 1:colcon.colcon_core.package_identification:_identify(src) by extension 'colcon_meta'
[0.386s] Level 1:colcon.colcon_core.package_identification:_identify(src) by extensions ['ros']
[0.386s] Level 1:colcon.colcon_core.package_identification:_identify(src) by extension 'ros'
[0.386s] Level 1:colcon.colcon_core.package_identification:_identify(src) by extensions ['cmake', 'python']
[0.386s] Level 1:colcon.colcon_core.package_identification:_identify(src) by extension 'cmake'
[0.386s] Level 1:colcon.colcon_core.package_identification:_identify(src) by extension 'python'
[0.386s] Level 1:colcon.colcon_core.package_identification:_identify(src) by extensions ['python_setup_py']
[0.386s] Level 1:colcon.colcon_core.package_identification:_identify(src) by extension 'python_setup_py'
[0.387s] Level 1:colcon.colcon_core.package_identification:_identify(src/baxter_mtc) by extensions ['ignore', 'ignore_ament_install']
[0.387s] Level 1:colcon.colcon_core.package_identification:_identify(src/baxter_mtc) by extension 'ignore'
[0.387s] Level 1:colcon.colcon_core.package_identification:_identify(src/baxter_mtc) by extension 'ignore_ament_install'
[0.387s] Level 1:colcon.colcon_core.package_identification:_identify(src/baxter_mtc) by extensions ['colcon_pkg']
[0.387s] Level 1:colcon.colcon_core.package_identification:_identify(src/baxter_mtc) by extension 'colcon_pkg'
[0.387s] Level 1:colcon.colcon_core.package_identification:_identify(src/baxter_mtc) by extensions ['colcon_meta']
[0.387s] Level 1:colcon.colcon_core.package_identification:_identify(src/baxter_mtc) by extension 'colcon_meta'
[0.387s] Level 1:colcon.colcon_core.package_identification:_identify(src/baxter_mtc) by extensions ['ros']
[0.387s] Level 1:colcon.colcon_core.package_identification:_identify(src/baxter_mtc) by extension 'ros'
[0.391s] DEBUG:colcon.colcon_core.package_identification:Package 'src/baxter_mtc' with type 'ros.ament_cmake' and name 'baxter_mtc'
[0.391s] Level 1:colcon.colcon_core.package_identification:_identify(src/hello_moveit) by extensions ['ignore', 'ignore_ament_install']
[0.391s] Level 1:colcon.colcon_core.package_identification:_identify(src/hello_moveit) by extension 'ignore'
[0.391s] Level 1:colcon.colcon_core.package_identification:_identify(src/hello_moveit) by extension 'ignore_ament_install'
[0.391s] Level 1:colcon.colcon_core.package_identification:_identify(src/hello_moveit) by extensions ['colcon_pkg']
[0.391s] Level 1:colcon.colcon_core.package_identification:_identify(src/hello_moveit) by extension 'colcon_pkg'
[0.391s] Level 1:colcon.colcon_core.package_identification:_identify(src/hello_moveit) by extensions ['colcon_meta']
[0.391s] Level 1:colcon.colcon_core.package_identification:_identify(src/hello_moveit) by extension 'colcon_meta'
[0.391s] Level 1:colcon.colcon_core.package_identification:_identify(src/hello_moveit) by extensions ['ros']
[0.391s] Level 1:colcon.colcon_core.package_identification:_identify(src/hello_moveit) by extension 'ros'
[0.392s] DEBUG:colcon.colcon_core.package_identification:Package 'src/hello_moveit' with type 'ros.ament_cmake' and name 'hello_moveit'
[0.392s] Level 1:colcon.colcon_core.package_identification:_identify(src/mtc_tutorial) by extensions ['ignore', 'ignore_ament_install']
[0.392s] Level 1:colcon.colcon_core.package_identification:_identify(src/mtc_tutorial) by extension 'ignore'
[0.392s] Level 1:colcon.colcon_core.package_identification:_identify(src/mtc_tutorial) by extension 'ignore_ament_install'
[0.392s] Level 1:colcon.colcon_core.package_identification:_identify(src/mtc_tutorial) by extensions ['colcon_pkg']
[0.392s] Level 1:colcon.colcon_core.package_identification:_identify(src/mtc_tutorial) by extension 'colcon_pkg'
[0.392s] Level 1:colcon.colcon_core.package_identification:_identify(src/mtc_tutorial) by extensions ['colcon_meta']
[0.392s] Level 1:colcon.colcon_core.package_identification:_identify(src/mtc_tutorial) by extension 'colcon_meta'
[0.392s] Level 1:colcon.colcon_core.package_identification:_identify(src/mtc_tutorial) by extensions ['ros']
[0.392s] Level 1:colcon.colcon_core.package_identification:_identify(src/mtc_tutorial) by extension 'ros'
[0.393s] DEBUG:colcon.colcon_core.package_identification:Package 'src/mtc_tutorial' with type 'ros.ament_cmake' and name 'mtc_tutorial'
[0.393s] Level 1:colcon.colcon_core.package_discovery:discover_packages(recursive) using defaults
[0.393s] Level 1:colcon.colcon_core.package_discovery:discover_packages(ignore) discover
[0.393s] Level 1:colcon.colcon_core.package_discovery:discover_packages(ignore) using defaults
[0.393s] Level 1:colcon.colcon_core.package_discovery:discover_packages(path) discover
[0.393s] Level 1:colcon.colcon_core.package_discovery:discover_packages(path) using defaults
[0.438s] Level 1:colcon.colcon_core.package_discovery:discover_packages(prefix_path) check parameters
[0.438s] Level 1:colcon.colcon_core.package_discovery:discover_packages(prefix_path) discover
[0.448s] DEBUG:colcon.colcon_installed_package_information.package_discovery:Found 3 installed packages in /home/developer/new_ros2_ws/install
[0.449s] DEBUG:colcon.colcon_installed_package_information.package_discovery:Found 3 installed packages in /home/developer/panda_ws/install
[0.450s] DEBUG:colcon.colcon_installed_package_information.package_discovery:Found 9 installed packages in /home/developer/baxter_ws/install
[0.452s] DEBUG:colcon.colcon_installed_package_information.package_discovery:Found 55 installed packages in /home/developer/ws_moveit2/install
[0.455s] DEBUG:colcon.colcon_installed_package_information.package_discovery:Found 62 installed packages in /home/developer/ros2_ws/install
[0.458s] DEBUG:colcon.colcon_installed_package_information.package_discovery:Found 354 installed packages in /opt/ros/humble
[0.460s] Level 1:colcon.colcon_core.package_discovery:discover_packages(prefix_path) using defaults
[0.538s] Level 5:colcon.colcon_core.verb:set package 'baxter_mtc' build argument 'cmake_args' from command line to '['-DCMAKE_BUILD_TYPE=Release']'
[0.539s] Level 5:colcon.colcon_core.verb:set package 'baxter_mtc' build argument 'cmake_target' from command line to 'None'
[0.539s] Level 5:colcon.colcon_core.verb:set package 'baxter_mtc' build argument 'cmake_target_skip_unavailable' from command line to 'False'
[0.539s] Level 5:colcon.colcon_core.verb:set package 'baxter_mtc' build argument 'cmake_clean_cache' from command line to 'False'
[0.539s] Level 5:colcon.colcon_core.verb:set package 'baxter_mtc' build argument 'cmake_clean_first' from command line to 'False'
[0.539s] Level 5:colcon.colcon_core.verb:set package 'baxter_mtc' build argument 'cmake_force_configure' from command line to 'False'
[0.539s] Level 5:colcon.colcon_core.verb:set package 'baxter_mtc' build argument 'ament_cmake_args' from command line to 'None'
[0.539s] Level 5:colcon.colcon_core.verb:set package 'baxter_mtc' build argument 'catkin_cmake_args' from command line to 'None'
[0.539s] Level 5:colcon.colcon_core.verb:set package 'baxter_mtc' build argument 'catkin_skip_building_tests' from command line to 'False'
[0.539s] DEBUG:colcon.colcon_core.verb:Building package 'baxter_mtc' with the following arguments: {'ament_cmake_args': None, 'build_base': '/home/developer/new_ros2_ws/build/baxter_mtc', 'catkin_cmake_args': None, 'catkin_skip_building_tests': False, 'cmake_args': ['-DCMAKE_BUILD_TYPE=Release'], 'cmake_clean_cache': False, 'cmake_clean_first': False, 'cmake_force_configure': False, 'cmake_target': None, 'cmake_target_skip_unavailable': False, 'install_base': '/home/developer/new_ros2_ws/install/baxter_mtc', 'merge_install': False, 'path': '/home/developer/new_ros2_ws/src/baxter_mtc', 'symlink_install': True, 'test_result_base': None}
[0.540s] Level 5:colcon.colcon_core.verb:set package 'hello_moveit' build argument 'cmake_args' from command line to '['-DCMAKE_BUILD_TYPE=Release']'
[0.540s] Level 5:colcon.colcon_core.verb:set package 'hello_moveit' build argument 'cmake_target' from command line to 'None'
[0.540s] Level 5:colcon.colcon_core.verb:set package 'hello_moveit' build argument 'cmake_target_skip_unavailable' from command line to 'False'
[0.540s] Level 5:colcon.colcon_core.verb:set package 'hello_moveit' build argument 'cmake_clean_cache' from command line to 'False'
[0.540s] Level 5:colcon.colcon_core.verb:set package 'hello_moveit' build argument 'cmake_clean_first' from command line to 'False'
[0.540s] Level 5:colcon.colcon_core.verb:set package 'hello_moveit' build argument 'cmake_force_configure' from command line to 'False'
[0.540s] Level 5:colcon.colcon_core.verb:set package 'hello_moveit' build argument 'ament_cmake_args' from command line to 'None'
[0.540s] Level 5:colcon.colcon_core.verb:set package 'hello_moveit' build argument 'catkin_cmake_args' from command line to 'None'
[0.540s] Level 5:colcon.colcon_core.verb:set package 'hello_moveit' build argument 'catkin_skip_building_tests' from command line to 'False'
[0.540s] DEBUG:colcon.colcon_core.verb:Building package 'hello_moveit' with the following arguments: {'ament_cmake_args': None, 'build_base': '/home/developer/new_ros2_ws/build/hello_moveit', 'catkin_cmake_args': None, 'catkin_skip_building_tests': False, 'cmake_args': ['-DCMAKE_BUILD_TYPE=Release'], 'cmake_clean_cache': False, 'cmake_clean_first': False, 'cmake_force_configure': False, 'cmake_target': None, 'cmake_target_skip_unavailable': False, 'install_base': '/home/developer/new_ros2_ws/install/hello_moveit', 'merge_install': False, 'path': '/home/developer/new_ros2_ws/src/hello_moveit', 'symlink_install': True, 'test_result_base': None}
[0.540s] Level 5:colcon.colcon_core.verb:set package 'mtc_tutorial' build argument 'cmake_args' from command line to '['-DCMAKE_BUILD_TYPE=Release']'
[0.541s] Level 5:colcon.colcon_core.verb:set package 'mtc_tutorial' build argument 'cmake_target' from command line to 'None'
[0.541s] Level 5:colcon.colcon_core.verb:set package 'mtc_tutorial' build argument 'cmake_target_skip_unavailable' from command line to 'False'
[0.541s] Level 5:colcon.colcon_core.verb:set package 'mtc_tutorial' build argument 'cmake_clean_cache' from command line to 'False'
[0.541s] Level 5:colcon.colcon_core.verb:set package 'mtc_tutorial' build argument 'cmake_clean_first' from command line to 'False'
[0.541s] Level 5:colcon.colcon_core.verb:set package 'mtc_tutorial' build argument 'cmake_force_configure' from command line to 'False'
[0.541s] Level 5:colcon.colcon_core.verb:set package 'mtc_tutorial' build argument 'ament_cmake_args' from command line to 'None'
[0.541s] Level 5:colcon.colcon_core.verb:set package 'mtc_tutorial' build argument 'catkin_cmake_args' from command line to 'None'
[0.541s] Level 5:colcon.colcon_core.verb:set package 'mtc_tutorial' build argument 'catkin_skip_building_tests' from command line to 'False'
[0.541s] DEBUG:colcon.colcon_core.verb:Building package 'mtc_tutorial' with the following arguments: {'ament_cmake_args': None, 'build_base': '/home/developer/new_ros2_ws/build/mtc_tutorial', 'catkin_cmake_args': None, 'catkin_skip_building_tests': False, 'cmake_args': ['-DCMAKE_BUILD_TYPE=Release'], 'cmake_clean_cache': False, 'cmake_clean_first': False, 'cmake_force_configure': False, 'cmake_target': None, 'cmake_target_skip_unavailable': False, 'install_base': '/home/developer/new_ros2_ws/install/mtc_tutorial', 'merge_install': False, 'path': '/home/developer/new_ros2_ws/src/mtc_tutorial', 'symlink_install': True, 'test_result_base': None}
[0.541s] INFO:colcon.colcon_core.executor:Executing jobs using 'parallel' executor
[0.543s] DEBUG:colcon.colcon_parallel_executor.executor.parallel:run_until_complete
[0.543s] INFO:colcon.colcon_ros.task.ament_cmake.build:Building ROS package in '/home/developer/new_ros2_ws/src/baxter_mtc' with build type 'ament_cmake'
[0.543s] INFO:colcon.colcon_cmake.task.cmake.build:Building CMake package in '/home/developer/new_ros2_ws/src/baxter_mtc'
[0.548s] INFO:colcon.colcon_core.plugin_system:Skipping extension 'colcon_core.shell.bat': Not used on non-Windows systems
[0.548s] INFO:colcon.colcon_core.shell:Skip shell extension 'powershell' for command environment: Not usable outside of PowerShell
[0.548s] DEBUG:colcon.colcon_core.shell:Skip shell extension 'dsv' for command environment
[0.572s] INFO:colcon.colcon_ros.task.ament_cmake.build:Building ROS package in '/home/developer/new_ros2_ws/src/hello_moveit' with build type 'ament_cmake'
[0.572s] INFO:colcon.colcon_cmake.task.cmake.build:Building CMake package in '/home/developer/new_ros2_ws/src/hello_moveit'
[0.573s] INFO:colcon.colcon_core.shell:Skip shell extension 'powershell' for command environment: Not usable outside of PowerShell
[0.573s] DEBUG:colcon.colcon_core.shell:Skip shell extension 'dsv' for command environment
[0.600s] INFO:colcon.colcon_ros.task.ament_cmake.build:Building ROS package in '/home/developer/new_ros2_ws/src/mtc_tutorial' with build type 'ament_cmake'
[0.601s] INFO:colcon.colcon_cmake.task.cmake.build:Building CMake package in '/home/developer/new_ros2_ws/src/mtc_tutorial'
[0.601s] INFO:colcon.colcon_core.shell:Skip shell extension 'powershell' for command environment: Not usable outside of PowerShell
[0.602s] DEBUG:colcon.colcon_core.shell:Skip shell extension 'dsv' for command environment
[0.641s] DEBUG:colcon.colcon_core.event_handler.log_command:Invoking command in '/home/developer/new_ros2_ws/build/baxter_mtc': CMAKE_PREFIX_PATH=${CMAKE_PREFIX_PATH}:/home/developer/ws_moveit2/install/moveit_configs_utils:/home/developer/ros2_ws/install/rqt_joint_trajectory_controller:/home/developer/ros2_ws/install/rqt_controller_manager:/home/developer/ros2_ws/install/ros2controlcli:/home/developer/ros2_ws/install/ros2_controllers_test_nodes:/opt/ros/humble /usr/bin/cmake --build /home/developer/new_ros2_ws/build/baxter_mtc -- -j16 -l16
[0.654s] DEBUG:colcon.colcon_core.event_handler.log_command:Invoking command in '/home/developer/new_ros2_ws/build/hello_moveit': CMAKE_PREFIX_PATH=${CMAKE_PREFIX_PATH}:/home/developer/ws_moveit2/install/moveit_configs_utils:/home/developer/ros2_ws/install/rqt_joint_trajectory_controller:/home/developer/ros2_ws/install/rqt_controller_manager:/home/developer/ros2_ws/install/ros2controlcli:/home/developer/ros2_ws/install/ros2_controllers_test_nodes:/opt/ros/humble /usr/bin/cmake --build /home/developer/new_ros2_ws/build/hello_moveit -- -j16 -l16
[0.660s] DEBUG:colcon.colcon_core.event_handler.log_command:Invoking command in '/home/developer/new_ros2_ws/build/mtc_tutorial': CMAKE_PREFIX_PATH=${CMAKE_PREFIX_PATH}:/home/developer/ws_moveit2/install/moveit_configs_utils:/home/developer/ros2_ws/install/rqt_joint_trajectory_controller:/home/developer/ros2_ws/install/rqt_controller_manager:/home/developer/ros2_ws/install/ros2controlcli:/home/developer/ros2_ws/install/ros2_controllers_test_nodes:/opt/ros/humble /usr/bin/cmake --build /home/developer/new_ros2_ws/build/mtc_tutorial -- -j16 -l16
[0.995s] DEBUG:colcon.colcon_core.event_handler.log_command:Invoked command in '/home/developer/new_ros2_ws/build/baxter_mtc' returned '0': CMAKE_PREFIX_PATH=${CMAKE_PREFIX_PATH}:/home/developer/ws_moveit2/install/moveit_configs_utils:/home/developer/ros2_ws/install/rqt_joint_trajectory_controller:/home/developer/ros2_ws/install/rqt_controller_manager:/home/developer/ros2_ws/install/ros2controlcli:/home/developer/ros2_ws/install/ros2_controllers_test_nodes:/opt/ros/humble /usr/bin/cmake --build /home/developer/new_ros2_ws/build/baxter_mtc -- -j16 -l16
[1.034s] DEBUG:colcon.colcon_core.event_handler.log_command:Invoking command in '/home/developer/new_ros2_ws/build/baxter_mtc': CMAKE_PREFIX_PATH=${CMAKE_PREFIX_PATH}:/home/developer/ws_moveit2/install/moveit_configs_utils:/home/developer/ros2_ws/install/rqt_joint_trajectory_controller:/home/developer/ros2_ws/install/rqt_controller_manager:/home/developer/ros2_ws/install/ros2controlcli:/home/developer/ros2_ws/install/ros2_controllers_test_nodes:/opt/ros/humble /usr/bin/cmake --install /home/developer/new_ros2_ws/build/baxter_mtc
[1.037s] DEBUG:colcon.colcon_core.event_handler.log_command:Invoked command in '/home/developer/new_ros2_ws/build/mtc_tutorial' returned '0': CMAKE_PREFIX_PATH=${CMAKE_PREFIX_PATH}:/home/developer/ws_moveit2/install/moveit_configs_utils:/home/developer/ros2_ws/install/rqt_joint_trajectory_controller:/home/developer/ros2_ws/install/rqt_controller_manager:/home/developer/ros2_ws/install/ros2controlcli:/home/developer/ros2_ws/install/ros2_controllers_test_nodes:/opt/ros/humble /usr/bin/cmake --build /home/developer/new_ros2_ws/build/mtc_tutorial -- -j16 -l16
[1.040s] DEBUG:colcon.colcon_core.event_handler.log_command:Invoking command in '/home/developer/new_ros2_ws/build/mtc_tutorial': CMAKE_PREFIX_PATH=${CMAKE_PREFIX_PATH}:/home/developer/ws_moveit2/install/moveit_configs_utils:/home/developer/ros2_ws/install/rqt_joint_trajectory_controller:/home/developer/ros2_ws/install/rqt_controller_manager:/home/developer/ros2_ws/install/ros2controlcli:/home/developer/ros2_ws/install/ros2_controllers_test_nodes:/opt/ros/humble /usr/bin/cmake --install /home/developer/new_ros2_ws/build/mtc_tutorial
[1.041s] DEBUG:colcon.colcon_core.event_handler.log_command:Invoked command in '/home/developer/new_ros2_ws/build/hello_moveit' returned '0': CMAKE_PREFIX_PATH=${CMAKE_PREFIX_PATH}:/home/developer/ws_moveit2/install/moveit_configs_utils:/home/developer/ros2_ws/install/rqt_joint_trajectory_controller:/home/developer/ros2_ws/install/rqt_controller_manager:/home/developer/ros2_ws/install/ros2controlcli:/home/developer/ros2_ws/install/ros2_controllers_test_nodes:/opt/ros/humble /usr/bin/cmake --build /home/developer/new_ros2_ws/build/hello_moveit -- -j16 -l16
[1.044s] DEBUG:colcon.colcon_core.event_handler.log_command:Invoking command in '/home/developer/new_ros2_ws/build/hello_moveit': CMAKE_PREFIX_PATH=${CMAKE_PREFIX_PATH}:/home/developer/ws_moveit2/install/moveit_configs_utils:/home/developer/ros2_ws/install/rqt_joint_trajectory_controller:/home/developer/ros2_ws/install/rqt_controller_manager:/home/developer/ros2_ws/install/ros2controlcli:/home/developer/ros2_ws/install/ros2_controllers_test_nodes:/opt/ros/humble /usr/bin/cmake --install /home/developer/new_ros2_ws/build/hello_moveit
[1.127s] Level 1:colcon.colcon_core.environment:create_environment_scripts_only(baxter_mtc)
[1.129s] DEBUG:colcon.colcon_core.event_handler.log_command:Invoked command in '/home/developer/new_ros2_ws/build/baxter_mtc' returned '0': CMAKE_PREFIX_PATH=${CMAKE_PREFIX_PATH}:/home/developer/ws_moveit2/install/moveit_configs_utils:/home/developer/ros2_ws/install/rqt_joint_trajectory_controller:/home/developer/ros2_ws/install/rqt_controller_manager:/home/developer/ros2_ws/install/ros2controlcli:/home/developer/ros2_ws/install/ros2_controllers_test_nodes:/opt/ros/humble /usr/bin/cmake --install /home/developer/new_ros2_ws/build/baxter_mtc
[1.136s] Level 1:colcon.colcon_core.environment:checking '/home/developer/new_ros2_ws/install/baxter_mtc' for CMake module files
[1.137s] Level 1:colcon.colcon_core.environment:checking '/home/developer/new_ros2_ws/install/baxter_mtc' for CMake config files
[1.138s] Level 1:colcon.colcon_core.shell:create_environment_hook('baxter_mtc', 'cmake_prefix_path')
[1.139s] INFO:colcon.colcon_core.shell:Creating environment hook '/home/developer/new_ros2_ws/install/baxter_mtc/share/baxter_mtc/hook/cmake_prefix_path.ps1'
[1.140s] INFO:colcon.colcon_core.shell:Creating environment descriptor '/home/developer/new_ros2_ws/install/baxter_mtc/share/baxter_mtc/hook/cmake_prefix_path.dsv'
[1.140s] INFO:colcon.colcon_core.shell:Creating environment hook '/home/developer/new_ros2_ws/install/baxter_mtc/share/baxter_mtc/hook/cmake_prefix_path.sh'
[1.142s] Level 1:colcon.colcon_core.environment:checking '/home/developer/new_ros2_ws/install/baxter_mtc/lib'
[1.142s] Level 1:colcon.colcon_core.environment:checking '/home/developer/new_ros2_ws/install/baxter_mtc/bin'
[1.142s] Level 1:colcon.colcon_core.environment:checking '/home/developer/new_ros2_ws/install/baxter_mtc/lib/pkgconfig/baxter_mtc.pc'
[1.143s] Level 1:colcon.colcon_core.environment:checking '/home/developer/new_ros2_ws/install/baxter_mtc/lib/python3.10/site-packages'
[1.143s] Level 1:colcon.colcon_core.environment:checking '/home/developer/new_ros2_ws/install/baxter_mtc/bin'
[1.143s] INFO:colcon.colcon_core.shell:Creating package script '/home/developer/new_ros2_ws/install/baxter_mtc/share/baxter_mtc/package.ps1'
[1.145s] INFO:colcon.colcon_core.shell:Creating package descriptor '/home/developer/new_ros2_ws/install/baxter_mtc/share/baxter_mtc/package.dsv'
[1.146s] INFO:colcon.colcon_core.shell:Creating package script '/home/developer/new_ros2_ws/install/baxter_mtc/share/baxter_mtc/package.sh'
[1.147s] INFO:colcon.colcon_core.shell:Creating package script '/home/developer/new_ros2_ws/install/baxter_mtc/share/baxter_mtc/package.bash'
[1.148s] INFO:colcon.colcon_core.shell:Creating package script '/home/developer/new_ros2_ws/install/baxter_mtc/share/baxter_mtc/package.zsh'
[1.149s] Level 1:colcon.colcon_core.environment:create_file_with_runtime_dependencies(/home/developer/new_ros2_ws/install/baxter_mtc/share/colcon-core/packages/baxter_mtc)
[1.150s] Level 1:colcon.colcon_core.environment:create_environment_scripts_only(baxter_mtc)
[1.151s] Level 1:colcon.colcon_core.environment:checking '/home/developer/new_ros2_ws/install/baxter_mtc' for CMake module files
[1.152s] Level 1:colcon.colcon_core.environment:checking '/home/developer/new_ros2_ws/install/baxter_mtc' for CMake config files
[1.153s] Level 1:colcon.colcon_core.shell:create_environment_hook('baxter_mtc', 'cmake_prefix_path')
[1.153s] INFO:colcon.colcon_core.shell:Creating environment hook '/home/developer/new_ros2_ws/install/baxter_mtc/share/baxter_mtc/hook/cmake_prefix_path.ps1'
[1.154s] INFO:colcon.colcon_core.shell:Creating environment descriptor '/home/developer/new_ros2_ws/install/baxter_mtc/share/baxter_mtc/hook/cmake_prefix_path.dsv'
[1.155s] INFO:colcon.colcon_core.shell:Creating environment hook '/home/developer/new_ros2_ws/install/baxter_mtc/share/baxter_mtc/hook/cmake_prefix_path.sh'
[1.156s] Level 1:colcon.colcon_core.environment:checking '/home/developer/new_ros2_ws/install/baxter_mtc/lib'
[1.156s] Level 1:colcon.colcon_core.environment:checking '/home/developer/new_ros2_ws/install/baxter_mtc/bin'
[1.157s] Level 1:colcon.colcon_core.environment:checking '/home/developer/new_ros2_ws/install/baxter_mtc/lib/pkgconfig/baxter_mtc.pc'
[1.157s] Level 1:colcon.colcon_core.environment:checking '/home/developer/new_ros2_ws/install/baxter_mtc/lib/python3.10/site-packages'
[1.157s] Level 1:colcon.colcon_core.environment:checking '/home/developer/new_ros2_ws/install/baxter_mtc/bin'
[1.158s] INFO:colcon.colcon_core.shell:Creating package script '/home/developer/new_ros2_ws/install/baxter_mtc/share/baxter_mtc/package.ps1'
[1.159s] INFO:colcon.colcon_core.shell:Creating package descriptor '/home/developer/new_ros2_ws/install/baxter_mtc/share/baxter_mtc/package.dsv'
[1.160s] INFO:colcon.colcon_core.shell:Creating package script '/home/developer/new_ros2_ws/install/baxter_mtc/share/baxter_mtc/package.sh'
[1.160s] INFO:colcon.colcon_core.shell:Creating package script '/home/developer/new_ros2_ws/install/baxter_mtc/share/baxter_mtc/package.bash'
[1.162s] INFO:colcon.colcon_core.shell:Creating package script '/home/developer/new_ros2_ws/install/baxter_mtc/share/baxter_mtc/package.zsh'
[1.163s] Level 1:colcon.colcon_core.environment:create_file_with_runtime_dependencies(/home/developer/new_ros2_ws/install/baxter_mtc/share/colcon-core/packages/baxter_mtc)
[1.165s] Level 1:colcon.colcon_core.environment:create_environment_scripts_only(mtc_tutorial)
[1.167s] Level 1:colcon.colcon_core.environment:checking '/home/developer/new_ros2_ws/install/mtc_tutorial' for CMake module files
[1.168s] DEBUG:colcon.colcon_core.event_handler.log_command:Invoked command in '/home/developer/new_ros2_ws/build/mtc_tutorial' returned '0': CMAKE_PREFIX_PATH=${CMAKE_PREFIX_PATH}:/home/developer/ws_moveit2/install/moveit_configs_utils:/home/developer/ros2_ws/install/rqt_joint_trajectory_controller:/home/developer/ros2_ws/install/rqt_controller_manager:/home/developer/ros2_ws/install/ros2controlcli:/home/developer/ros2_ws/install/ros2_controllers_test_nodes:/opt/ros/humble /usr/bin/cmake --install /home/developer/new_ros2_ws/build/mtc_tutorial
[1.170s] Level 1:colcon.colcon_core.environment:checking '/home/developer/new_ros2_ws/install/mtc_tutorial' for CMake config files
[1.171s] Level 1:colcon.colcon_core.shell:create_environment_hook('mtc_tutorial', 'cmake_prefix_path')
[1.171s] INFO:colcon.colcon_core.shell:Creating environment hook '/home/developer/new_ros2_ws/install/mtc_tutorial/share/mtc_tutorial/hook/cmake_prefix_path.ps1'
[1.172s] INFO:colcon.colcon_core.shell:Creating environment descriptor '/home/developer/new_ros2_ws/install/mtc_tutorial/share/mtc_tutorial/hook/cmake_prefix_path.dsv'
[1.174s] INFO:colcon.colcon_core.shell:Creating environment hook '/home/developer/new_ros2_ws/install/mtc_tutorial/share/mtc_tutorial/hook/cmake_prefix_path.sh'
[1.175s] Level 1:colcon.colcon_core.environment:checking '/home/developer/new_ros2_ws/install/mtc_tutorial/lib'
[1.175s] Level 1:colcon.colcon_core.environment:checking '/home/developer/new_ros2_ws/install/mtc_tutorial/bin'
[1.175s] Level 1:colcon.colcon_core.environment:checking '/home/developer/new_ros2_ws/install/mtc_tutorial/lib/pkgconfig/mtc_tutorial.pc'
[1.176s] Level 1:colcon.colcon_core.environment:checking '/home/developer/new_ros2_ws/install/mtc_tutorial/lib/python3.10/site-packages'
[1.176s] Level 1:colcon.colcon_core.environment:checking '/home/developer/new_ros2_ws/install/mtc_tutorial/bin'
[1.177s] INFO:colcon.colcon_core.shell:Creating package script '/home/developer/new_ros2_ws/install/mtc_tutorial/share/mtc_tutorial/package.ps1'
[1.178s] INFO:colcon.colcon_core.shell:Creating package descriptor '/home/developer/new_ros2_ws/install/mtc_tutorial/share/mtc_tutorial/package.dsv'
[1.179s] INFO:colcon.colcon_core.shell:Creating package script '/home/developer/new_ros2_ws/install/mtc_tutorial/share/mtc_tutorial/package.sh'
[1.180s] INFO:colcon.colcon_core.shell:Creating package script '/home/developer/new_ros2_ws/install/mtc_tutorial/share/mtc_tutorial/package.bash'
[1.181s] INFO:colcon.colcon_core.shell:Creating package script '/home/developer/new_ros2_ws/install/mtc_tutorial/share/mtc_tutorial/package.zsh'
[1.181s] Level 1:colcon.colcon_core.environment:create_file_with_runtime_dependencies(/home/developer/new_ros2_ws/install/mtc_tutorial/share/colcon-core/packages/mtc_tutorial)
[1.183s] Level 1:colcon.colcon_core.environment:create_environment_scripts_only(mtc_tutorial)
[1.183s] Level 1:colcon.colcon_core.environment:checking '/home/developer/new_ros2_ws/install/mtc_tutorial' for CMake module files
[1.184s] Level 1:colcon.colcon_core.environment:checking '/home/developer/new_ros2_ws/install/mtc_tutorial' for CMake config files
[1.185s] Level 1:colcon.colcon_core.shell:create_environment_hook('mtc_tutorial', 'cmake_prefix_path')
[1.185s] INFO:colcon.colcon_core.shell:Creating environment hook '/home/developer/new_ros2_ws/install/mtc_tutorial/share/mtc_tutorial/hook/cmake_prefix_path.ps1'
[1.186s] INFO:colcon.colcon_core.shell:Creating environment descriptor '/home/developer/new_ros2_ws/install/mtc_tutorial/share/mtc_tutorial/hook/cmake_prefix_path.dsv'
[1.187s] INFO:colcon.colcon_core.shell:Creating environment hook '/home/developer/new_ros2_ws/install/mtc_tutorial/share/mtc_tutorial/hook/cmake_prefix_path.sh'
[1.188s] Level 1:colcon.colcon_core.environment:checking '/home/developer/new_ros2_ws/install/mtc_tutorial/lib'
[1.188s] Level 1:colcon.colcon_core.environment:checking '/home/developer/new_ros2_ws/install/mtc_tutorial/bin'
[1.188s] Level 1:colcon.colcon_core.environment:checking '/home/developer/new_ros2_ws/install/mtc_tutorial/lib/pkgconfig/mtc_tutorial.pc'
[1.189s] Level 1:colcon.colcon_core.environment:checking '/home/developer/new_ros2_ws/install/mtc_tutorial/lib/python3.10/site-packages'
[1.189s] Level 1:colcon.colcon_core.environment:checking '/home/developer/new_ros2_ws/install/mtc_tutorial/bin'
[1.189s] INFO:colcon.colcon_core.shell:Creating package script '/home/developer/new_ros2_ws/install/mtc_tutorial/share/mtc_tutorial/package.ps1'
[1.190s] INFO:colcon.colcon_core.shell:Creating package descriptor '/home/developer/new_ros2_ws/install/mtc_tutorial/share/mtc_tutorial/package.dsv'
[1.191s] INFO:colcon.colcon_core.shell:Creating package script '/home/developer/new_ros2_ws/install/mtc_tutorial/share/mtc_tutorial/package.sh'
[1.191s] INFO:colcon.colcon_core.shell:Creating package script '/home/developer/new_ros2_ws/install/mtc_tutorial/share/mtc_tutorial/package.bash'
[1.192s] INFO:colcon.colcon_core.shell:Creating package script '/home/developer/new_ros2_ws/install/mtc_tutorial/share/mtc_tutorial/package.zsh'
[1.193s] Level 1:colcon.colcon_core.environment:create_file_with_runtime_dependencies(/home/developer/new_ros2_ws/install/mtc_tutorial/share/colcon-core/packages/mtc_tutorial)
[1.193s] Level 1:colcon.colcon_core.environment:create_environment_scripts_only(hello_moveit)
[1.193s] Level 1:colcon.colcon_core.environment:checking '/home/developer/new_ros2_ws/install/hello_moveit' for CMake module files
[1.195s] DEBUG:colcon.colcon_core.event_handler.log_command:Invoked command in '/home/developer/new_ros2_ws/build/hello_moveit' returned '0': CMAKE_PREFIX_PATH=${CMAKE_PREFIX_PATH}:/home/developer/ws_moveit2/install/moveit_configs_utils:/home/developer/ros2_ws/install/rqt_joint_trajectory_controller:/home/developer/ros2_ws/install/rqt_controller_manager:/home/developer/ros2_ws/install/ros2controlcli:/home/developer/ros2_ws/install/ros2_controllers_test_nodes:/opt/ros/humble /usr/bin/cmake --install /home/developer/new_ros2_ws/build/hello_moveit
[1.196s] Level 1:colcon.colcon_core.environment:checking '/home/developer/new_ros2_ws/install/hello_moveit' for CMake config files
[1.196s] Level 1:colcon.colcon_core.shell:create_environment_hook('hello_moveit', 'cmake_prefix_path')
[1.197s] INFO:colcon.colcon_core.shell:Creating environment hook '/home/developer/new_ros2_ws/install/hello_moveit/share/hello_moveit/hook/cmake_prefix_path.ps1'
[1.197s] INFO:colcon.colcon_core.shell:Creating environment descriptor '/home/developer/new_ros2_ws/install/hello_moveit/share/hello_moveit/hook/cmake_prefix_path.dsv'
[1.198s] INFO:colcon.colcon_core.shell:Creating environment hook '/home/developer/new_ros2_ws/install/hello_moveit/share/hello_moveit/hook/cmake_prefix_path.sh'
[1.199s] Level 1:colcon.colcon_core.environment:checking '/home/developer/new_ros2_ws/install/hello_moveit/lib'
[1.199s] Level 1:colcon.colcon_core.environment:checking '/home/developer/new_ros2_ws/install/hello_moveit/bin'
[1.199s] Level 1:colcon.colcon_core.environment:checking '/home/developer/new_ros2_ws/install/hello_moveit/lib/pkgconfig/hello_moveit.pc'
[1.200s] Level 1:colcon.colcon_core.environment:checking '/home/developer/new_ros2_ws/install/hello_moveit/lib/python3.10/site-packages'
[1.200s] Level 1:colcon.colcon_core.environment:checking '/home/developer/new_ros2_ws/install/hello_moveit/bin'
[1.201s] INFO:colcon.colcon_core.shell:Creating package script '/home/developer/new_ros2_ws/install/hello_moveit/share/hello_moveit/package.ps1'
[1.202s] INFO:colcon.colcon_core.shell:Creating package descriptor '/home/developer/new_ros2_ws/install/hello_moveit/share/hello_moveit/package.dsv'
[1.203s] INFO:colcon.colcon_core.shell:Creating package script '/home/developer/new_ros2_ws/install/hello_moveit/share/hello_moveit/package.sh'
[1.204s] INFO:colcon.colcon_core.shell:Creating package script '/home/developer/new_ros2_ws/install/hello_moveit/share/hello_moveit/package.bash'
[1.205s] INFO:colcon.colcon_core.shell:Creating package script '/home/developer/new_ros2_ws/install/hello_moveit/share/hello_moveit/package.zsh'
[1.205s] Level 1:colcon.colcon_core.environment:create_file_with_runtime_dependencies(/home/developer/new_ros2_ws/install/hello_moveit/share/colcon-core/packages/hello_moveit)
[1.207s] Level 1:colcon.colcon_core.environment:create_environment_scripts_only(hello_moveit)
[1.207s] Level 1:colcon.colcon_core.environment:checking '/home/developer/new_ros2_ws/install/hello_moveit' for CMake module files
[1.208s] Level 1:colcon.colcon_core.environment:checking '/home/developer/new_ros2_ws/install/hello_moveit' for CMake config files
[1.209s] Level 1:colcon.colcon_core.shell:create_environment_hook('hello_moveit', 'cmake_prefix_path')
[1.210s] INFO:colcon.colcon_core.shell:Creating environment hook '/home/developer/new_ros2_ws/install/hello_moveit/share/hello_moveit/hook/cmake_prefix_path.ps1'
[1.212s] INFO:colcon.colcon_core.shell:Creating environment descriptor '/home/developer/new_ros2_ws/install/hello_moveit/share/hello_moveit/hook/cmake_prefix_path.dsv'
[1.212s] INFO:colcon.colcon_core.shell:Creating environment hook '/home/developer/new_ros2_ws/install/hello_moveit/share/hello_moveit/hook/cmake_prefix_path.sh'
[1.214s] Level 1:colcon.colcon_core.environment:checking '/home/developer/new_ros2_ws/install/hello_moveit/lib'
[1.214s] Level 1:colcon.colcon_core.environment:checking '/home/developer/new_ros2_ws/install/hello_moveit/bin'
[1.214s] Level 1:colcon.colcon_core.environment:checking '/home/developer/new_ros2_ws/install/hello_moveit/lib/pkgconfig/hello_moveit.pc'
[1.214s] Level 1:colcon.colcon_core.environment:checking '/home/developer/new_ros2_ws/install/hello_moveit/lib/python3.10/site-packages'
[1.214s] Level 1:colcon.colcon_core.environment:checking '/home/developer/new_ros2_ws/install/hello_moveit/bin'
[1.215s] INFO:colcon.colcon_core.shell:Creating package script '/home/developer/new_ros2_ws/install/hello_moveit/share/hello_moveit/package.ps1'
[1.216s] INFO:colcon.colcon_core.shell:Creating package descriptor '/home/developer/new_ros2_ws/install/hello_moveit/share/hello_moveit/package.dsv'
[1.217s] INFO:colcon.colcon_core.shell:Creating package script '/home/developer/new_ros2_ws/install/hello_moveit/share/hello_moveit/package.sh'
[1.217s] INFO:colcon.colcon_core.shell:Creating package script '/home/developer/new_ros2_ws/install/hello_moveit/share/hello_moveit/package.bash'
[1.219s] INFO:colcon.colcon_core.shell:Creating package script '/home/developer/new_ros2_ws/install/hello_moveit/share/hello_moveit/package.zsh'
[1.219s] Level 1:colcon.colcon_core.environment:create_file_with_runtime_dependencies(/home/developer/new_ros2_ws/install/hello_moveit/share/colcon-core/packages/hello_moveit)
[1.220s] DEBUG:colcon.colcon_parallel_executor.executor.parallel:closing loop
[1.221s] DEBUG:colcon.colcon_parallel_executor.executor.parallel:loop closed
[1.221s] DEBUG:colcon.colcon_parallel_executor.executor.parallel:run_until_complete finished with '0'
[1.221s] DEBUG:colcon.colcon_core.event_reactor:joining thread
[1.238s] INFO:colcon.colcon_core.plugin_system:Skipping extension 'colcon_notification.desktop_notification.notify_send': Could not find 'notify-send'
[1.238s] INFO:colcon.colcon_core.plugin_system:Skipping extension 'colcon_notification.desktop_notification.terminal_notifier': Not used on non-Darwin systems
[1.239s] INFO:colcon.colcon_core.plugin_system:Skipping extension 'colcon_notification.desktop_notification.win32': Not used on non-Windows systems
[1.239s] INFO:colcon.colcon_notification.desktop_notification:Sending desktop notification using 'notify2'
[1.245s] DEBUG:colcon.colcon_notification.desktop_notification.notify2:Failed to initialize notify2: org.freedesktop.DBus.Error.Spawn.ExecFailed: /usr/bin/dbus-launch terminated abnormally without any error message
[1.246s] DEBUG:colcon.colcon_core.event_reactor:joined thread
[1.247s] INFO:colcon.colcon_core.shell:Creating prefix script '/home/developer/new_ros2_ws/install/local_setup.ps1'
[1.249s] INFO:colcon.colcon_core.shell:Creating prefix util module '/home/developer/new_ros2_ws/install/_local_setup_util_ps1.py'
[1.251s] INFO:colcon.colcon_core.shell:Creating prefix chain script '/home/developer/new_ros2_ws/install/setup.ps1'
[1.268s] INFO:colcon.colcon_core.shell:Creating prefix script '/home/developer/new_ros2_ws/install/local_setup.sh'
[1.269s] INFO:colcon.colcon_core.shell:Creating prefix util module '/home/developer/new_ros2_ws/install/_local_setup_util_sh.py'
[1.271s] INFO:colcon.colcon_core.shell:Creating prefix chain script '/home/developer/new_ros2_ws/install/setup.sh'
[1.286s] INFO:colcon.colcon_core.shell:Creating prefix script '/home/developer/new_ros2_ws/install/local_setup.bash'
[1.287s] INFO:colcon.colcon_core.shell:Creating prefix chain script '/home/developer/new_ros2_ws/install/setup.bash'
[1.300s] INFO:colcon.colcon_core.shell:Creating prefix script '/home/developer/new_ros2_ws/install/local_setup.zsh'
[1.301s] INFO:colcon.colcon_core.shell:Creating prefix chain script '/home/developer/new_ros2_ws/install/setup.zsh'
