[0.070s] Invoking command in '/home/developer/new_ros2_ws/build/mtc_tutorial': CMAKE_PREFIX_PATH=${CMAKE_PREFIX_PATH}:/home/developer/ws_moveit2/install/moveit_resources_pr2_description:/home/developer/ws_moveit2/install/moveit_resources_fanuc_moveit_config:/home/developer/ws_moveit2/install/moveit_configs_utils:/home/developer/ws_moveit2/install/moveit_common:/home/developer/ros2_ws/install/rqt_joint_trajectory_controller:/home/developer/ros2_ws/install/rqt_controller_manager:/home/developer/ros2_ws/install/ros2controlcli:/home/developer/ros2_ws/install/ros2_controllers_test_nodes:/opt/ros/humble /usr/bin/cmake --build /home/developer/new_ros2_ws/build/mtc_tutorial -- -j16 -l16
[0.225s] -- Found ament_cmake: 1.3.11 (/opt/ros/humble/share/ament_cmake/cmake)
[0.533s] -- Override CMake install command with custom implementation using symlinks instead of copying resources
[0.572s] -- Found moveit_task_constructor_core: 0.1.3 (/home/developer/ws_moveit2/install/moveit_task_constructor_core/share/moveit_task_constructor_core/cmake)
[0.672s] -- Found rosidl_generator_c: 3.1.6 (/opt/ros/humble/share/rosidl_generator_c/cmake)
[0.678s] -- Found rosidl_adapter: 3.1.6 (/opt/ros/humble/share/rosidl_adapter/cmake)
[0.697s] -- Found rosidl_generator_cpp: 3.1.6 (/opt/ros/humble/share/rosidl_generator_cpp/cmake)
[0.737s] -- Using all available rosidl_typesupport_c: rosidl_typesupport_fastrtps_c;rosidl_typesupport_introspection_c
[0.780s] -- Using all available rosidl_typesupport_cpp: rosidl_typesupport_fastrtps_cpp;rosidl_typesupport_introspection_cpp
[0.916s] -- Found Boost: /usr/lib/x86_64-linux-gnu/cmake/Boost-1.74.0/BoostConfig.cmake (found version "1.74.0") found components: chrono date_time filesystem iostreams program_options regex serialization system thread 
[1.039s] -- Found parameter_traits: 0.4.0 (/opt/ros/humble/share/parameter_traits/cmake)
[1.116s] -- Found rmw_implementation_cmake: 6.1.2 (/opt/ros/humble/share/rmw_implementation_cmake/cmake)
[1.132s] -- Found rmw_cyclonedds_cpp: 1.3.4 (/opt/ros/humble/share/rmw_cyclonedds_cpp/cmake)
[1.199s] -- Using RMW implementation 'rmw_cyclonedds_cpp' as default
[1.302s] -- Found rclcpp_lifecycle: 16.0.12 (/opt/ros/humble/share/rclcpp_lifecycle/cmake)
[1.354s] -- Found Boost: /usr/lib/x86_64-linux-gnu/cmake/Boost-1.74.0/BoostConfig.cmake (found version "1.74.0") found components: filesystem 
[1.548s] -- library: /usr/lib/x86_64-linux-gnu/libcurl.so
[1.668s] -- Ensuring Eigen3 include directory is part of orocos-kdl CMake target
[2.187s] -- Found Boost: /usr/lib/x86_64-linux-gnu/cmake/Boost-1.74.0/BoostConfig.cmake (found version "1.74.0") found components: system filesystem date_time program_options thread chrono 
[2.235s] -- Found Boost: /usr/lib/x86_64-linux-gnu/cmake/Boost-1.74.0/BoostConfig.cmake (found version "1.74.0") found components: date_time filesystem program_options system thread 
[2.263s] -- Found Boost: /usr/lib/x86_64-linux-gnu/cmake/Boost-1.74.0/BoostConfig.cmake (found version "1.74.0") found components: thread system filesystem regex date_time program_options 
[2.323s] -- Found Boost: /usr/lib/x86_64-linux-gnu/cmake/Boost-1.74.0/BoostConfig.cmake (found version "1.74.0") found components: system filesystem date_time program_options thread 
[2.455s] -- Found rviz_gazebo_bridge: 0.0.0 (/home/developer/baxter_ws/install/rviz_gazebo_bridge/share/rviz_gazebo_bridge/cmake)
[2.460s] -- Looking for ignition-msgs8 -- found version 8.7.0
[2.475s] -- Searching for dependencies of ignition-msgs8
[2.597s] -- Found Protobuf: /usr/lib/x86_64-linux-gnu/libprotobuf.so (found suitable version "3.12.4", minimum required is "3") 
[2.600s] -- Looking for ignition-math6 -- found version 6.15.1
[2.601s] -- Searching for dependencies of ignition-math6
[2.625s] -- Looking for ignition-transport11 -- found version 11.4.1
[2.626s] -- Searching for dependencies of ignition-transport11
[2.739s] -- Found Protobuf: /usr/lib/x86_64-linux-gnu/libprotobuf.so (found version "3.12.4") 
[2.831s] -- Config-file not installed for ZeroMQ -- checking for pkg-config
[2.851s] -- Checking for module 'libzmq >= 4'
[2.955s] --   Found libzmq , version 4.3.4
[3.210s] -- Checking for module 'uuid'
[3.310s] --   Found uuid, version 2.37.2
[3.539s] -- Looking for ignition-utils1 -- found version 1.5.1
[3.540s] -- Searching for dependencies of ignition-utils1
[3.541s] -- Searching for <ignition-utils1> component [cli]
[3.542s] -- Looking for ignition-utils1-cli -- found version 1.5.1
[3.543s] -- Searching for dependencies of ignition-utils1-cli
[3.545s] -- Looking for ignition-msgs8 -- found version 8.7.0
[3.611s] -- Found ament_lint_auto: 0.12.12 (/opt/ros/humble/share/ament_lint_auto/cmake)
[3.787s] -- Added test 'cppcheck' to perform static code analysis on C / C++ code
[3.788s] -- Configured cppcheck include dirs: $<BUILD_INTERFACE:/home/developer/new_ros2_ws/src/mtc_tutorial/include>
[3.788s] -- Configured cppcheck exclude dirs and/or files: 
[3.789s] -- Added test 'flake8' to check Python code syntax and style conventions
[3.790s] -- Added test 'lint_cmake' to check CMake code style
[3.791s] -- Added test 'pep257' to check Python code against some of the docstring style conventions in PEP 257
[3.794s] -- Added test 'uncrustify' to check C / C++ code style
[3.794s] -- Configured uncrustify additional arguments: 
[3.794s] -- Added test 'xmllint' to check XML markup files
[3.797s] -- Configuring done
[3.964s] -- Generating done
[3.989s] -- Build files have been written to: /home/developer/new_ros2_ws/build/mtc_tutorial
[4.133s] [35m[1mConsolidate compiler generated dependencies of target novi_mtc_node[0m
[4.134s] [35m[1mConsolidate compiler generated dependencies of target mtc_node[0m
[4.241s] [ 25%] [32mBuilding CXX object CMakeFiles/novi_mtc_node.dir/src/novi_mtc_node.cpp.o[0m
[4.248s] [ 75%] Built target mtc_node
[8.609s] In file included from [01m[K/home/developer/baxter_ws/install/rviz_gazebo_bridge/include/rviz_gazebo_bridge/rviz_gazebo_bridge.h:37[m[K,
[8.609s]                  from [01m[K/home/developer/new_ros2_ws/src/mtc_tutorial/src/novi_mtc_node.cpp:19[m[K:
[8.610s] [01m[K/opt/ros/humble/include/tf2_geometry_msgs/tf2_geometry_msgs/tf2_geometry_msgs.h:35:2:[m[K [01;35m[Kwarning: [m[K#warning This header is obsolete, please include tf2_geometry_msgs/tf2_geometry_msgs.hpp instead [[01;35m[K]8;;https://gcc.gnu.org/onlinedocs/gcc/Warning-Options.html#index-Wcpp-Wcpp]8;;[m[K]
[8.610s]    35 | #[01;35m[Kwarning[m[K This header is obsolete, please include tf2_geometry_msgs/tf2_geometry_msgs.hpp instead
[8.610s]       |  [01;35m[K^~~~~~~[m[K
[21.122s] [100%] [32m[1mLinking CXX executable novi_mtc_node[0m
[21.675s] [100%] Built target novi_mtc_node
[21.700s] Invoked command in '/home/developer/new_ros2_ws/build/mtc_tutorial' returned '0': CMAKE_PREFIX_PATH=${CMAKE_PREFIX_PATH}:/home/developer/ws_moveit2/install/moveit_resources_pr2_description:/home/developer/ws_moveit2/install/moveit_resources_fanuc_moveit_config:/home/developer/ws_moveit2/install/moveit_configs_utils:/home/developer/ws_moveit2/install/moveit_common:/home/developer/ros2_ws/install/rqt_joint_trajectory_controller:/home/developer/ros2_ws/install/rqt_controller_manager:/home/developer/ros2_ws/install/ros2controlcli:/home/developer/ros2_ws/install/ros2_controllers_test_nodes:/opt/ros/humble /usr/bin/cmake --build /home/developer/new_ros2_ws/build/mtc_tutorial -- -j16 -l16
[21.702s] Invoking command in '/home/developer/new_ros2_ws/build/mtc_tutorial': CMAKE_PREFIX_PATH=${CMAKE_PREFIX_PATH}:/home/developer/ws_moveit2/install/moveit_resources_pr2_description:/home/developer/ws_moveit2/install/moveit_resources_fanuc_moveit_config:/home/developer/ws_moveit2/install/moveit_configs_utils:/home/developer/ws_moveit2/install/moveit_common:/home/developer/ros2_ws/install/rqt_joint_trajectory_controller:/home/developer/ros2_ws/install/rqt_controller_manager:/home/developer/ros2_ws/install/ros2controlcli:/home/developer/ros2_ws/install/ros2_controllers_test_nodes:/opt/ros/humble /usr/bin/cmake --install /home/developer/new_ros2_ws/build/mtc_tutorial
[21.727s] -- Install configuration: "Release"
[21.727s] -- Execute custom install script
[21.727s] -- Up-to-date symlink: /home/developer/new_ros2_ws/install/mtc_tutorial/lib/mtc_tutorial/novi_mtc_node
[21.728s] -- Up-to-date symlink: /home/developer/new_ros2_ws/install/mtc_tutorial/lib/mtc_tutorial/mtc_node
[21.728s] -- Up-to-date symlink: /home/developer/new_ros2_ws/install/mtc_tutorial/share/mtc_tutorial/launch/demo_pick.launch.py
[21.728s] -- Up-to-date symlink: /home/developer/new_ros2_ws/install/mtc_tutorial/share/mtc_tutorial/launch/environment_gazebo.launch.py
[21.728s] -- Up-to-date symlink: /home/developer/new_ros2_ws/install/mtc_tutorial/share/mtc_tutorial/launch/mtc_gazebo.launch.py
[21.728s] -- Up-to-date symlink: /home/developer/new_ros2_ws/install/mtc_tutorial/share/mtc_tutorial/launch/panda.launch.py
[21.728s] -- Up-to-date symlink: /home/developer/new_ros2_ws/install/mtc_tutorial/share/mtc_tutorial/launch/pick_and_place_baxter.launch.py
[21.729s] -- Up-to-date symlink: /home/developer/new_ros2_ws/install/mtc_tutorial/share/mtc_tutorial/launch/pick_place_demo.launch.py
[21.729s] -- Up-to-date symlink: /home/developer/new_ros2_ws/install/mtc_tutorial/share/ament_index/resource_index/package_run_dependencies/mtc_tutorial
[21.729s] -- Up-to-date symlink: /home/developer/new_ros2_ws/install/mtc_tutorial/share/ament_index/resource_index/parent_prefix_path/mtc_tutorial
[21.729s] -- Up-to-date symlink: /home/developer/new_ros2_ws/install/mtc_tutorial/share/mtc_tutorial/environment/ament_prefix_path.sh
[21.729s] -- Up-to-date symlink: /home/developer/new_ros2_ws/install/mtc_tutorial/share/mtc_tutorial/environment/ament_prefix_path.dsv
[21.730s] -- Up-to-date symlink: /home/developer/new_ros2_ws/install/mtc_tutorial/share/mtc_tutorial/environment/path.sh
[21.730s] -- Up-to-date symlink: /home/developer/new_ros2_ws/install/mtc_tutorial/share/mtc_tutorial/environment/path.dsv
[21.730s] -- Up-to-date symlink: /home/developer/new_ros2_ws/install/mtc_tutorial/share/mtc_tutorial/local_setup.bash
[21.730s] -- Up-to-date symlink: /home/developer/new_ros2_ws/install/mtc_tutorial/share/mtc_tutorial/local_setup.sh
[21.730s] -- Up-to-date symlink: /home/developer/new_ros2_ws/install/mtc_tutorial/share/mtc_tutorial/local_setup.zsh
[21.730s] -- Up-to-date symlink: /home/developer/new_ros2_ws/install/mtc_tutorial/share/mtc_tutorial/local_setup.dsv
[21.730s] -- Symlinking: /home/developer/new_ros2_ws/install/mtc_tutorial/share/mtc_tutorial/package.dsv
[21.756s] -- Up-to-date symlink: /home/developer/new_ros2_ws/install/mtc_tutorial/share/ament_index/resource_index/packages/mtc_tutorial
[21.756s] -- Up-to-date symlink: /home/developer/new_ros2_ws/install/mtc_tutorial/share/mtc_tutorial/cmake/mtc_tutorialConfig.cmake
[21.756s] -- Up-to-date symlink: /home/developer/new_ros2_ws/install/mtc_tutorial/share/mtc_tutorial/cmake/mtc_tutorialConfig-version.cmake
[21.756s] -- Up-to-date symlink: /home/developer/new_ros2_ws/install/mtc_tutorial/share/mtc_tutorial/package.xml
[21.758s] Invoked command in '/home/developer/new_ros2_ws/build/mtc_tutorial' returned '0': CMAKE_PREFIX_PATH=${CMAKE_PREFIX_PATH}:/home/developer/ws_moveit2/install/moveit_resources_pr2_description:/home/developer/ws_moveit2/install/moveit_resources_fanuc_moveit_config:/home/developer/ws_moveit2/install/moveit_configs_utils:/home/developer/ws_moveit2/install/moveit_common:/home/developer/ros2_ws/install/rqt_joint_trajectory_controller:/home/developer/ros2_ws/install/rqt_controller_manager:/home/developer/ros2_ws/install/ros2controlcli:/home/developer/ros2_ws/install/ros2_controllers_test_nodes:/opt/ros/humble /usr/bin/cmake --install /home/developer/new_ros2_ws/build/mtc_tutorial
