[0.215s] DEBUG:colcon:Command line arguments: ['/usr/bin/colcon', 'build', '--cmake-args', '-DCMAKE_BUILD_TYPE=Release', '--symlink-install']
[0.215s] DEBUG:colcon:Parsed command line arguments: Namespace(log_base=None, log_level=None, verb_name='build', build_base='build', install_base='install', merge_install=False, symlink_install=True, test_result_base=None, continue_on_error=False, executor='parallel', parallel_workers=16, event_handlers=None, ignore_user_meta=False, metas=['./colcon.meta'], base_paths=['.'], packages_ignore=None, packages_ignore_regex=None, paths=None, packages_up_to=None, packages_up_to_regex=None, packages_above=None, packages_above_and_dependencies=None, packages_above_depth=None, packages_select_by_dep=None, packages_skip_by_dep=None, packages_skip_up_to=None, packages_select_build_failed=False, packages_skip_build_finished=False, packages_select_test_failures=False, packages_skip_test_passed=False, packages_select=None, packages_skip=None, packages_select_regex=None, packages_skip_regex=None, packages_start=None, packages_end=None, allow_overriding=[], cmake_args=['-DCMAKE_BUILD_TYPE=Release'], cmake_target=None, cmake_target_skip_unavailable=False, cmake_clean_cache=False, cmake_clean_first=False, cmake_force_configure=False, ament_cmake_args=None, catkin_cmake_args=None, catkin_skip_building_tests=False, mixin_files=None, mixin=None, verb_parser=<colcon_mixin.mixin.mixin_argument.MixinArgumentDecorator object at 0x7e0e622608b0>, verb_extension=<colcon_core.verb.build.BuildVerb object at 0x7e0e6222be20>, main=<bound method BuildVerb.main of <colcon_core.verb.build.BuildVerb object at 0x7e0e6222be20>>, mixin_verb=('build',))
[0.506s] Level 1:colcon.colcon_core.package_discovery:discover_packages(colcon_meta) check parameters
[0.507s] Level 1:colcon.colcon_core.package_discovery:discover_packages(recursive) check parameters
[0.507s] Level 1:colcon.colcon_core.package_discovery:discover_packages(ignore) check parameters
[0.507s] Level 1:colcon.colcon_core.package_discovery:discover_packages(path) check parameters
[0.507s] Level 1:colcon.colcon_core.package_discovery:discover_packages(colcon_meta) discover
[0.507s] Level 1:colcon.colcon_core.package_discovery:discover_packages(recursive) discover
[0.507s] INFO:colcon.colcon_core.package_discovery:Crawling recursively for packages in '/home/developer/new_ros2_ws'
[0.507s] Level 1:colcon.colcon_core.package_identification:_identify(.) by extensions ['ignore', 'ignore_ament_install']
[0.507s] Level 1:colcon.colcon_core.package_identification:_identify(.) by extension 'ignore'
[0.507s] Level 1:colcon.colcon_core.package_identification:_identify(.) by extension 'ignore_ament_install'
[0.507s] Level 1:colcon.colcon_core.package_identification:_identify(.) by extensions ['colcon_pkg']
[0.507s] Level 1:colcon.colcon_core.package_identification:_identify(.) by extension 'colcon_pkg'
[0.507s] Level 1:colcon.colcon_core.package_identification:_identify(.) by extensions ['colcon_meta']
[0.507s] Level 1:colcon.colcon_core.package_identification:_identify(.) by extension 'colcon_meta'
[0.507s] Level 1:colcon.colcon_core.package_identification:_identify(.) by extensions ['ros']
[0.507s] Level 1:colcon.colcon_core.package_identification:_identify(.) by extension 'ros'
[0.522s] Level 1:colcon.colcon_core.package_identification:_identify(.) by extensions ['cmake', 'python']
[0.522s] Level 1:colcon.colcon_core.package_identification:_identify(.) by extension 'cmake'
[0.522s] Level 1:colcon.colcon_core.package_identification:_identify(.) by extension 'python'
[0.522s] Level 1:colcon.colcon_core.package_identification:_identify(.) by extensions ['python_setup_py']
[0.522s] Level 1:colcon.colcon_core.package_identification:_identify(.) by extension 'python_setup_py'
[0.522s] Level 1:colcon.colcon_core.package_identification:_identify(build) by extensions ['ignore', 'ignore_ament_install']
[0.522s] Level 1:colcon.colcon_core.package_identification:_identify(build) by extension 'ignore'
[0.522s] Level 1:colcon.colcon_core.package_identification:_identify(build) ignored
[0.523s] Level 1:colcon.colcon_core.package_identification:_identify(install) by extensions ['ignore', 'ignore_ament_install']
[0.523s] Level 1:colcon.colcon_core.package_identification:_identify(install) by extension 'ignore'
[0.523s] Level 1:colcon.colcon_core.package_identification:_identify(install) ignored
[0.523s] Level 1:colcon.colcon_core.package_identification:_identify(log) by extensions ['ignore', 'ignore_ament_install']
[0.523s] Level 1:colcon.colcon_core.package_identification:_identify(log) by extension 'ignore'
[0.523s] Level 1:colcon.colcon_core.package_identification:_identify(log) ignored
[0.524s] Level 1:colcon.colcon_core.package_identification:_identify(src) by extensions ['ignore', 'ignore_ament_install']
[0.524s] Level 1:colcon.colcon_core.package_identification:_identify(src) by extension 'ignore'
[0.524s] Level 1:colcon.colcon_core.package_identification:_identify(src) by extension 'ignore_ament_install'
[0.524s] Level 1:colcon.colcon_core.package_identification:_identify(src) by extensions ['colcon_pkg']
[0.524s] Level 1:colcon.colcon_core.package_identification:_identify(src) by extension 'colcon_pkg'
[0.524s] Level 1:colcon.colcon_core.package_identification:_identify(src) by extensions ['colcon_meta']
[0.524s] Level 1:colcon.colcon_core.package_identification:_identify(src) by extension 'colcon_meta'
[0.524s] Level 1:colcon.colcon_core.package_identification:_identify(src) by extensions ['ros']
[0.524s] Level 1:colcon.colcon_core.package_identification:_identify(src) by extension 'ros'
[0.524s] Level 1:colcon.colcon_core.package_identification:_identify(src) by extensions ['cmake', 'python']
[0.524s] Level 1:colcon.colcon_core.package_identification:_identify(src) by extension 'cmake'
[0.524s] Level 1:colcon.colcon_core.package_identification:_identify(src) by extension 'python'
[0.524s] Level 1:colcon.colcon_core.package_identification:_identify(src) by extensions ['python_setup_py']
[0.524s] Level 1:colcon.colcon_core.package_identification:_identify(src) by extension 'python_setup_py'
[0.525s] Level 1:colcon.colcon_core.package_identification:_identify(src/baxter_mtc) by extensions ['ignore', 'ignore_ament_install']
[0.525s] Level 1:colcon.colcon_core.package_identification:_identify(src/baxter_mtc) by extension 'ignore'
[0.525s] Level 1:colcon.colcon_core.package_identification:_identify(src/baxter_mtc) by extension 'ignore_ament_install'
[0.525s] Level 1:colcon.colcon_core.package_identification:_identify(src/baxter_mtc) by extensions ['colcon_pkg']
[0.525s] Level 1:colcon.colcon_core.package_identification:_identify(src/baxter_mtc) by extension 'colcon_pkg'
[0.525s] Level 1:colcon.colcon_core.package_identification:_identify(src/baxter_mtc) by extensions ['colcon_meta']
[0.525s] Level 1:colcon.colcon_core.package_identification:_identify(src/baxter_mtc) by extension 'colcon_meta'
[0.525s] Level 1:colcon.colcon_core.package_identification:_identify(src/baxter_mtc) by extensions ['ros']
[0.525s] Level 1:colcon.colcon_core.package_identification:_identify(src/baxter_mtc) by extension 'ros'
[0.530s] DEBUG:colcon.colcon_core.package_identification:Package 'src/baxter_mtc' with type 'ros.ament_cmake' and name 'baxter_mtc'
[0.530s] Level 1:colcon.colcon_core.package_identification:_identify(src/hello_moveit) by extensions ['ignore', 'ignore_ament_install']
[0.530s] Level 1:colcon.colcon_core.package_identification:_identify(src/hello_moveit) by extension 'ignore'
[0.530s] Level 1:colcon.colcon_core.package_identification:_identify(src/hello_moveit) by extension 'ignore_ament_install'
[0.531s] Level 1:colcon.colcon_core.package_identification:_identify(src/hello_moveit) by extensions ['colcon_pkg']
[0.531s] Level 1:colcon.colcon_core.package_identification:_identify(src/hello_moveit) by extension 'colcon_pkg'
[0.531s] Level 1:colcon.colcon_core.package_identification:_identify(src/hello_moveit) by extensions ['colcon_meta']
[0.531s] Level 1:colcon.colcon_core.package_identification:_identify(src/hello_moveit) by extension 'colcon_meta'
[0.531s] Level 1:colcon.colcon_core.package_identification:_identify(src/hello_moveit) by extensions ['ros']
[0.531s] Level 1:colcon.colcon_core.package_identification:_identify(src/hello_moveit) by extension 'ros'
[0.532s] DEBUG:colcon.colcon_core.package_identification:Package 'src/hello_moveit' with type 'ros.ament_cmake' and name 'hello_moveit'
[0.532s] Level 1:colcon.colcon_core.package_identification:_identify(src/mtc_tutorial) by extensions ['ignore', 'ignore_ament_install']
[0.532s] Level 1:colcon.colcon_core.package_identification:_identify(src/mtc_tutorial) by extension 'ignore'
[0.532s] Level 1:colcon.colcon_core.package_identification:_identify(src/mtc_tutorial) by extension 'ignore_ament_install'
[0.532s] Level 1:colcon.colcon_core.package_identification:_identify(src/mtc_tutorial) by extensions ['colcon_pkg']
[0.532s] Level 1:colcon.colcon_core.package_identification:_identify(src/mtc_tutorial) by extension 'colcon_pkg'
[0.532s] Level 1:colcon.colcon_core.package_identification:_identify(src/mtc_tutorial) by extensions ['colcon_meta']
[0.532s] Level 1:colcon.colcon_core.package_identification:_identify(src/mtc_tutorial) by extension 'colcon_meta'
[0.532s] Level 1:colcon.colcon_core.package_identification:_identify(src/mtc_tutorial) by extensions ['ros']
[0.532s] Level 1:colcon.colcon_core.package_identification:_identify(src/mtc_tutorial) by extension 'ros'
[0.533s] DEBUG:colcon.colcon_core.package_identification:Package 'src/mtc_tutorial' with type 'ros.ament_cmake' and name 'mtc_tutorial'
[0.533s] Level 1:colcon.colcon_core.package_discovery:discover_packages(recursive) using defaults
[0.533s] Level 1:colcon.colcon_core.package_discovery:discover_packages(ignore) discover
[0.533s] Level 1:colcon.colcon_core.package_discovery:discover_packages(ignore) using defaults
[0.533s] Level 1:colcon.colcon_core.package_discovery:discover_packages(path) discover
[0.533s] Level 1:colcon.colcon_core.package_discovery:discover_packages(path) using defaults
[0.575s] Level 1:colcon.colcon_core.package_discovery:discover_packages(prefix_path) check parameters
[0.575s] Level 1:colcon.colcon_core.package_discovery:discover_packages(prefix_path) discover
[0.588s] DEBUG:colcon.colcon_installed_package_information.package_discovery:Found 4 installed packages in /home/developer/new_ros2_ws/install
[0.589s] DEBUG:colcon.colcon_installed_package_information.package_discovery:Found 3 installed packages in /home/developer/panda_ws/install
[0.590s] DEBUG:colcon.colcon_installed_package_information.package_discovery:Found 9 installed packages in /home/developer/baxter_ws/install
[0.592s] DEBUG:colcon.colcon_installed_package_information.package_discovery:Found 55 installed packages in /home/developer/ws_moveit2/install
[0.596s] DEBUG:colcon.colcon_installed_package_information.package_discovery:Found 62 installed packages in /home/developer/ros2_ws/install
[0.599s] DEBUG:colcon.colcon_installed_package_information.package_discovery:Found 354 installed packages in /opt/ros/humble
[0.601s] Level 1:colcon.colcon_core.package_discovery:discover_packages(prefix_path) using defaults
[0.676s] Level 5:colcon.colcon_core.verb:set package 'baxter_mtc' build argument 'cmake_args' from command line to '['-DCMAKE_BUILD_TYPE=Release']'
[0.676s] Level 5:colcon.colcon_core.verb:set package 'baxter_mtc' build argument 'cmake_target' from command line to 'None'
[0.676s] Level 5:colcon.colcon_core.verb:set package 'baxter_mtc' build argument 'cmake_target_skip_unavailable' from command line to 'False'
[0.676s] Level 5:colcon.colcon_core.verb:set package 'baxter_mtc' build argument 'cmake_clean_cache' from command line to 'False'
[0.676s] Level 5:colcon.colcon_core.verb:set package 'baxter_mtc' build argument 'cmake_clean_first' from command line to 'False'
[0.676s] Level 5:colcon.colcon_core.verb:set package 'baxter_mtc' build argument 'cmake_force_configure' from command line to 'False'
[0.676s] Level 5:colcon.colcon_core.verb:set package 'baxter_mtc' build argument 'ament_cmake_args' from command line to 'None'
[0.676s] Level 5:colcon.colcon_core.verb:set package 'baxter_mtc' build argument 'catkin_cmake_args' from command line to 'None'
[0.676s] Level 5:colcon.colcon_core.verb:set package 'baxter_mtc' build argument 'catkin_skip_building_tests' from command line to 'False'
[0.676s] DEBUG:colcon.colcon_core.verb:Building package 'baxter_mtc' with the following arguments: {'ament_cmake_args': None, 'build_base': '/home/developer/new_ros2_ws/build/baxter_mtc', 'catkin_cmake_args': None, 'catkin_skip_building_tests': False, 'cmake_args': ['-DCMAKE_BUILD_TYPE=Release'], 'cmake_clean_cache': False, 'cmake_clean_first': False, 'cmake_force_configure': False, 'cmake_target': None, 'cmake_target_skip_unavailable': False, 'install_base': '/home/developer/new_ros2_ws/install/baxter_mtc', 'merge_install': False, 'path': '/home/developer/new_ros2_ws/src/baxter_mtc', 'symlink_install': True, 'test_result_base': None}
[0.676s] Level 5:colcon.colcon_core.verb:set package 'hello_moveit' build argument 'cmake_args' from command line to '['-DCMAKE_BUILD_TYPE=Release']'
[0.676s] Level 5:colcon.colcon_core.verb:set package 'hello_moveit' build argument 'cmake_target' from command line to 'None'
[0.676s] Level 5:colcon.colcon_core.verb:set package 'hello_moveit' build argument 'cmake_target_skip_unavailable' from command line to 'False'
[0.677s] Level 5:colcon.colcon_core.verb:set package 'hello_moveit' build argument 'cmake_clean_cache' from command line to 'False'
[0.677s] Level 5:colcon.colcon_core.verb:set package 'hello_moveit' build argument 'cmake_clean_first' from command line to 'False'
[0.677s] Level 5:colcon.colcon_core.verb:set package 'hello_moveit' build argument 'cmake_force_configure' from command line to 'False'
[0.677s] Level 5:colcon.colcon_core.verb:set package 'hello_moveit' build argument 'ament_cmake_args' from command line to 'None'
[0.677s] Level 5:colcon.colcon_core.verb:set package 'hello_moveit' build argument 'catkin_cmake_args' from command line to 'None'
[0.677s] Level 5:colcon.colcon_core.verb:set package 'hello_moveit' build argument 'catkin_skip_building_tests' from command line to 'False'
[0.677s] DEBUG:colcon.colcon_core.verb:Building package 'hello_moveit' with the following arguments: {'ament_cmake_args': None, 'build_base': '/home/developer/new_ros2_ws/build/hello_moveit', 'catkin_cmake_args': None, 'catkin_skip_building_tests': False, 'cmake_args': ['-DCMAKE_BUILD_TYPE=Release'], 'cmake_clean_cache': False, 'cmake_clean_first': False, 'cmake_force_configure': False, 'cmake_target': None, 'cmake_target_skip_unavailable': False, 'install_base': '/home/developer/new_ros2_ws/install/hello_moveit', 'merge_install': False, 'path': '/home/developer/new_ros2_ws/src/hello_moveit', 'symlink_install': True, 'test_result_base': None}
[0.677s] Level 5:colcon.colcon_core.verb:set package 'mtc_tutorial' build argument 'cmake_args' from command line to '['-DCMAKE_BUILD_TYPE=Release']'
[0.677s] Level 5:colcon.colcon_core.verb:set package 'mtc_tutorial' build argument 'cmake_target' from command line to 'None'
[0.677s] Level 5:colcon.colcon_core.verb:set package 'mtc_tutorial' build argument 'cmake_target_skip_unavailable' from command line to 'False'
[0.677s] Level 5:colcon.colcon_core.verb:set package 'mtc_tutorial' build argument 'cmake_clean_cache' from command line to 'False'
[0.677s] Level 5:colcon.colcon_core.verb:set package 'mtc_tutorial' build argument 'cmake_clean_first' from command line to 'False'
[0.677s] Level 5:colcon.colcon_core.verb:set package 'mtc_tutorial' build argument 'cmake_force_configure' from command line to 'False'
[0.677s] Level 5:colcon.colcon_core.verb:set package 'mtc_tutorial' build argument 'ament_cmake_args' from command line to 'None'
[0.677s] Level 5:colcon.colcon_core.verb:set package 'mtc_tutorial' build argument 'catkin_cmake_args' from command line to 'None'
[0.677s] Level 5:colcon.colcon_core.verb:set package 'mtc_tutorial' build argument 'catkin_skip_building_tests' from command line to 'False'
[0.677s] DEBUG:colcon.colcon_core.verb:Building package 'mtc_tutorial' with the following arguments: {'ament_cmake_args': None, 'build_base': '/home/developer/new_ros2_ws/build/mtc_tutorial', 'catkin_cmake_args': None, 'catkin_skip_building_tests': False, 'cmake_args': ['-DCMAKE_BUILD_TYPE=Release'], 'cmake_clean_cache': False, 'cmake_clean_first': False, 'cmake_force_configure': False, 'cmake_target': None, 'cmake_target_skip_unavailable': False, 'install_base': '/home/developer/new_ros2_ws/install/mtc_tutorial', 'merge_install': False, 'path': '/home/developer/new_ros2_ws/src/mtc_tutorial', 'symlink_install': True, 'test_result_base': None}
[0.677s] INFO:colcon.colcon_core.executor:Executing jobs using 'parallel' executor
[0.679s] DEBUG:colcon.colcon_parallel_executor.executor.parallel:run_until_complete
[0.679s] INFO:colcon.colcon_ros.task.ament_cmake.build:Building ROS package in '/home/developer/new_ros2_ws/src/baxter_mtc' with build type 'ament_cmake'
[0.679s] INFO:colcon.colcon_cmake.task.cmake.build:Building CMake package in '/home/developer/new_ros2_ws/src/baxter_mtc'
[0.682s] INFO:colcon.colcon_core.plugin_system:Skipping extension 'colcon_core.shell.bat': Not used on non-Windows systems
[0.682s] INFO:colcon.colcon_core.shell:Skip shell extension 'powershell' for command environment: Not usable outside of PowerShell
[0.682s] DEBUG:colcon.colcon_core.shell:Skip shell extension 'dsv' for command environment
[0.707s] INFO:colcon.colcon_ros.task.ament_cmake.build:Building ROS package in '/home/developer/new_ros2_ws/src/hello_moveit' with build type 'ament_cmake'
[0.708s] INFO:colcon.colcon_cmake.task.cmake.build:Building CMake package in '/home/developer/new_ros2_ws/src/hello_moveit'
[0.708s] INFO:colcon.colcon_core.shell:Skip shell extension 'powershell' for command environment: Not usable outside of PowerShell
[0.708s] DEBUG:colcon.colcon_core.shell:Skip shell extension 'dsv' for command environment
[0.735s] INFO:colcon.colcon_ros.task.ament_cmake.build:Building ROS package in '/home/developer/new_ros2_ws/src/mtc_tutorial' with build type 'ament_cmake'
[0.735s] INFO:colcon.colcon_cmake.task.cmake.build:Building CMake package in '/home/developer/new_ros2_ws/src/mtc_tutorial'
[0.735s] INFO:colcon.colcon_core.shell:Skip shell extension 'powershell' for command environment: Not usable outside of PowerShell
[0.736s] DEBUG:colcon.colcon_core.shell:Skip shell extension 'dsv' for command environment
[0.767s] DEBUG:colcon.colcon_core.event_handler.log_command:Invoking command in '/home/developer/new_ros2_ws/build/baxter_mtc': CMAKE_PREFIX_PATH=${CMAKE_PREFIX_PATH}:/home/developer/ws_moveit2/install/moveit_resources_pr2_description:/home/developer/ws_moveit2/install/moveit_resources_fanuc_moveit_config:/home/developer/ws_moveit2/install/moveit_configs_utils:/home/developer/ws_moveit2/install/moveit_common:/home/developer/ros2_ws/install/rqt_joint_trajectory_controller:/home/developer/ros2_ws/install/rqt_controller_manager:/home/developer/ros2_ws/install/ros2controlcli:/home/developer/ros2_ws/install/ros2_controllers_test_nodes:/opt/ros/humble /usr/bin/cmake --build /home/developer/new_ros2_ws/build/baxter_mtc -- -j16 -l16
[0.775s] DEBUG:colcon.colcon_core.event_handler.log_command:Invoking command in '/home/developer/new_ros2_ws/build/hello_moveit': CMAKE_PREFIX_PATH=${CMAKE_PREFIX_PATH}:/home/developer/ws_moveit2/install/moveit_resources_pr2_description:/home/developer/ws_moveit2/install/moveit_resources_fanuc_moveit_config:/home/developer/ws_moveit2/install/moveit_configs_utils:/home/developer/ws_moveit2/install/moveit_common:/home/developer/ros2_ws/install/rqt_joint_trajectory_controller:/home/developer/ros2_ws/install/rqt_controller_manager:/home/developer/ros2_ws/install/ros2controlcli:/home/developer/ros2_ws/install/ros2_controllers_test_nodes:/opt/ros/humble /usr/bin/cmake --build /home/developer/new_ros2_ws/build/hello_moveit -- -j16 -l16
[0.783s] DEBUG:colcon.colcon_core.event_handler.log_command:Invoking command in '/home/developer/new_ros2_ws/build/mtc_tutorial': CMAKE_PREFIX_PATH=${CMAKE_PREFIX_PATH}:/home/developer/ws_moveit2/install/moveit_resources_pr2_description:/home/developer/ws_moveit2/install/moveit_resources_fanuc_moveit_config:/home/developer/ws_moveit2/install/moveit_configs_utils:/home/developer/ws_moveit2/install/moveit_common:/home/developer/ros2_ws/install/rqt_joint_trajectory_controller:/home/developer/ros2_ws/install/rqt_controller_manager:/home/developer/ros2_ws/install/ros2controlcli:/home/developer/ros2_ws/install/ros2_controllers_test_nodes:/opt/ros/humble /usr/bin/cmake --build /home/developer/new_ros2_ws/build/mtc_tutorial -- -j16 -l16
[1.037s] DEBUG:colcon.colcon_core.event_handler.log_command:Invoked command in '/home/developer/new_ros2_ws/build/baxter_mtc' returned '0': CMAKE_PREFIX_PATH=${CMAKE_PREFIX_PATH}:/home/developer/ws_moveit2/install/moveit_resources_pr2_description:/home/developer/ws_moveit2/install/moveit_resources_fanuc_moveit_config:/home/developer/ws_moveit2/install/moveit_configs_utils:/home/developer/ws_moveit2/install/moveit_common:/home/developer/ros2_ws/install/rqt_joint_trajectory_controller:/home/developer/ros2_ws/install/rqt_controller_manager:/home/developer/ros2_ws/install/ros2controlcli:/home/developer/ros2_ws/install/ros2_controllers_test_nodes:/opt/ros/humble /usr/bin/cmake --build /home/developer/new_ros2_ws/build/baxter_mtc -- -j16 -l16
[1.067s] DEBUG:colcon.colcon_core.event_handler.log_command:Invoking command in '/home/developer/new_ros2_ws/build/baxter_mtc': CMAKE_PREFIX_PATH=${CMAKE_PREFIX_PATH}:/home/developer/ws_moveit2/install/moveit_resources_pr2_description:/home/developer/ws_moveit2/install/moveit_resources_fanuc_moveit_config:/home/developer/ws_moveit2/install/moveit_configs_utils:/home/developer/ws_moveit2/install/moveit_common:/home/developer/ros2_ws/install/rqt_joint_trajectory_controller:/home/developer/ros2_ws/install/rqt_controller_manager:/home/developer/ros2_ws/install/ros2controlcli:/home/developer/ros2_ws/install/ros2_controllers_test_nodes:/opt/ros/humble /usr/bin/cmake --install /home/developer/new_ros2_ws/build/baxter_mtc
[1.068s] DEBUG:colcon.colcon_core.event_handler.log_command:Invoked command in '/home/developer/new_ros2_ws/build/hello_moveit' returned '0': CMAKE_PREFIX_PATH=${CMAKE_PREFIX_PATH}:/home/developer/ws_moveit2/install/moveit_resources_pr2_description:/home/developer/ws_moveit2/install/moveit_resources_fanuc_moveit_config:/home/developer/ws_moveit2/install/moveit_configs_utils:/home/developer/ws_moveit2/install/moveit_common:/home/developer/ros2_ws/install/rqt_joint_trajectory_controller:/home/developer/ros2_ws/install/rqt_controller_manager:/home/developer/ros2_ws/install/ros2controlcli:/home/developer/ros2_ws/install/ros2_controllers_test_nodes:/opt/ros/humble /usr/bin/cmake --build /home/developer/new_ros2_ws/build/hello_moveit -- -j16 -l16
[1.070s] DEBUG:colcon.colcon_core.event_handler.log_command:Invoking command in '/home/developer/new_ros2_ws/build/hello_moveit': CMAKE_PREFIX_PATH=${CMAKE_PREFIX_PATH}:/home/developer/ws_moveit2/install/moveit_resources_pr2_description:/home/developer/ws_moveit2/install/moveit_resources_fanuc_moveit_config:/home/developer/ws_moveit2/install/moveit_configs_utils:/home/developer/ws_moveit2/install/moveit_common:/home/developer/ros2_ws/install/rqt_joint_trajectory_controller:/home/developer/ros2_ws/install/rqt_controller_manager:/home/developer/ros2_ws/install/ros2controlcli:/home/developer/ros2_ws/install/ros2_controllers_test_nodes:/opt/ros/humble /usr/bin/cmake --install /home/developer/new_ros2_ws/build/hello_moveit
[1.133s] Level 1:colcon.colcon_core.environment:create_environment_scripts_only(hello_moveit)
[1.134s] DEBUG:colcon.colcon_core.event_handler.log_command:Invoked command in '/home/developer/new_ros2_ws/build/hello_moveit' returned '0': CMAKE_PREFIX_PATH=${CMAKE_PREFIX_PATH}:/home/developer/ws_moveit2/install/moveit_resources_pr2_description:/home/developer/ws_moveit2/install/moveit_resources_fanuc_moveit_config:/home/developer/ws_moveit2/install/moveit_configs_utils:/home/developer/ws_moveit2/install/moveit_common:/home/developer/ros2_ws/install/rqt_joint_trajectory_controller:/home/developer/ros2_ws/install/rqt_controller_manager:/home/developer/ros2_ws/install/ros2controlcli:/home/developer/ros2_ws/install/ros2_controllers_test_nodes:/opt/ros/humble /usr/bin/cmake --install /home/developer/new_ros2_ws/build/hello_moveit
[1.137s] Level 1:colcon.colcon_core.environment:checking '/home/developer/new_ros2_ws/install/hello_moveit' for CMake module files
[1.137s] Level 1:colcon.colcon_core.environment:checking '/home/developer/new_ros2_ws/install/hello_moveit' for CMake config files
[1.138s] Level 1:colcon.colcon_core.shell:create_environment_hook('hello_moveit', 'cmake_prefix_path')
[1.138s] INFO:colcon.colcon_core.shell:Creating environment hook '/home/developer/new_ros2_ws/install/hello_moveit/share/hello_moveit/hook/cmake_prefix_path.ps1'
[1.139s] INFO:colcon.colcon_core.shell:Creating environment descriptor '/home/developer/new_ros2_ws/install/hello_moveit/share/hello_moveit/hook/cmake_prefix_path.dsv'
[1.139s] INFO:colcon.colcon_core.shell:Creating environment hook '/home/developer/new_ros2_ws/install/hello_moveit/share/hello_moveit/hook/cmake_prefix_path.sh'
[1.140s] Level 1:colcon.colcon_core.environment:checking '/home/developer/new_ros2_ws/install/hello_moveit/lib'
[1.140s] Level 1:colcon.colcon_core.environment:checking '/home/developer/new_ros2_ws/install/hello_moveit/bin'
[1.140s] Level 1:colcon.colcon_core.environment:checking '/home/developer/new_ros2_ws/install/hello_moveit/lib/pkgconfig/hello_moveit.pc'
[1.140s] Level 1:colcon.colcon_core.environment:checking '/home/developer/new_ros2_ws/install/hello_moveit/lib/python3.10/site-packages'
[1.140s] Level 1:colcon.colcon_core.environment:checking '/home/developer/new_ros2_ws/install/hello_moveit/bin'
[1.141s] INFO:colcon.colcon_core.shell:Creating package script '/home/developer/new_ros2_ws/install/hello_moveit/share/hello_moveit/package.ps1'
[1.141s] INFO:colcon.colcon_core.shell:Creating package descriptor '/home/developer/new_ros2_ws/install/hello_moveit/share/hello_moveit/package.dsv'
[1.142s] INFO:colcon.colcon_core.shell:Creating package script '/home/developer/new_ros2_ws/install/hello_moveit/share/hello_moveit/package.sh'
[1.142s] INFO:colcon.colcon_core.shell:Creating package script '/home/developer/new_ros2_ws/install/hello_moveit/share/hello_moveit/package.bash'
[1.143s] INFO:colcon.colcon_core.shell:Creating package script '/home/developer/new_ros2_ws/install/hello_moveit/share/hello_moveit/package.zsh'
[1.144s] Level 1:colcon.colcon_core.environment:create_file_with_runtime_dependencies(/home/developer/new_ros2_ws/install/hello_moveit/share/colcon-core/packages/hello_moveit)
[1.144s] Level 1:colcon.colcon_core.environment:create_environment_scripts_only(hello_moveit)
[1.144s] Level 1:colcon.colcon_core.environment:checking '/home/developer/new_ros2_ws/install/hello_moveit' for CMake module files
[1.145s] Level 1:colcon.colcon_core.environment:checking '/home/developer/new_ros2_ws/install/hello_moveit' for CMake config files
[1.145s] Level 1:colcon.colcon_core.shell:create_environment_hook('hello_moveit', 'cmake_prefix_path')
[1.146s] INFO:colcon.colcon_core.shell:Creating environment hook '/home/developer/new_ros2_ws/install/hello_moveit/share/hello_moveit/hook/cmake_prefix_path.ps1'
[1.147s] INFO:colcon.colcon_core.shell:Creating environment descriptor '/home/developer/new_ros2_ws/install/hello_moveit/share/hello_moveit/hook/cmake_prefix_path.dsv'
[1.147s] INFO:colcon.colcon_core.shell:Creating environment hook '/home/developer/new_ros2_ws/install/hello_moveit/share/hello_moveit/hook/cmake_prefix_path.sh'
[1.148s] Level 1:colcon.colcon_core.environment:checking '/home/developer/new_ros2_ws/install/hello_moveit/lib'
[1.148s] Level 1:colcon.colcon_core.environment:checking '/home/developer/new_ros2_ws/install/hello_moveit/bin'
[1.148s] Level 1:colcon.colcon_core.environment:checking '/home/developer/new_ros2_ws/install/hello_moveit/lib/pkgconfig/hello_moveit.pc'
[1.148s] Level 1:colcon.colcon_core.environment:checking '/home/developer/new_ros2_ws/install/hello_moveit/lib/python3.10/site-packages'
[1.148s] Level 1:colcon.colcon_core.environment:checking '/home/developer/new_ros2_ws/install/hello_moveit/bin'
[1.148s] INFO:colcon.colcon_core.shell:Creating package script '/home/developer/new_ros2_ws/install/hello_moveit/share/hello_moveit/package.ps1'
[1.149s] INFO:colcon.colcon_core.shell:Creating package descriptor '/home/developer/new_ros2_ws/install/hello_moveit/share/hello_moveit/package.dsv'
[1.149s] INFO:colcon.colcon_core.shell:Creating package script '/home/developer/new_ros2_ws/install/hello_moveit/share/hello_moveit/package.sh'
[1.149s] INFO:colcon.colcon_core.shell:Creating package script '/home/developer/new_ros2_ws/install/hello_moveit/share/hello_moveit/package.bash'
[1.150s] INFO:colcon.colcon_core.shell:Creating package script '/home/developer/new_ros2_ws/install/hello_moveit/share/hello_moveit/package.zsh'
[1.150s] Level 1:colcon.colcon_core.environment:create_file_with_runtime_dependencies(/home/developer/new_ros2_ws/install/hello_moveit/share/colcon-core/packages/hello_moveit)
[1.151s] Level 1:colcon.colcon_core.environment:create_environment_scripts_only(baxter_mtc)
[1.151s] Level 1:colcon.colcon_core.environment:checking '/home/developer/new_ros2_ws/install/baxter_mtc' for CMake module files
[1.152s] DEBUG:colcon.colcon_core.event_handler.log_command:Invoked command in '/home/developer/new_ros2_ws/build/baxter_mtc' returned '0': CMAKE_PREFIX_PATH=${CMAKE_PREFIX_PATH}:/home/developer/ws_moveit2/install/moveit_resources_pr2_description:/home/developer/ws_moveit2/install/moveit_resources_fanuc_moveit_config:/home/developer/ws_moveit2/install/moveit_configs_utils:/home/developer/ws_moveit2/install/moveit_common:/home/developer/ros2_ws/install/rqt_joint_trajectory_controller:/home/developer/ros2_ws/install/rqt_controller_manager:/home/developer/ros2_ws/install/ros2controlcli:/home/developer/ros2_ws/install/ros2_controllers_test_nodes:/opt/ros/humble /usr/bin/cmake --install /home/developer/new_ros2_ws/build/baxter_mtc
[1.152s] Level 1:colcon.colcon_core.environment:checking '/home/developer/new_ros2_ws/install/baxter_mtc' for CMake config files
[1.153s] Level 1:colcon.colcon_core.shell:create_environment_hook('baxter_mtc', 'cmake_prefix_path')
[1.153s] INFO:colcon.colcon_core.shell:Creating environment hook '/home/developer/new_ros2_ws/install/baxter_mtc/share/baxter_mtc/hook/cmake_prefix_path.ps1'
[1.153s] INFO:colcon.colcon_core.shell:Creating environment descriptor '/home/developer/new_ros2_ws/install/baxter_mtc/share/baxter_mtc/hook/cmake_prefix_path.dsv'
[1.154s] INFO:colcon.colcon_core.shell:Creating environment hook '/home/developer/new_ros2_ws/install/baxter_mtc/share/baxter_mtc/hook/cmake_prefix_path.sh'
[1.154s] Level 1:colcon.colcon_core.environment:checking '/home/developer/new_ros2_ws/install/baxter_mtc/lib'
[1.154s] Level 1:colcon.colcon_core.environment:checking '/home/developer/new_ros2_ws/install/baxter_mtc/bin'
[1.154s] Level 1:colcon.colcon_core.environment:checking '/home/developer/new_ros2_ws/install/baxter_mtc/lib/pkgconfig/baxter_mtc.pc'
[1.155s] Level 1:colcon.colcon_core.environment:checking '/home/developer/new_ros2_ws/install/baxter_mtc/lib/python3.10/site-packages'
[1.155s] Level 1:colcon.colcon_core.environment:checking '/home/developer/new_ros2_ws/install/baxter_mtc/bin'
[1.155s] INFO:colcon.colcon_core.shell:Creating package script '/home/developer/new_ros2_ws/install/baxter_mtc/share/baxter_mtc/package.ps1'
[1.155s] INFO:colcon.colcon_core.shell:Creating package descriptor '/home/developer/new_ros2_ws/install/baxter_mtc/share/baxter_mtc/package.dsv'
[1.156s] INFO:colcon.colcon_core.shell:Creating package script '/home/developer/new_ros2_ws/install/baxter_mtc/share/baxter_mtc/package.sh'
[1.156s] INFO:colcon.colcon_core.shell:Creating package script '/home/developer/new_ros2_ws/install/baxter_mtc/share/baxter_mtc/package.bash'
[1.156s] INFO:colcon.colcon_core.shell:Creating package script '/home/developer/new_ros2_ws/install/baxter_mtc/share/baxter_mtc/package.zsh'
[1.157s] Level 1:colcon.colcon_core.environment:create_file_with_runtime_dependencies(/home/developer/new_ros2_ws/install/baxter_mtc/share/colcon-core/packages/baxter_mtc)
[1.157s] Level 1:colcon.colcon_core.environment:create_environment_scripts_only(baxter_mtc)
[1.158s] Level 1:colcon.colcon_core.environment:checking '/home/developer/new_ros2_ws/install/baxter_mtc' for CMake module files
[1.158s] Level 1:colcon.colcon_core.environment:checking '/home/developer/new_ros2_ws/install/baxter_mtc' for CMake config files
[1.158s] Level 1:colcon.colcon_core.shell:create_environment_hook('baxter_mtc', 'cmake_prefix_path')
[1.159s] INFO:colcon.colcon_core.shell:Creating environment hook '/home/developer/new_ros2_ws/install/baxter_mtc/share/baxter_mtc/hook/cmake_prefix_path.ps1'
[1.159s] INFO:colcon.colcon_core.shell:Creating environment descriptor '/home/developer/new_ros2_ws/install/baxter_mtc/share/baxter_mtc/hook/cmake_prefix_path.dsv'
[1.159s] INFO:colcon.colcon_core.shell:Creating environment hook '/home/developer/new_ros2_ws/install/baxter_mtc/share/baxter_mtc/hook/cmake_prefix_path.sh'
[1.160s] Level 1:colcon.colcon_core.environment:checking '/home/developer/new_ros2_ws/install/baxter_mtc/lib'
[1.160s] Level 1:colcon.colcon_core.environment:checking '/home/developer/new_ros2_ws/install/baxter_mtc/bin'
[1.160s] Level 1:colcon.colcon_core.environment:checking '/home/developer/new_ros2_ws/install/baxter_mtc/lib/pkgconfig/baxter_mtc.pc'
[1.160s] Level 1:colcon.colcon_core.environment:checking '/home/developer/new_ros2_ws/install/baxter_mtc/lib/python3.10/site-packages'
[1.160s] Level 1:colcon.colcon_core.environment:checking '/home/developer/new_ros2_ws/install/baxter_mtc/bin'
[1.161s] INFO:colcon.colcon_core.shell:Creating package script '/home/developer/new_ros2_ws/install/baxter_mtc/share/baxter_mtc/package.ps1'
[1.161s] INFO:colcon.colcon_core.shell:Creating package descriptor '/home/developer/new_ros2_ws/install/baxter_mtc/share/baxter_mtc/package.dsv'
[1.161s] INFO:colcon.colcon_core.shell:Creating package script '/home/developer/new_ros2_ws/install/baxter_mtc/share/baxter_mtc/package.sh'
[1.162s] INFO:colcon.colcon_core.shell:Creating package script '/home/developer/new_ros2_ws/install/baxter_mtc/share/baxter_mtc/package.bash'
[1.162s] INFO:colcon.colcon_core.shell:Creating package script '/home/developer/new_ros2_ws/install/baxter_mtc/share/baxter_mtc/package.zsh'
[1.162s] Level 1:colcon.colcon_core.environment:create_file_with_runtime_dependencies(/home/developer/new_ros2_ws/install/baxter_mtc/share/colcon-core/packages/baxter_mtc)
[11.823s] DEBUG:colcon.colcon_core.event_handler.log_command:Invoked command in '/home/developer/new_ros2_ws/build/mtc_tutorial' returned '0': CMAKE_PREFIX_PATH=${CMAKE_PREFIX_PATH}:/home/developer/ws_moveit2/install/moveit_resources_pr2_description:/home/developer/ws_moveit2/install/moveit_resources_fanuc_moveit_config:/home/developer/ws_moveit2/install/moveit_configs_utils:/home/developer/ws_moveit2/install/moveit_common:/home/developer/ros2_ws/install/rqt_joint_trajectory_controller:/home/developer/ros2_ws/install/rqt_controller_manager:/home/developer/ros2_ws/install/ros2controlcli:/home/developer/ros2_ws/install/ros2_controllers_test_nodes:/opt/ros/humble /usr/bin/cmake --build /home/developer/new_ros2_ws/build/mtc_tutorial -- -j16 -l16
[11.829s] DEBUG:colcon.colcon_core.event_handler.log_command:Invoking command in '/home/developer/new_ros2_ws/build/mtc_tutorial': CMAKE_PREFIX_PATH=${CMAKE_PREFIX_PATH}:/home/developer/ws_moveit2/install/moveit_resources_pr2_description:/home/developer/ws_moveit2/install/moveit_resources_fanuc_moveit_config:/home/developer/ws_moveit2/install/moveit_configs_utils:/home/developer/ws_moveit2/install/moveit_common:/home/developer/ros2_ws/install/rqt_joint_trajectory_controller:/home/developer/ros2_ws/install/rqt_controller_manager:/home/developer/ros2_ws/install/ros2controlcli:/home/developer/ros2_ws/install/ros2_controllers_test_nodes:/opt/ros/humble /usr/bin/cmake --install /home/developer/new_ros2_ws/build/mtc_tutorial
[11.881s] Level 1:colcon.colcon_core.environment:create_environment_scripts_only(mtc_tutorial)
[11.881s] Level 1:colcon.colcon_core.environment:checking '/home/developer/new_ros2_ws/install/mtc_tutorial' for CMake module files
[11.881s] DEBUG:colcon.colcon_core.event_handler.log_command:Invoked command in '/home/developer/new_ros2_ws/build/mtc_tutorial' returned '0': CMAKE_PREFIX_PATH=${CMAKE_PREFIX_PATH}:/home/developer/ws_moveit2/install/moveit_resources_pr2_description:/home/developer/ws_moveit2/install/moveit_resources_fanuc_moveit_config:/home/developer/ws_moveit2/install/moveit_configs_utils:/home/developer/ws_moveit2/install/moveit_common:/home/developer/ros2_ws/install/rqt_joint_trajectory_controller:/home/developer/ros2_ws/install/rqt_controller_manager:/home/developer/ros2_ws/install/ros2controlcli:/home/developer/ros2_ws/install/ros2_controllers_test_nodes:/opt/ros/humble /usr/bin/cmake --install /home/developer/new_ros2_ws/build/mtc_tutorial
[11.882s] Level 1:colcon.colcon_core.environment:checking '/home/developer/new_ros2_ws/install/mtc_tutorial' for CMake config files
[11.883s] Level 1:colcon.colcon_core.shell:create_environment_hook('mtc_tutorial', 'cmake_prefix_path')
[11.883s] INFO:colcon.colcon_core.shell:Creating environment hook '/home/developer/new_ros2_ws/install/mtc_tutorial/share/mtc_tutorial/hook/cmake_prefix_path.ps1'
[11.883s] INFO:colcon.colcon_core.shell:Creating environment descriptor '/home/developer/new_ros2_ws/install/mtc_tutorial/share/mtc_tutorial/hook/cmake_prefix_path.dsv'
[11.884s] INFO:colcon.colcon_core.shell:Creating environment hook '/home/developer/new_ros2_ws/install/mtc_tutorial/share/mtc_tutorial/hook/cmake_prefix_path.sh'
[11.884s] Level 1:colcon.colcon_core.environment:checking '/home/developer/new_ros2_ws/install/mtc_tutorial/lib'
[11.884s] Level 1:colcon.colcon_core.environment:checking '/home/developer/new_ros2_ws/install/mtc_tutorial/bin'
[11.884s] Level 1:colcon.colcon_core.environment:checking '/home/developer/new_ros2_ws/install/mtc_tutorial/lib/pkgconfig/mtc_tutorial.pc'
[11.885s] Level 1:colcon.colcon_core.environment:checking '/home/developer/new_ros2_ws/install/mtc_tutorial/lib/python3.10/site-packages'
[11.885s] Level 1:colcon.colcon_core.environment:checking '/home/developer/new_ros2_ws/install/mtc_tutorial/bin'
[11.885s] INFO:colcon.colcon_core.shell:Creating package script '/home/developer/new_ros2_ws/install/mtc_tutorial/share/mtc_tutorial/package.ps1'
[11.885s] INFO:colcon.colcon_core.shell:Creating package descriptor '/home/developer/new_ros2_ws/install/mtc_tutorial/share/mtc_tutorial/package.dsv'
[11.886s] INFO:colcon.colcon_core.shell:Creating package script '/home/developer/new_ros2_ws/install/mtc_tutorial/share/mtc_tutorial/package.sh'
[11.886s] INFO:colcon.colcon_core.shell:Creating package script '/home/developer/new_ros2_ws/install/mtc_tutorial/share/mtc_tutorial/package.bash'
[11.886s] INFO:colcon.colcon_core.shell:Creating package script '/home/developer/new_ros2_ws/install/mtc_tutorial/share/mtc_tutorial/package.zsh'
[11.887s] Level 1:colcon.colcon_core.environment:create_file_with_runtime_dependencies(/home/developer/new_ros2_ws/install/mtc_tutorial/share/colcon-core/packages/mtc_tutorial)
[11.887s] Level 1:colcon.colcon_core.environment:create_environment_scripts_only(mtc_tutorial)
[11.887s] Level 1:colcon.colcon_core.environment:checking '/home/developer/new_ros2_ws/install/mtc_tutorial' for CMake module files
[11.887s] Level 1:colcon.colcon_core.environment:checking '/home/developer/new_ros2_ws/install/mtc_tutorial' for CMake config files
[11.888s] Level 1:colcon.colcon_core.shell:create_environment_hook('mtc_tutorial', 'cmake_prefix_path')
[11.888s] INFO:colcon.colcon_core.shell:Creating environment hook '/home/developer/new_ros2_ws/install/mtc_tutorial/share/mtc_tutorial/hook/cmake_prefix_path.ps1'
[11.888s] INFO:colcon.colcon_core.shell:Creating environment descriptor '/home/developer/new_ros2_ws/install/mtc_tutorial/share/mtc_tutorial/hook/cmake_prefix_path.dsv'
[11.889s] INFO:colcon.colcon_core.shell:Creating environment hook '/home/developer/new_ros2_ws/install/mtc_tutorial/share/mtc_tutorial/hook/cmake_prefix_path.sh'
[11.889s] Level 1:colcon.colcon_core.environment:checking '/home/developer/new_ros2_ws/install/mtc_tutorial/lib'
[11.889s] Level 1:colcon.colcon_core.environment:checking '/home/developer/new_ros2_ws/install/mtc_tutorial/bin'
[11.889s] Level 1:colcon.colcon_core.environment:checking '/home/developer/new_ros2_ws/install/mtc_tutorial/lib/pkgconfig/mtc_tutorial.pc'
[11.889s] Level 1:colcon.colcon_core.environment:checking '/home/developer/new_ros2_ws/install/mtc_tutorial/lib/python3.10/site-packages'
[11.889s] Level 1:colcon.colcon_core.environment:checking '/home/developer/new_ros2_ws/install/mtc_tutorial/bin'
[11.890s] INFO:colcon.colcon_core.shell:Creating package script '/home/developer/new_ros2_ws/install/mtc_tutorial/share/mtc_tutorial/package.ps1'
[11.890s] INFO:colcon.colcon_core.shell:Creating package descriptor '/home/developer/new_ros2_ws/install/mtc_tutorial/share/mtc_tutorial/package.dsv'
[11.890s] INFO:colcon.colcon_core.shell:Creating package script '/home/developer/new_ros2_ws/install/mtc_tutorial/share/mtc_tutorial/package.sh'
[11.891s] INFO:colcon.colcon_core.shell:Creating package script '/home/developer/new_ros2_ws/install/mtc_tutorial/share/mtc_tutorial/package.bash'
[11.891s] INFO:colcon.colcon_core.shell:Creating package script '/home/developer/new_ros2_ws/install/mtc_tutorial/share/mtc_tutorial/package.zsh'
[11.891s] Level 1:colcon.colcon_core.environment:create_file_with_runtime_dependencies(/home/developer/new_ros2_ws/install/mtc_tutorial/share/colcon-core/packages/mtc_tutorial)
[11.891s] DEBUG:colcon.colcon_parallel_executor.executor.parallel:closing loop
[11.892s] DEBUG:colcon.colcon_parallel_executor.executor.parallel:loop closed
[11.892s] DEBUG:colcon.colcon_parallel_executor.executor.parallel:run_until_complete finished with '0'
[11.892s] DEBUG:colcon.colcon_core.event_reactor:joining thread
[11.899s] INFO:colcon.colcon_core.plugin_system:Skipping extension 'colcon_notification.desktop_notification.notify_send': Could not find 'notify-send'
[11.899s] INFO:colcon.colcon_core.plugin_system:Skipping extension 'colcon_notification.desktop_notification.terminal_notifier': Not used on non-Darwin systems
[11.899s] INFO:colcon.colcon_core.plugin_system:Skipping extension 'colcon_notification.desktop_notification.win32': Not used on non-Windows systems
[11.899s] INFO:colcon.colcon_notification.desktop_notification:Sending desktop notification using 'notify2'
[11.902s] DEBUG:colcon.colcon_notification.desktop_notification.notify2:Failed to initialize notify2: org.freedesktop.DBus.Error.Spawn.ExecFailed: /usr/bin/dbus-launch terminated abnormally without any error message
[11.903s] DEBUG:colcon.colcon_core.event_reactor:joined thread
[11.903s] INFO:colcon.colcon_core.shell:Creating prefix script '/home/developer/new_ros2_ws/install/local_setup.ps1'
[11.904s] INFO:colcon.colcon_core.shell:Creating prefix util module '/home/developer/new_ros2_ws/install/_local_setup_util_ps1.py'
[11.905s] INFO:colcon.colcon_core.shell:Creating prefix chain script '/home/developer/new_ros2_ws/install/setup.ps1'
[11.916s] INFO:colcon.colcon_core.shell:Creating prefix script '/home/developer/new_ros2_ws/install/local_setup.sh'
[11.917s] INFO:colcon.colcon_core.shell:Creating prefix util module '/home/developer/new_ros2_ws/install/_local_setup_util_sh.py'
[11.918s] INFO:colcon.colcon_core.shell:Creating prefix chain script '/home/developer/new_ros2_ws/install/setup.sh'
[11.927s] INFO:colcon.colcon_core.shell:Creating prefix script '/home/developer/new_ros2_ws/install/local_setup.bash'
[11.927s] INFO:colcon.colcon_core.shell:Creating prefix chain script '/home/developer/new_ros2_ws/install/setup.bash'
[11.934s] INFO:colcon.colcon_core.shell:Creating prefix script '/home/developer/new_ros2_ws/install/local_setup.zsh'
[11.935s] INFO:colcon.colcon_core.shell:Creating prefix chain script '/home/developer/new_ros2_ws/install/setup.zsh'
