[0.126s] Invoking command in '/home/developer/new_ros2_ws/build/baxter_mtc': CMAKE_PREFIX_PATH=${CMAKE_PREFIX_PATH}:/home/developer/ws_moveit2/install/moveit_configs_utils:/home/developer/ros2_ws/install/rqt_joint_trajectory_controller:/home/developer/ros2_ws/install/rqt_controller_manager:/home/developer/ros2_ws/install/ros2controlcli:/home/developer/ros2_ws/install/ros2_controllers_test_nodes:/opt/ros/humble /usr/bin/cmake --build /home/developer/new_ros2_ws/build/baxter_mtc -- -j16 -l16
[0.521s] [100%] Built target baxter_mtc_node
[0.582s] Invoked command in '/home/developer/new_ros2_ws/build/baxter_mtc' returned '0': CMAKE_PREFIX_PATH=${CMAKE_PREFIX_PATH}:/home/developer/ws_moveit2/install/moveit_configs_utils:/home/developer/ros2_ws/install/rqt_joint_trajectory_controller:/home/developer/ros2_ws/install/rqt_controller_manager:/home/developer/ros2_ws/install/ros2controlcli:/home/developer/ros2_ws/install/ros2_controllers_test_nodes:/opt/ros/humble /usr/bin/cmake --build /home/developer/new_ros2_ws/build/baxter_mtc -- -j16 -l16
[0.636s] Invoking command in '/home/developer/new_ros2_ws/build/baxter_mtc': CMAKE_PREFIX_PATH=${CMAKE_PREFIX_PATH}:/home/developer/ws_moveit2/install/moveit_configs_utils:/home/developer/ros2_ws/install/rqt_joint_trajectory_controller:/home/developer/ros2_ws/install/rqt_controller_manager:/home/developer/ros2_ws/install/ros2controlcli:/home/developer/ros2_ws/install/ros2_controllers_test_nodes:/opt/ros/humble /usr/bin/cmake --install /home/developer/new_ros2_ws/build/baxter_mtc
[0.686s] -- Install configuration: "Release"
[0.686s] -- Execute custom install script
[0.687s] -- Up-to-date symlink: /home/developer/new_ros2_ws/install/baxter_mtc/share/baxter_mtc/launch/baxter_launch.py
[0.688s] -- Up-to-date symlink: /home/developer/new_ros2_ws/install/baxter_mtc/lib/baxter_mtc/baxter_mtc_node
[0.688s] -- Up-to-date symlink: /home/developer/new_ros2_ws/install/baxter_mtc/share/ament_index/resource_index/package_run_dependencies/baxter_mtc
[0.689s] -- Up-to-date symlink: /home/developer/new_ros2_ws/install/baxter_mtc/share/ament_index/resource_index/parent_prefix_path/baxter_mtc
[0.689s] -- Up-to-date symlink: /home/developer/new_ros2_ws/install/baxter_mtc/share/baxter_mtc/environment/ament_prefix_path.sh
[0.689s] -- Up-to-date symlink: /home/developer/new_ros2_ws/install/baxter_mtc/share/baxter_mtc/environment/ament_prefix_path.dsv
[0.690s] -- Up-to-date symlink: /home/developer/new_ros2_ws/install/baxter_mtc/share/baxter_mtc/environment/path.sh
[0.690s] -- Up-to-date symlink: /home/developer/new_ros2_ws/install/baxter_mtc/share/baxter_mtc/environment/path.dsv
[0.690s] -- Up-to-date symlink: /home/developer/new_ros2_ws/install/baxter_mtc/share/baxter_mtc/local_setup.bash
[0.691s] -- Up-to-date symlink: /home/developer/new_ros2_ws/install/baxter_mtc/share/baxter_mtc/local_setup.sh
[0.691s] -- Up-to-date symlink: /home/developer/new_ros2_ws/install/baxter_mtc/share/baxter_mtc/local_setup.zsh
[0.691s] -- Up-to-date symlink: /home/developer/new_ros2_ws/install/baxter_mtc/share/baxter_mtc/local_setup.dsv
[0.691s] -- Symlinking: /home/developer/new_ros2_ws/install/baxter_mtc/share/baxter_mtc/package.dsv
[0.747s] -- Up-to-date symlink: /home/developer/new_ros2_ws/install/baxter_mtc/share/ament_index/resource_index/packages/baxter_mtc
[0.747s] -- Up-to-date symlink: /home/developer/new_ros2_ws/install/baxter_mtc/share/baxter_mtc/cmake/baxter_mtcConfig.cmake
[0.748s] -- Up-to-date symlink: /home/developer/new_ros2_ws/install/baxter_mtc/share/baxter_mtc/cmake/baxter_mtcConfig-version.cmake
[0.748s] -- Up-to-date symlink: /home/developer/new_ros2_ws/install/baxter_mtc/share/baxter_mtc/package.xml
[0.752s] Invoked command in '/home/developer/new_ros2_ws/build/baxter_mtc' returned '0': CMAKE_PREFIX_PATH=${CMAKE_PREFIX_PATH}:/home/developer/ws_moveit2/install/moveit_configs_utils:/home/developer/ros2_ws/install/rqt_joint_trajectory_controller:/home/developer/ros2_ws/install/rqt_controller_manager:/home/developer/ros2_ws/install/ros2controlcli:/home/developer/ros2_ws/install/ros2_controllers_test_nodes:/opt/ros/humble /usr/bin/cmake --install /home/developer/new_ros2_ws/build/baxter_mtc
