[0.067s] Invoking command in '/home/developer/new_ros2_ws/build/hello_moveit': CMAKE_PREFIX_PATH=${CMAKE_PREFIX_PATH}:/home/developer/ws_moveit2/install/moveit_configs_utils:/home/developer/ros2_ws/install/rqt_joint_trajectory_controller:/home/developer/ros2_ws/install/rqt_controller_manager:/home/developer/ros2_ws/install/ros2controlcli:/home/developer/ros2_ws/install/ros2_controllers_test_nodes:/opt/ros/humble /usr/bin/cmake --build /home/developer/new_ros2_ws/build/hello_moveit -- -j16 -l16
[0.318s] [100%] Built target hello_moveit
[0.376s] Invoked command in '/home/developer/new_ros2_ws/build/hello_moveit' returned '0': CMAKE_PREFIX_PATH=${CMAKE_PREFIX_PATH}:/home/developer/ws_moveit2/install/moveit_configs_utils:/home/developer/ros2_ws/install/rqt_joint_trajectory_controller:/home/developer/ros2_ws/install/rqt_controller_manager:/home/developer/ros2_ws/install/ros2controlcli:/home/developer/ros2_ws/install/ros2_controllers_test_nodes:/opt/ros/humble /usr/bin/cmake --build /home/developer/new_ros2_ws/build/hello_moveit -- -j16 -l16
[0.378s] Invoking command in '/home/developer/new_ros2_ws/build/hello_moveit': CMAKE_PREFIX_PATH=${CMAKE_PREFIX_PATH}:/home/developer/ws_moveit2/install/moveit_configs_utils:/home/developer/ros2_ws/install/rqt_joint_trajectory_controller:/home/developer/ros2_ws/install/rqt_controller_manager:/home/developer/ros2_ws/install/ros2controlcli:/home/developer/ros2_ws/install/ros2_controllers_test_nodes:/opt/ros/humble /usr/bin/cmake --install /home/developer/new_ros2_ws/build/hello_moveit
[0.407s] -- Install configuration: "Release"
[0.408s] -- Execute custom install script
[0.409s] -- Up-to-date symlink: /home/developer/new_ros2_ws/install/hello_moveit/lib/hello_moveit/hello_moveit
[0.409s] -- Up-to-date symlink: /home/developer/new_ros2_ws/install/hello_moveit/share/ament_index/resource_index/package_run_dependencies/hello_moveit
[0.410s] -- Up-to-date symlink: /home/developer/new_ros2_ws/install/hello_moveit/share/ament_index/resource_index/parent_prefix_path/hello_moveit
[0.411s] -- Up-to-date symlink: /home/developer/new_ros2_ws/install/hello_moveit/share/hello_moveit/environment/ament_prefix_path.sh
[0.411s] -- Up-to-date symlink: /home/developer/new_ros2_ws/install/hello_moveit/share/hello_moveit/environment/ament_prefix_path.dsv
[0.411s] -- Up-to-date symlink: /home/developer/new_ros2_ws/install/hello_moveit/share/hello_moveit/environment/path.sh
[0.412s] -- Up-to-date symlink: /home/developer/new_ros2_ws/install/hello_moveit/share/hello_moveit/environment/path.dsv
[0.412s] -- Up-to-date symlink: /home/developer/new_ros2_ws/install/hello_moveit/share/hello_moveit/local_setup.bash
[0.412s] -- Up-to-date symlink: /home/developer/new_ros2_ws/install/hello_moveit/share/hello_moveit/local_setup.sh
[0.412s] -- Up-to-date symlink: /home/developer/new_ros2_ws/install/hello_moveit/share/hello_moveit/local_setup.zsh
[0.413s] -- Up-to-date symlink: /home/developer/new_ros2_ws/install/hello_moveit/share/hello_moveit/local_setup.dsv
[0.413s] -- Symlinking: /home/developer/new_ros2_ws/install/hello_moveit/share/hello_moveit/package.dsv
[0.445s] -- Up-to-date symlink: /home/developer/new_ros2_ws/install/hello_moveit/share/ament_index/resource_index/packages/hello_moveit
[0.445s] -- Up-to-date symlink: /home/developer/new_ros2_ws/install/hello_moveit/share/hello_moveit/cmake/hello_moveitConfig.cmake
[0.445s] -- Up-to-date symlink: /home/developer/new_ros2_ws/install/hello_moveit/share/hello_moveit/cmake/hello_moveitConfig-version.cmake
[0.446s] -- Up-to-date symlink: /home/developer/new_ros2_ws/install/hello_moveit/share/hello_moveit/package.xml
[0.466s] Invoked command in '/home/developer/new_ros2_ws/build/hello_moveit' returned '0': CMAKE_PREFIX_PATH=${CMAKE_PREFIX_PATH}:/home/developer/ws_moveit2/install/moveit_configs_utils:/home/developer/ros2_ws/install/rqt_joint_trajectory_controller:/home/developer/ros2_ws/install/rqt_controller_manager:/home/developer/ros2_ws/install/ros2controlcli:/home/developer/ros2_ws/install/ros2_controllers_test_nodes:/opt/ros/humble /usr/bin/cmake --install /home/developer/new_ros2_ws/build/hello_moveit
