[0.097s] Invoking command in '/home/developer/new_ros2_ws/build/baxter_mtc': CMAKE_PREFIX_PATH=${CMAKE_PREFIX_PATH}:/home/developer/ws_moveit2/install/moveit_configs_utils:/home/developer/ros2_ws/install/rqt_joint_trajectory_controller:/home/developer/ros2_ws/install/rqt_controller_manager:/home/developer/ros2_ws/install/ros2controlcli:/home/developer/ros2_ws/install/ros2_controllers_test_nodes:/opt/ros/humble /usr/bin/cmake --build /home/developer/new_ros2_ws/build/baxter_mtc -- -j16 -l16
[0.400s] [100%] Built target baxter_mtc_node
[0.452s] Invoked command in '/home/developer/new_ros2_ws/build/baxter_mtc' returned '0': CMAKE_PREFIX_PATH=${CMAKE_PREFIX_PATH}:/home/developer/ws_moveit2/install/moveit_configs_utils:/home/developer/ros2_ws/install/rqt_joint_trajectory_controller:/home/developer/ros2_ws/install/rqt_controller_manager:/home/developer/ros2_ws/install/ros2controlcli:/home/developer/ros2_ws/install/ros2_controllers_test_nodes:/opt/ros/humble /usr/bin/cmake --build /home/developer/new_ros2_ws/build/baxter_mtc -- -j16 -l16
[0.490s] Invoking command in '/home/developer/new_ros2_ws/build/baxter_mtc': CMAKE_PREFIX_PATH=${CMAKE_PREFIX_PATH}:/home/developer/ws_moveit2/install/moveit_configs_utils:/home/developer/ros2_ws/install/rqt_joint_trajectory_controller:/home/developer/ros2_ws/install/rqt_controller_manager:/home/developer/ros2_ws/install/ros2controlcli:/home/developer/ros2_ws/install/ros2_controllers_test_nodes:/opt/ros/humble /usr/bin/cmake --install /home/developer/new_ros2_ws/build/baxter_mtc
[0.528s] -- Install configuration: "Release"
[0.529s] -- Execute custom install script
[0.530s] -- Up-to-date symlink: /home/developer/new_ros2_ws/install/baxter_mtc/share/baxter_mtc/launch/baxter_launch.py
[0.530s] -- Up-to-date symlink: /home/developer/new_ros2_ws/install/baxter_mtc/lib/baxter_mtc/baxter_mtc_node
[0.531s] -- Up-to-date symlink: /home/developer/new_ros2_ws/install/baxter_mtc/share/ament_index/resource_index/package_run_dependencies/baxter_mtc
[0.532s] -- Up-to-date symlink: /home/developer/new_ros2_ws/install/baxter_mtc/share/ament_index/resource_index/parent_prefix_path/baxter_mtc
[0.532s] -- Up-to-date symlink: /home/developer/new_ros2_ws/install/baxter_mtc/share/baxter_mtc/environment/ament_prefix_path.sh
[0.533s] -- Up-to-date symlink: /home/developer/new_ros2_ws/install/baxter_mtc/share/baxter_mtc/environment/ament_prefix_path.dsv
[0.534s] -- Up-to-date symlink: /home/developer/new_ros2_ws/install/baxter_mtc/share/baxter_mtc/environment/path.sh
[0.534s] -- Up-to-date symlink: /home/developer/new_ros2_ws/install/baxter_mtc/share/baxter_mtc/environment/path.dsv
[0.534s] -- Up-to-date symlink: /home/developer/new_ros2_ws/install/baxter_mtc/share/baxter_mtc/local_setup.bash
[0.534s] -- Up-to-date symlink: /home/developer/new_ros2_ws/install/baxter_mtc/share/baxter_mtc/local_setup.sh
[0.534s] -- Up-to-date symlink: /home/developer/new_ros2_ws/install/baxter_mtc/share/baxter_mtc/local_setup.zsh
[0.534s] -- Up-to-date symlink: /home/developer/new_ros2_ws/install/baxter_mtc/share/baxter_mtc/local_setup.dsv
[0.534s] -- Symlinking: /home/developer/new_ros2_ws/install/baxter_mtc/share/baxter_mtc/package.dsv
[0.580s] -- Up-to-date symlink: /home/developer/new_ros2_ws/install/baxter_mtc/share/ament_index/resource_index/packages/baxter_mtc
[0.580s] -- Up-to-date symlink: /home/developer/new_ros2_ws/install/baxter_mtc/share/baxter_mtc/cmake/baxter_mtcConfig.cmake
[0.581s] -- Up-to-date symlink: /home/developer/new_ros2_ws/install/baxter_mtc/share/baxter_mtc/cmake/baxter_mtcConfig-version.cmake
[0.581s] -- Up-to-date symlink: /home/developer/new_ros2_ws/install/baxter_mtc/share/baxter_mtc/package.xml
[0.586s] Invoked command in '/home/developer/new_ros2_ws/build/baxter_mtc' returned '0': CMAKE_PREFIX_PATH=${CMAKE_PREFIX_PATH}:/home/developer/ws_moveit2/install/moveit_configs_utils:/home/developer/ros2_ws/install/rqt_joint_trajectory_controller:/home/developer/ros2_ws/install/rqt_controller_manager:/home/developer/ros2_ws/install/ros2controlcli:/home/developer/ros2_ws/install/ros2_controllers_test_nodes:/opt/ros/humble /usr/bin/cmake --install /home/developer/new_ros2_ws/build/baxter_mtc
