[0.085s] Invoking command in '/home/developer/new_ros2_ws/build/hello_moveit': CMAKE_PREFIX_PATH=${CMAKE_PREFIX_PATH}:/home/developer/ws_moveit2/install/moveit_resources_pr2_description:/home/developer/ws_moveit2/install/moveit_resources_fanuc_moveit_config:/home/developer/ws_moveit2/install/moveit_configs_utils:/home/developer/ws_moveit2/install/moveit_common:/home/developer/ros2_ws/install/rqt_joint_trajectory_controller:/home/developer/ros2_ws/install/rqt_controller_manager:/home/developer/ros2_ws/install/ros2controlcli:/home/developer/ros2_ws/install/ros2_controllers_test_nodes:/opt/ros/humble /usr/bin/cmake --build /home/developer/new_ros2_ws/build/hello_moveit -- -j16 -l16
[0.429s] [100%] Built target hello_moveit
[0.519s] Invoked command in '/home/developer/new_ros2_ws/build/hello_moveit' returned '0': CMAKE_PREFIX_PATH=${CMAKE_PREFIX_PATH}:/home/developer/ws_moveit2/install/moveit_resources_pr2_description:/home/developer/ws_moveit2/install/moveit_resources_fanuc_moveit_config:/home/developer/ws_moveit2/install/moveit_configs_utils:/home/developer/ws_moveit2/install/moveit_common:/home/developer/ros2_ws/install/rqt_joint_trajectory_controller:/home/developer/ros2_ws/install/rqt_controller_manager:/home/developer/ros2_ws/install/ros2controlcli:/home/developer/ros2_ws/install/ros2_controllers_test_nodes:/opt/ros/humble /usr/bin/cmake --build /home/developer/new_ros2_ws/build/hello_moveit -- -j16 -l16
[0.522s] Invoking command in '/home/developer/new_ros2_ws/build/hello_moveit': CMAKE_PREFIX_PATH=${CMAKE_PREFIX_PATH}:/home/developer/ws_moveit2/install/moveit_resources_pr2_description:/home/developer/ws_moveit2/install/moveit_resources_fanuc_moveit_config:/home/developer/ws_moveit2/install/moveit_configs_utils:/home/developer/ws_moveit2/install/moveit_common:/home/developer/ros2_ws/install/rqt_joint_trajectory_controller:/home/developer/ros2_ws/install/rqt_controller_manager:/home/developer/ros2_ws/install/ros2controlcli:/home/developer/ros2_ws/install/ros2_controllers_test_nodes:/opt/ros/humble /usr/bin/cmake --install /home/developer/new_ros2_ws/build/hello_moveit
[0.566s] -- Install configuration: "Release"
[0.567s] -- Execute custom install script
[0.567s] -- Up-to-date symlink: /home/developer/new_ros2_ws/install/hello_moveit/lib/hello_moveit/hello_moveit
[0.568s] -- Up-to-date symlink: /home/developer/new_ros2_ws/install/hello_moveit/share/ament_index/resource_index/package_run_dependencies/hello_moveit
[0.568s] -- Up-to-date symlink: /home/developer/new_ros2_ws/install/hello_moveit/share/ament_index/resource_index/parent_prefix_path/hello_moveit
[0.568s] -- Up-to-date symlink: /home/developer/new_ros2_ws/install/hello_moveit/share/hello_moveit/environment/ament_prefix_path.sh
[0.569s] -- Up-to-date symlink: /home/developer/new_ros2_ws/install/hello_moveit/share/hello_moveit/environment/ament_prefix_path.dsv
[0.569s] -- Up-to-date symlink: /home/developer/new_ros2_ws/install/hello_moveit/share/hello_moveit/environment/path.sh
[0.570s] -- Up-to-date symlink: /home/developer/new_ros2_ws/install/hello_moveit/share/hello_moveit/environment/path.dsv
[0.570s] -- Up-to-date symlink: /home/developer/new_ros2_ws/install/hello_moveit/share/hello_moveit/local_setup.bash
[0.570s] -- Up-to-date symlink: /home/developer/new_ros2_ws/install/hello_moveit/share/hello_moveit/local_setup.sh
[0.571s] -- Up-to-date symlink: /home/developer/new_ros2_ws/install/hello_moveit/share/hello_moveit/local_setup.zsh
[0.571s] -- Up-to-date symlink: /home/developer/new_ros2_ws/install/hello_moveit/share/hello_moveit/local_setup.dsv
[0.572s] -- Symlinking: /home/developer/new_ros2_ws/install/hello_moveit/share/hello_moveit/package.dsv
[0.621s] -- Up-to-date symlink: /home/developer/new_ros2_ws/install/hello_moveit/share/ament_index/resource_index/packages/hello_moveit
[0.621s] -- Up-to-date symlink: /home/developer/new_ros2_ws/install/hello_moveit/share/hello_moveit/cmake/hello_moveitConfig.cmake
[0.621s] -- Up-to-date symlink: /home/developer/new_ros2_ws/install/hello_moveit/share/hello_moveit/cmake/hello_moveitConfig-version.cmake
[0.622s] -- Up-to-date symlink: /home/developer/new_ros2_ws/install/hello_moveit/share/hello_moveit/package.xml
[0.654s] Invoked command in '/home/developer/new_ros2_ws/build/hello_moveit' returned '0': CMAKE_PREFIX_PATH=${CMAKE_PREFIX_PATH}:/home/developer/ws_moveit2/install/moveit_resources_pr2_description:/home/developer/ws_moveit2/install/moveit_resources_fanuc_moveit_config:/home/developer/ws_moveit2/install/moveit_configs_utils:/home/developer/ws_moveit2/install/moveit_common:/home/developer/ros2_ws/install/rqt_joint_trajectory_controller:/home/developer/ros2_ws/install/rqt_controller_manager:/home/developer/ros2_ws/install/ros2controlcli:/home/developer/ros2_ws/install/ros2_controllers_test_nodes:/opt/ros/humble /usr/bin/cmake --install /home/developer/new_ros2_ws/build/hello_moveit
