[0.206s] DEBUG:colcon:Command line arguments: ['/usr/bin/colcon', 'build', '--cmake-args', '-DCMAKE_BUILD_TYPE=Release', '--symlink-install']
[0.206s] DEBUG:colcon:Parsed command line arguments: Namespace(log_base=None, log_level=None, verb_name='build', build_base='build', install_base='install', merge_install=False, symlink_install=True, test_result_base=None, continue_on_error=False, executor='parallel', parallel_workers=16, event_handlers=None, ignore_user_meta=False, metas=['./colcon.meta'], base_paths=['.'], packages_ignore=None, packages_ignore_regex=None, paths=None, packages_up_to=None, packages_up_to_regex=None, packages_above=None, packages_above_and_dependencies=None, packages_above_depth=None, packages_select_by_dep=None, packages_skip_by_dep=None, packages_skip_up_to=None, packages_select_build_failed=False, packages_skip_build_finished=False, packages_select_test_failures=False, packages_skip_test_passed=False, packages_select=None, packages_skip=None, packages_select_regex=None, packages_skip_regex=None, packages_start=None, packages_end=None, allow_overriding=[], cmake_args=['-DCMAKE_BUILD_TYPE=Release'], cmake_target=None, cmake_target_skip_unavailable=False, cmake_clean_cache=False, cmake_clean_first=False, cmake_force_configure=False, ament_cmake_args=None, catkin_cmake_args=None, catkin_skip_building_tests=False, mixin_files=None, mixin=None, verb_parser=<colcon_mixin.mixin.mixin_argument.MixinArgumentDecorator object at 0x72f46872c640>, verb_extension=<colcon_core.verb.build.BuildVerb object at 0x72f468707b50>, main=<bound method BuildVerb.main of <colcon_core.verb.build.BuildVerb object at 0x72f468707b50>>, mixin_verb=('build',))
[0.516s] Level 1:colcon.colcon_core.package_discovery:discover_packages(colcon_meta) check parameters
[0.516s] Level 1:colcon.colcon_core.package_discovery:discover_packages(recursive) check parameters
[0.516s] Level 1:colcon.colcon_core.package_discovery:discover_packages(ignore) check parameters
[0.516s] Level 1:colcon.colcon_core.package_discovery:discover_packages(path) check parameters
[0.516s] Level 1:colcon.colcon_core.package_discovery:discover_packages(colcon_meta) discover
[0.516s] Level 1:colcon.colcon_core.package_discovery:discover_packages(recursive) discover
[0.516s] INFO:colcon.colcon_core.package_discovery:Crawling recursively for packages in '/home/developer/new_ros2_ws'
[0.516s] Level 1:colcon.colcon_core.package_identification:_identify(.) by extensions ['ignore', 'ignore_ament_install']
[0.516s] Level 1:colcon.colcon_core.package_identification:_identify(.) by extension 'ignore'
[0.517s] Level 1:colcon.colcon_core.package_identification:_identify(.) by extension 'ignore_ament_install'
[0.517s] Level 1:colcon.colcon_core.package_identification:_identify(.) by extensions ['colcon_pkg']
[0.517s] Level 1:colcon.colcon_core.package_identification:_identify(.) by extension 'colcon_pkg'
[0.517s] Level 1:colcon.colcon_core.package_identification:_identify(.) by extensions ['colcon_meta']
[0.517s] Level 1:colcon.colcon_core.package_identification:_identify(.) by extension 'colcon_meta'
[0.517s] Level 1:colcon.colcon_core.package_identification:_identify(.) by extensions ['ros']
[0.517s] Level 1:colcon.colcon_core.package_identification:_identify(.) by extension 'ros'
[0.534s] Level 1:colcon.colcon_core.package_identification:_identify(.) by extensions ['cmake', 'python']
[0.534s] Level 1:colcon.colcon_core.package_identification:_identify(.) by extension 'cmake'
[0.535s] Level 1:colcon.colcon_core.package_identification:_identify(.) by extension 'python'
[0.535s] Level 1:colcon.colcon_core.package_identification:_identify(.) by extensions ['python_setup_py']
[0.535s] Level 1:colcon.colcon_core.package_identification:_identify(.) by extension 'python_setup_py'
[0.535s] Level 1:colcon.colcon_core.package_identification:_identify(build) by extensions ['ignore', 'ignore_ament_install']
[0.535s] Level 1:colcon.colcon_core.package_identification:_identify(build) by extension 'ignore'
[0.535s] Level 1:colcon.colcon_core.package_identification:_identify(build) ignored
[0.535s] Level 1:colcon.colcon_core.package_identification:_identify(install) by extensions ['ignore', 'ignore_ament_install']
[0.535s] Level 1:colcon.colcon_core.package_identification:_identify(install) by extension 'ignore'
[0.536s] Level 1:colcon.colcon_core.package_identification:_identify(install) ignored
[0.536s] Level 1:colcon.colcon_core.package_identification:_identify(log) by extensions ['ignore', 'ignore_ament_install']
[0.536s] Level 1:colcon.colcon_core.package_identification:_identify(log) by extension 'ignore'
[0.536s] Level 1:colcon.colcon_core.package_identification:_identify(log) ignored
[0.536s] Level 1:colcon.colcon_core.package_identification:_identify(src) by extensions ['ignore', 'ignore_ament_install']
[0.536s] Level 1:colcon.colcon_core.package_identification:_identify(src) by extension 'ignore'
[0.536s] Level 1:colcon.colcon_core.package_identification:_identify(src) by extension 'ignore_ament_install'
[0.536s] Level 1:colcon.colcon_core.package_identification:_identify(src) by extensions ['colcon_pkg']
[0.536s] Level 1:colcon.colcon_core.package_identification:_identify(src) by extension 'colcon_pkg'
[0.536s] Level 1:colcon.colcon_core.package_identification:_identify(src) by extensions ['colcon_meta']
[0.537s] Level 1:colcon.colcon_core.package_identification:_identify(src) by extension 'colcon_meta'
[0.537s] Level 1:colcon.colcon_core.package_identification:_identify(src) by extensions ['ros']
[0.537s] Level 1:colcon.colcon_core.package_identification:_identify(src) by extension 'ros'
[0.537s] Level 1:colcon.colcon_core.package_identification:_identify(src) by extensions ['cmake', 'python']
[0.537s] Level 1:colcon.colcon_core.package_identification:_identify(src) by extension 'cmake'
[0.537s] Level 1:colcon.colcon_core.package_identification:_identify(src) by extension 'python'
[0.537s] Level 1:colcon.colcon_core.package_identification:_identify(src) by extensions ['python_setup_py']
[0.537s] Level 1:colcon.colcon_core.package_identification:_identify(src) by extension 'python_setup_py'
[0.537s] Level 1:colcon.colcon_core.package_identification:_identify(src/baxter_mtc) by extensions ['ignore', 'ignore_ament_install']
[0.537s] Level 1:colcon.colcon_core.package_identification:_identify(src/baxter_mtc) by extension 'ignore'
[0.537s] Level 1:colcon.colcon_core.package_identification:_identify(src/baxter_mtc) by extension 'ignore_ament_install'
[0.538s] Level 1:colcon.colcon_core.package_identification:_identify(src/baxter_mtc) by extensions ['colcon_pkg']
[0.538s] Level 1:colcon.colcon_core.package_identification:_identify(src/baxter_mtc) by extension 'colcon_pkg'
[0.538s] Level 1:colcon.colcon_core.package_identification:_identify(src/baxter_mtc) by extensions ['colcon_meta']
[0.538s] Level 1:colcon.colcon_core.package_identification:_identify(src/baxter_mtc) by extension 'colcon_meta'
[0.538s] Level 1:colcon.colcon_core.package_identification:_identify(src/baxter_mtc) by extensions ['ros']
[0.538s] Level 1:colcon.colcon_core.package_identification:_identify(src/baxter_mtc) by extension 'ros'
[0.543s] DEBUG:colcon.colcon_core.package_identification:Package 'src/baxter_mtc' with type 'ros.ament_cmake' and name 'baxter_mtc'
[0.543s] Level 1:colcon.colcon_core.package_identification:_identify(src/hello_moveit) by extensions ['ignore', 'ignore_ament_install']
[0.543s] Level 1:colcon.colcon_core.package_identification:_identify(src/hello_moveit) by extension 'ignore'
[0.543s] Level 1:colcon.colcon_core.package_identification:_identify(src/hello_moveit) by extension 'ignore_ament_install'
[0.543s] Level 1:colcon.colcon_core.package_identification:_identify(src/hello_moveit) by extensions ['colcon_pkg']
[0.543s] Level 1:colcon.colcon_core.package_identification:_identify(src/hello_moveit) by extension 'colcon_pkg'
[0.543s] Level 1:colcon.colcon_core.package_identification:_identify(src/hello_moveit) by extensions ['colcon_meta']
[0.543s] Level 1:colcon.colcon_core.package_identification:_identify(src/hello_moveit) by extension 'colcon_meta'
[0.544s] Level 1:colcon.colcon_core.package_identification:_identify(src/hello_moveit) by extensions ['ros']
[0.544s] Level 1:colcon.colcon_core.package_identification:_identify(src/hello_moveit) by extension 'ros'
[0.545s] DEBUG:colcon.colcon_core.package_identification:Package 'src/hello_moveit' with type 'ros.ament_cmake' and name 'hello_moveit'
[0.545s] Level 1:colcon.colcon_core.package_identification:_identify(src/mtc_tutorial) by extensions ['ignore', 'ignore_ament_install']
[0.545s] Level 1:colcon.colcon_core.package_identification:_identify(src/mtc_tutorial) by extension 'ignore'
[0.545s] Level 1:colcon.colcon_core.package_identification:_identify(src/mtc_tutorial) by extension 'ignore_ament_install'
[0.545s] Level 1:colcon.colcon_core.package_identification:_identify(src/mtc_tutorial) by extensions ['colcon_pkg']
[0.545s] Level 1:colcon.colcon_core.package_identification:_identify(src/mtc_tutorial) by extension 'colcon_pkg'
[0.546s] Level 1:colcon.colcon_core.package_identification:_identify(src/mtc_tutorial) by extensions ['colcon_meta']
[0.546s] Level 1:colcon.colcon_core.package_identification:_identify(src/mtc_tutorial) by extension 'colcon_meta'
[0.546s] Level 1:colcon.colcon_core.package_identification:_identify(src/mtc_tutorial) by extensions ['ros']
[0.546s] Level 1:colcon.colcon_core.package_identification:_identify(src/mtc_tutorial) by extension 'ros'
[0.547s] DEBUG:colcon.colcon_core.package_identification:Package 'src/mtc_tutorial' with type 'ros.ament_cmake' and name 'mtc_tutorial'
[0.547s] Level 1:colcon.colcon_core.package_discovery:discover_packages(recursive) using defaults
[0.547s] Level 1:colcon.colcon_core.package_discovery:discover_packages(ignore) discover
[0.547s] Level 1:colcon.colcon_core.package_discovery:discover_packages(ignore) using defaults
[0.547s] Level 1:colcon.colcon_core.package_discovery:discover_packages(path) discover
[0.547s] Level 1:colcon.colcon_core.package_discovery:discover_packages(path) using defaults
[0.600s] Level 1:colcon.colcon_core.package_discovery:discover_packages(prefix_path) check parameters
[0.600s] Level 1:colcon.colcon_core.package_discovery:discover_packages(prefix_path) discover
[0.616s] DEBUG:colcon.colcon_installed_package_information.package_discovery:Found 3 installed packages in /home/developer/new_ros2_ws/install
[0.618s] DEBUG:colcon.colcon_installed_package_information.package_discovery:Found 3 installed packages in /home/developer/panda_ws/install
[0.619s] DEBUG:colcon.colcon_installed_package_information.package_discovery:Found 9 installed packages in /home/developer/baxter_ws/install
[0.622s] DEBUG:colcon.colcon_installed_package_information.package_discovery:Found 55 installed packages in /home/developer/ws_moveit2/install
[0.626s] DEBUG:colcon.colcon_installed_package_information.package_discovery:Found 62 installed packages in /home/developer/ros2_ws/install
[0.630s] DEBUG:colcon.colcon_installed_package_information.package_discovery:Found 354 installed packages in /opt/ros/humble
[0.633s] Level 1:colcon.colcon_core.package_discovery:discover_packages(prefix_path) using defaults
[0.733s] Level 5:colcon.colcon_core.verb:set package 'baxter_mtc' build argument 'cmake_args' from command line to '['-DCMAKE_BUILD_TYPE=Release']'
[0.733s] Level 5:colcon.colcon_core.verb:set package 'baxter_mtc' build argument 'cmake_target' from command line to 'None'
[0.733s] Level 5:colcon.colcon_core.verb:set package 'baxter_mtc' build argument 'cmake_target_skip_unavailable' from command line to 'False'
[0.733s] Level 5:colcon.colcon_core.verb:set package 'baxter_mtc' build argument 'cmake_clean_cache' from command line to 'False'
[0.733s] Level 5:colcon.colcon_core.verb:set package 'baxter_mtc' build argument 'cmake_clean_first' from command line to 'False'
[0.733s] Level 5:colcon.colcon_core.verb:set package 'baxter_mtc' build argument 'cmake_force_configure' from command line to 'False'
[0.733s] Level 5:colcon.colcon_core.verb:set package 'baxter_mtc' build argument 'ament_cmake_args' from command line to 'None'
[0.734s] Level 5:colcon.colcon_core.verb:set package 'baxter_mtc' build argument 'catkin_cmake_args' from command line to 'None'
[0.734s] Level 5:colcon.colcon_core.verb:set package 'baxter_mtc' build argument 'catkin_skip_building_tests' from command line to 'False'
[0.734s] DEBUG:colcon.colcon_core.verb:Building package 'baxter_mtc' with the following arguments: {'ament_cmake_args': None, 'build_base': '/home/developer/new_ros2_ws/build/baxter_mtc', 'catkin_cmake_args': None, 'catkin_skip_building_tests': False, 'cmake_args': ['-DCMAKE_BUILD_TYPE=Release'], 'cmake_clean_cache': False, 'cmake_clean_first': False, 'cmake_force_configure': False, 'cmake_target': None, 'cmake_target_skip_unavailable': False, 'install_base': '/home/developer/new_ros2_ws/install/baxter_mtc', 'merge_install': False, 'path': '/home/developer/new_ros2_ws/src/baxter_mtc', 'symlink_install': True, 'test_result_base': None}
[0.734s] Level 5:colcon.colcon_core.verb:set package 'hello_moveit' build argument 'cmake_args' from command line to '['-DCMAKE_BUILD_TYPE=Release']'
[0.734s] Level 5:colcon.colcon_core.verb:set package 'hello_moveit' build argument 'cmake_target' from command line to 'None'
[0.734s] Level 5:colcon.colcon_core.verb:set package 'hello_moveit' build argument 'cmake_target_skip_unavailable' from command line to 'False'
[0.734s] Level 5:colcon.colcon_core.verb:set package 'hello_moveit' build argument 'cmake_clean_cache' from command line to 'False'
[0.734s] Level 5:colcon.colcon_core.verb:set package 'hello_moveit' build argument 'cmake_clean_first' from command line to 'False'
[0.734s] Level 5:colcon.colcon_core.verb:set package 'hello_moveit' build argument 'cmake_force_configure' from command line to 'False'
[0.734s] Level 5:colcon.colcon_core.verb:set package 'hello_moveit' build argument 'ament_cmake_args' from command line to 'None'
[0.734s] Level 5:colcon.colcon_core.verb:set package 'hello_moveit' build argument 'catkin_cmake_args' from command line to 'None'
[0.734s] Level 5:colcon.colcon_core.verb:set package 'hello_moveit' build argument 'catkin_skip_building_tests' from command line to 'False'
[0.734s] DEBUG:colcon.colcon_core.verb:Building package 'hello_moveit' with the following arguments: {'ament_cmake_args': None, 'build_base': '/home/developer/new_ros2_ws/build/hello_moveit', 'catkin_cmake_args': None, 'catkin_skip_building_tests': False, 'cmake_args': ['-DCMAKE_BUILD_TYPE=Release'], 'cmake_clean_cache': False, 'cmake_clean_first': False, 'cmake_force_configure': False, 'cmake_target': None, 'cmake_target_skip_unavailable': False, 'install_base': '/home/developer/new_ros2_ws/install/hello_moveit', 'merge_install': False, 'path': '/home/developer/new_ros2_ws/src/hello_moveit', 'symlink_install': True, 'test_result_base': None}
[0.735s] Level 5:colcon.colcon_core.verb:set package 'mtc_tutorial' build argument 'cmake_args' from command line to '['-DCMAKE_BUILD_TYPE=Release']'
[0.735s] Level 5:colcon.colcon_core.verb:set package 'mtc_tutorial' build argument 'cmake_target' from command line to 'None'
[0.735s] Level 5:colcon.colcon_core.verb:set package 'mtc_tutorial' build argument 'cmake_target_skip_unavailable' from command line to 'False'
[0.735s] Level 5:colcon.colcon_core.verb:set package 'mtc_tutorial' build argument 'cmake_clean_cache' from command line to 'False'
[0.735s] Level 5:colcon.colcon_core.verb:set package 'mtc_tutorial' build argument 'cmake_clean_first' from command line to 'False'
[0.735s] Level 5:colcon.colcon_core.verb:set package 'mtc_tutorial' build argument 'cmake_force_configure' from command line to 'False'
[0.735s] Level 5:colcon.colcon_core.verb:set package 'mtc_tutorial' build argument 'ament_cmake_args' from command line to 'None'
[0.735s] Level 5:colcon.colcon_core.verb:set package 'mtc_tutorial' build argument 'catkin_cmake_args' from command line to 'None'
[0.735s] Level 5:colcon.colcon_core.verb:set package 'mtc_tutorial' build argument 'catkin_skip_building_tests' from command line to 'False'
[0.735s] DEBUG:colcon.colcon_core.verb:Building package 'mtc_tutorial' with the following arguments: {'ament_cmake_args': None, 'build_base': '/home/developer/new_ros2_ws/build/mtc_tutorial', 'catkin_cmake_args': None, 'catkin_skip_building_tests': False, 'cmake_args': ['-DCMAKE_BUILD_TYPE=Release'], 'cmake_clean_cache': False, 'cmake_clean_first': False, 'cmake_force_configure': False, 'cmake_target': None, 'cmake_target_skip_unavailable': False, 'install_base': '/home/developer/new_ros2_ws/install/mtc_tutorial', 'merge_install': False, 'path': '/home/developer/new_ros2_ws/src/mtc_tutorial', 'symlink_install': True, 'test_result_base': None}
[0.736s] INFO:colcon.colcon_core.executor:Executing jobs using 'parallel' executor
[0.737s] DEBUG:colcon.colcon_parallel_executor.executor.parallel:run_until_complete
[0.738s] INFO:colcon.colcon_ros.task.ament_cmake.build:Building ROS package in '/home/developer/new_ros2_ws/src/baxter_mtc' with build type 'ament_cmake'
[0.738s] INFO:colcon.colcon_cmake.task.cmake.build:Building CMake package in '/home/developer/new_ros2_ws/src/baxter_mtc'
[0.742s] INFO:colcon.colcon_core.plugin_system:Skipping extension 'colcon_core.shell.bat': Not used on non-Windows systems
[0.742s] INFO:colcon.colcon_core.shell:Skip shell extension 'powershell' for command environment: Not usable outside of PowerShell
[0.742s] DEBUG:colcon.colcon_core.shell:Skip shell extension 'dsv' for command environment
[0.778s] INFO:colcon.colcon_ros.task.ament_cmake.build:Building ROS package in '/home/developer/new_ros2_ws/src/hello_moveit' with build type 'ament_cmake'
[0.778s] INFO:colcon.colcon_cmake.task.cmake.build:Building CMake package in '/home/developer/new_ros2_ws/src/hello_moveit'
[0.779s] INFO:colcon.colcon_core.shell:Skip shell extension 'powershell' for command environment: Not usable outside of PowerShell
[0.779s] DEBUG:colcon.colcon_core.shell:Skip shell extension 'dsv' for command environment
[0.810s] INFO:colcon.colcon_ros.task.ament_cmake.build:Building ROS package in '/home/developer/new_ros2_ws/src/mtc_tutorial' with build type 'ament_cmake'
[0.811s] INFO:colcon.colcon_cmake.task.cmake.build:Building CMake package in '/home/developer/new_ros2_ws/src/mtc_tutorial'
[0.811s] INFO:colcon.colcon_core.shell:Skip shell extension 'powershell' for command environment: Not usable outside of PowerShell
[0.811s] DEBUG:colcon.colcon_core.shell:Skip shell extension 'dsv' for command environment
[0.854s] DEBUG:colcon.colcon_core.event_handler.log_command:Invoking command in '/home/developer/new_ros2_ws/build/baxter_mtc': CMAKE_PREFIX_PATH=${CMAKE_PREFIX_PATH}:/home/developer/ws_moveit2/install/moveit_configs_utils:/home/developer/ros2_ws/install/rqt_joint_trajectory_controller:/home/developer/ros2_ws/install/rqt_controller_manager:/home/developer/ros2_ws/install/ros2controlcli:/home/developer/ros2_ws/install/ros2_controllers_test_nodes:/opt/ros/humble /usr/bin/cmake --build /home/developer/new_ros2_ws/build/baxter_mtc -- -j16 -l16
[0.869s] DEBUG:colcon.colcon_core.event_handler.log_command:Invoking command in '/home/developer/new_ros2_ws/build/hello_moveit': CMAKE_PREFIX_PATH=${CMAKE_PREFIX_PATH}:/home/developer/ws_moveit2/install/moveit_configs_utils:/home/developer/ros2_ws/install/rqt_joint_trajectory_controller:/home/developer/ros2_ws/install/rqt_controller_manager:/home/developer/ros2_ws/install/ros2controlcli:/home/developer/ros2_ws/install/ros2_controllers_test_nodes:/opt/ros/humble /usr/bin/cmake --build /home/developer/new_ros2_ws/build/hello_moveit -- -j16 -l16
[0.878s] DEBUG:colcon.colcon_core.event_handler.log_command:Invoking command in '/home/developer/new_ros2_ws/build/mtc_tutorial': CMAKE_PREFIX_PATH=${CMAKE_PREFIX_PATH}:/home/developer/ws_moveit2/install/moveit_configs_utils:/home/developer/ros2_ws/install/rqt_joint_trajectory_controller:/home/developer/ros2_ws/install/rqt_controller_manager:/home/developer/ros2_ws/install/ros2controlcli:/home/developer/ros2_ws/install/ros2_controllers_test_nodes:/opt/ros/humble /usr/bin/cmake --build /home/developer/new_ros2_ws/build/mtc_tutorial -- -j16 -l16
[1.268s] DEBUG:colcon.colcon_core.event_handler.log_command:Invoked command in '/home/developer/new_ros2_ws/build/baxter_mtc' returned '0': CMAKE_PREFIX_PATH=${CMAKE_PREFIX_PATH}:/home/developer/ws_moveit2/install/moveit_configs_utils:/home/developer/ros2_ws/install/rqt_joint_trajectory_controller:/home/developer/ros2_ws/install/rqt_controller_manager:/home/developer/ros2_ws/install/ros2controlcli:/home/developer/ros2_ws/install/ros2_controllers_test_nodes:/opt/ros/humble /usr/bin/cmake --build /home/developer/new_ros2_ws/build/baxter_mtc -- -j16 -l16
[1.315s] DEBUG:colcon.colcon_core.event_handler.log_command:Invoking command in '/home/developer/new_ros2_ws/build/baxter_mtc': CMAKE_PREFIX_PATH=${CMAKE_PREFIX_PATH}:/home/developer/ws_moveit2/install/moveit_configs_utils:/home/developer/ros2_ws/install/rqt_joint_trajectory_controller:/home/developer/ros2_ws/install/rqt_controller_manager:/home/developer/ros2_ws/install/ros2controlcli:/home/developer/ros2_ws/install/ros2_controllers_test_nodes:/opt/ros/humble /usr/bin/cmake --install /home/developer/new_ros2_ws/build/baxter_mtc
[1.317s] DEBUG:colcon.colcon_core.event_handler.log_command:Invoked command in '/home/developer/new_ros2_ws/build/hello_moveit' returned '0': CMAKE_PREFIX_PATH=${CMAKE_PREFIX_PATH}:/home/developer/ws_moveit2/install/moveit_configs_utils:/home/developer/ros2_ws/install/rqt_joint_trajectory_controller:/home/developer/ros2_ws/install/rqt_controller_manager:/home/developer/ros2_ws/install/ros2controlcli:/home/developer/ros2_ws/install/ros2_controllers_test_nodes:/opt/ros/humble /usr/bin/cmake --build /home/developer/new_ros2_ws/build/hello_moveit -- -j16 -l16
[1.320s] DEBUG:colcon.colcon_core.event_handler.log_command:Invoking command in '/home/developer/new_ros2_ws/build/hello_moveit': CMAKE_PREFIX_PATH=${CMAKE_PREFIX_PATH}:/home/developer/ws_moveit2/install/moveit_configs_utils:/home/developer/ros2_ws/install/rqt_joint_trajectory_controller:/home/developer/ros2_ws/install/rqt_controller_manager:/home/developer/ros2_ws/install/ros2controlcli:/home/developer/ros2_ws/install/ros2_controllers_test_nodes:/opt/ros/humble /usr/bin/cmake --install /home/developer/new_ros2_ws/build/hello_moveit
[1.421s] Level 1:colcon.colcon_core.environment:create_environment_scripts_only(baxter_mtc)
[1.422s] DEBUG:colcon.colcon_core.event_handler.log_command:Invoked command in '/home/developer/new_ros2_ws/build/baxter_mtc' returned '0': CMAKE_PREFIX_PATH=${CMAKE_PREFIX_PATH}:/home/developer/ws_moveit2/install/moveit_configs_utils:/home/developer/ros2_ws/install/rqt_joint_trajectory_controller:/home/developer/ros2_ws/install/rqt_controller_manager:/home/developer/ros2_ws/install/ros2controlcli:/home/developer/ros2_ws/install/ros2_controllers_test_nodes:/opt/ros/humble /usr/bin/cmake --install /home/developer/new_ros2_ws/build/baxter_mtc
[1.426s] Level 1:colcon.colcon_core.environment:checking '/home/developer/new_ros2_ws/install/baxter_mtc' for CMake module files
[1.427s] Level 1:colcon.colcon_core.environment:checking '/home/developer/new_ros2_ws/install/baxter_mtc' for CMake config files
[1.428s] Level 1:colcon.colcon_core.shell:create_environment_hook('baxter_mtc', 'cmake_prefix_path')
[1.429s] INFO:colcon.colcon_core.shell:Creating environment hook '/home/developer/new_ros2_ws/install/baxter_mtc/share/baxter_mtc/hook/cmake_prefix_path.ps1'
[1.430s] INFO:colcon.colcon_core.shell:Creating environment descriptor '/home/developer/new_ros2_ws/install/baxter_mtc/share/baxter_mtc/hook/cmake_prefix_path.dsv'
[1.430s] INFO:colcon.colcon_core.shell:Creating environment hook '/home/developer/new_ros2_ws/install/baxter_mtc/share/baxter_mtc/hook/cmake_prefix_path.sh'
[1.431s] Level 1:colcon.colcon_core.environment:checking '/home/developer/new_ros2_ws/install/baxter_mtc/lib'
[1.432s] Level 1:colcon.colcon_core.environment:checking '/home/developer/new_ros2_ws/install/baxter_mtc/bin'
[1.432s] Level 1:colcon.colcon_core.environment:checking '/home/developer/new_ros2_ws/install/baxter_mtc/lib/pkgconfig/baxter_mtc.pc'
[1.432s] Level 1:colcon.colcon_core.environment:checking '/home/developer/new_ros2_ws/install/baxter_mtc/lib/python3.10/site-packages'
[1.432s] Level 1:colcon.colcon_core.environment:checking '/home/developer/new_ros2_ws/install/baxter_mtc/bin'
[1.433s] INFO:colcon.colcon_core.shell:Creating package script '/home/developer/new_ros2_ws/install/baxter_mtc/share/baxter_mtc/package.ps1'
[1.434s] INFO:colcon.colcon_core.shell:Creating package descriptor '/home/developer/new_ros2_ws/install/baxter_mtc/share/baxter_mtc/package.dsv'
[1.435s] INFO:colcon.colcon_core.shell:Creating package script '/home/developer/new_ros2_ws/install/baxter_mtc/share/baxter_mtc/package.sh'
[1.436s] INFO:colcon.colcon_core.shell:Creating package script '/home/developer/new_ros2_ws/install/baxter_mtc/share/baxter_mtc/package.bash'
[1.437s] INFO:colcon.colcon_core.shell:Creating package script '/home/developer/new_ros2_ws/install/baxter_mtc/share/baxter_mtc/package.zsh'
[1.438s] Level 1:colcon.colcon_core.environment:create_file_with_runtime_dependencies(/home/developer/new_ros2_ws/install/baxter_mtc/share/colcon-core/packages/baxter_mtc)
[1.439s] Level 1:colcon.colcon_core.environment:create_environment_scripts_only(baxter_mtc)
[1.439s] Level 1:colcon.colcon_core.environment:checking '/home/developer/new_ros2_ws/install/baxter_mtc' for CMake module files
[1.441s] Level 1:colcon.colcon_core.environment:checking '/home/developer/new_ros2_ws/install/baxter_mtc' for CMake config files
[1.441s] Level 1:colcon.colcon_core.shell:create_environment_hook('baxter_mtc', 'cmake_prefix_path')
[1.442s] INFO:colcon.colcon_core.shell:Creating environment hook '/home/developer/new_ros2_ws/install/baxter_mtc/share/baxter_mtc/hook/cmake_prefix_path.ps1'
[1.442s] INFO:colcon.colcon_core.shell:Creating environment descriptor '/home/developer/new_ros2_ws/install/baxter_mtc/share/baxter_mtc/hook/cmake_prefix_path.dsv'
[1.443s] INFO:colcon.colcon_core.shell:Creating environment hook '/home/developer/new_ros2_ws/install/baxter_mtc/share/baxter_mtc/hook/cmake_prefix_path.sh'
[1.444s] Level 1:colcon.colcon_core.environment:checking '/home/developer/new_ros2_ws/install/baxter_mtc/lib'
[1.444s] Level 1:colcon.colcon_core.environment:checking '/home/developer/new_ros2_ws/install/baxter_mtc/bin'
[1.444s] Level 1:colcon.colcon_core.environment:checking '/home/developer/new_ros2_ws/install/baxter_mtc/lib/pkgconfig/baxter_mtc.pc'
[1.444s] Level 1:colcon.colcon_core.environment:checking '/home/developer/new_ros2_ws/install/baxter_mtc/lib/python3.10/site-packages'
[1.445s] Level 1:colcon.colcon_core.environment:checking '/home/developer/new_ros2_ws/install/baxter_mtc/bin'
[1.445s] INFO:colcon.colcon_core.shell:Creating package script '/home/developer/new_ros2_ws/install/baxter_mtc/share/baxter_mtc/package.ps1'
[1.446s] INFO:colcon.colcon_core.shell:Creating package descriptor '/home/developer/new_ros2_ws/install/baxter_mtc/share/baxter_mtc/package.dsv'
[1.447s] INFO:colcon.colcon_core.shell:Creating package script '/home/developer/new_ros2_ws/install/baxter_mtc/share/baxter_mtc/package.sh'
[1.448s] INFO:colcon.colcon_core.shell:Creating package script '/home/developer/new_ros2_ws/install/baxter_mtc/share/baxter_mtc/package.bash'
[1.449s] INFO:colcon.colcon_core.shell:Creating package script '/home/developer/new_ros2_ws/install/baxter_mtc/share/baxter_mtc/package.zsh'
[1.449s] Level 1:colcon.colcon_core.environment:create_file_with_runtime_dependencies(/home/developer/new_ros2_ws/install/baxter_mtc/share/colcon-core/packages/baxter_mtc)
[1.451s] Level 1:colcon.colcon_core.environment:create_environment_scripts_only(hello_moveit)
[1.452s] Level 1:colcon.colcon_core.environment:checking '/home/developer/new_ros2_ws/install/hello_moveit' for CMake module files
[1.454s] DEBUG:colcon.colcon_core.event_handler.log_command:Invoked command in '/home/developer/new_ros2_ws/build/hello_moveit' returned '0': CMAKE_PREFIX_PATH=${CMAKE_PREFIX_PATH}:/home/developer/ws_moveit2/install/moveit_configs_utils:/home/developer/ros2_ws/install/rqt_joint_trajectory_controller:/home/developer/ros2_ws/install/rqt_controller_manager:/home/developer/ros2_ws/install/ros2controlcli:/home/developer/ros2_ws/install/ros2_controllers_test_nodes:/opt/ros/humble /usr/bin/cmake --install /home/developer/new_ros2_ws/build/hello_moveit
[1.454s] Level 1:colcon.colcon_core.environment:checking '/home/developer/new_ros2_ws/install/hello_moveit' for CMake config files
[1.455s] Level 1:colcon.colcon_core.shell:create_environment_hook('hello_moveit', 'cmake_prefix_path')
[1.456s] INFO:colcon.colcon_core.shell:Creating environment hook '/home/developer/new_ros2_ws/install/hello_moveit/share/hello_moveit/hook/cmake_prefix_path.ps1'
[1.456s] INFO:colcon.colcon_core.shell:Creating environment descriptor '/home/developer/new_ros2_ws/install/hello_moveit/share/hello_moveit/hook/cmake_prefix_path.dsv'
[1.457s] INFO:colcon.colcon_core.shell:Creating environment hook '/home/developer/new_ros2_ws/install/hello_moveit/share/hello_moveit/hook/cmake_prefix_path.sh'
[1.458s] Level 1:colcon.colcon_core.environment:checking '/home/developer/new_ros2_ws/install/hello_moveit/lib'
[1.458s] Level 1:colcon.colcon_core.environment:checking '/home/developer/new_ros2_ws/install/hello_moveit/bin'
[1.458s] Level 1:colcon.colcon_core.environment:checking '/home/developer/new_ros2_ws/install/hello_moveit/lib/pkgconfig/hello_moveit.pc'
[1.459s] Level 1:colcon.colcon_core.environment:checking '/home/developer/new_ros2_ws/install/hello_moveit/lib/python3.10/site-packages'
[1.459s] Level 1:colcon.colcon_core.environment:checking '/home/developer/new_ros2_ws/install/hello_moveit/bin'
[1.460s] INFO:colcon.colcon_core.shell:Creating package script '/home/developer/new_ros2_ws/install/hello_moveit/share/hello_moveit/package.ps1'
[1.461s] INFO:colcon.colcon_core.shell:Creating package descriptor '/home/developer/new_ros2_ws/install/hello_moveit/share/hello_moveit/package.dsv'
[1.461s] INFO:colcon.colcon_core.shell:Creating package script '/home/developer/new_ros2_ws/install/hello_moveit/share/hello_moveit/package.sh'
[1.462s] INFO:colcon.colcon_core.shell:Creating package script '/home/developer/new_ros2_ws/install/hello_moveit/share/hello_moveit/package.bash'
[1.463s] INFO:colcon.colcon_core.shell:Creating package script '/home/developer/new_ros2_ws/install/hello_moveit/share/hello_moveit/package.zsh'
[1.464s] Level 1:colcon.colcon_core.environment:create_file_with_runtime_dependencies(/home/developer/new_ros2_ws/install/hello_moveit/share/colcon-core/packages/hello_moveit)
[1.465s] Level 1:colcon.colcon_core.environment:create_environment_scripts_only(hello_moveit)
[1.465s] Level 1:colcon.colcon_core.environment:checking '/home/developer/new_ros2_ws/install/hello_moveit' for CMake module files
[1.466s] Level 1:colcon.colcon_core.environment:checking '/home/developer/new_ros2_ws/install/hello_moveit' for CMake config files
[1.467s] Level 1:colcon.colcon_core.shell:create_environment_hook('hello_moveit', 'cmake_prefix_path')
[1.468s] INFO:colcon.colcon_core.shell:Creating environment hook '/home/developer/new_ros2_ws/install/hello_moveit/share/hello_moveit/hook/cmake_prefix_path.ps1'
[1.468s] INFO:colcon.colcon_core.shell:Creating environment descriptor '/home/developer/new_ros2_ws/install/hello_moveit/share/hello_moveit/hook/cmake_prefix_path.dsv'
[1.469s] INFO:colcon.colcon_core.shell:Creating environment hook '/home/developer/new_ros2_ws/install/hello_moveit/share/hello_moveit/hook/cmake_prefix_path.sh'
[1.470s] Level 1:colcon.colcon_core.environment:checking '/home/developer/new_ros2_ws/install/hello_moveit/lib'
[1.470s] Level 1:colcon.colcon_core.environment:checking '/home/developer/new_ros2_ws/install/hello_moveit/bin'
[1.471s] Level 1:colcon.colcon_core.environment:checking '/home/developer/new_ros2_ws/install/hello_moveit/lib/pkgconfig/hello_moveit.pc'
[1.471s] Level 1:colcon.colcon_core.environment:checking '/home/developer/new_ros2_ws/install/hello_moveit/lib/python3.10/site-packages'
[1.471s] Level 1:colcon.colcon_core.environment:checking '/home/developer/new_ros2_ws/install/hello_moveit/bin'
[1.472s] INFO:colcon.colcon_core.shell:Creating package script '/home/developer/new_ros2_ws/install/hello_moveit/share/hello_moveit/package.ps1'
[1.473s] INFO:colcon.colcon_core.shell:Creating package descriptor '/home/developer/new_ros2_ws/install/hello_moveit/share/hello_moveit/package.dsv'
[1.474s] INFO:colcon.colcon_core.shell:Creating package script '/home/developer/new_ros2_ws/install/hello_moveit/share/hello_moveit/package.sh'
[1.474s] INFO:colcon.colcon_core.shell:Creating package script '/home/developer/new_ros2_ws/install/hello_moveit/share/hello_moveit/package.bash'
[1.475s] INFO:colcon.colcon_core.shell:Creating package script '/home/developer/new_ros2_ws/install/hello_moveit/share/hello_moveit/package.zsh'
[1.476s] Level 1:colcon.colcon_core.environment:create_file_with_runtime_dependencies(/home/developer/new_ros2_ws/install/hello_moveit/share/colcon-core/packages/hello_moveit)
[14.790s] DEBUG:colcon.colcon_core.event_handler.log_command:Invoked command in '/home/developer/new_ros2_ws/build/mtc_tutorial' returned '0': CMAKE_PREFIX_PATH=${CMAKE_PREFIX_PATH}:/home/developer/ws_moveit2/install/moveit_configs_utils:/home/developer/ros2_ws/install/rqt_joint_trajectory_controller:/home/developer/ros2_ws/install/rqt_controller_manager:/home/developer/ros2_ws/install/ros2controlcli:/home/developer/ros2_ws/install/ros2_controllers_test_nodes:/opt/ros/humble /usr/bin/cmake --build /home/developer/new_ros2_ws/build/mtc_tutorial -- -j16 -l16
[14.792s] DEBUG:colcon.colcon_core.event_handler.log_command:Invoking command in '/home/developer/new_ros2_ws/build/mtc_tutorial': CMAKE_PREFIX_PATH=${CMAKE_PREFIX_PATH}:/home/developer/ws_moveit2/install/moveit_configs_utils:/home/developer/ros2_ws/install/rqt_joint_trajectory_controller:/home/developer/ros2_ws/install/rqt_controller_manager:/home/developer/ros2_ws/install/ros2controlcli:/home/developer/ros2_ws/install/ros2_controllers_test_nodes:/opt/ros/humble /usr/bin/cmake --install /home/developer/new_ros2_ws/build/mtc_tutorial
[14.850s] Level 1:colcon.colcon_core.environment:create_environment_scripts_only(mtc_tutorial)
[14.850s] Level 1:colcon.colcon_core.environment:checking '/home/developer/new_ros2_ws/install/mtc_tutorial' for CMake module files
[14.850s] DEBUG:colcon.colcon_core.event_handler.log_command:Invoked command in '/home/developer/new_ros2_ws/build/mtc_tutorial' returned '0': CMAKE_PREFIX_PATH=${CMAKE_PREFIX_PATH}:/home/developer/ws_moveit2/install/moveit_configs_utils:/home/developer/ros2_ws/install/rqt_joint_trajectory_controller:/home/developer/ros2_ws/install/rqt_controller_manager:/home/developer/ros2_ws/install/ros2controlcli:/home/developer/ros2_ws/install/ros2_controllers_test_nodes:/opt/ros/humble /usr/bin/cmake --install /home/developer/new_ros2_ws/build/mtc_tutorial
[14.851s] Level 1:colcon.colcon_core.environment:checking '/home/developer/new_ros2_ws/install/mtc_tutorial' for CMake config files
[14.851s] Level 1:colcon.colcon_core.shell:create_environment_hook('mtc_tutorial', 'cmake_prefix_path')
[14.852s] INFO:colcon.colcon_core.shell:Creating environment hook '/home/developer/new_ros2_ws/install/mtc_tutorial/share/mtc_tutorial/hook/cmake_prefix_path.ps1'
[14.852s] INFO:colcon.colcon_core.shell:Creating environment descriptor '/home/developer/new_ros2_ws/install/mtc_tutorial/share/mtc_tutorial/hook/cmake_prefix_path.dsv'
[14.852s] INFO:colcon.colcon_core.shell:Creating environment hook '/home/developer/new_ros2_ws/install/mtc_tutorial/share/mtc_tutorial/hook/cmake_prefix_path.sh'
[14.853s] Level 1:colcon.colcon_core.environment:checking '/home/developer/new_ros2_ws/install/mtc_tutorial/lib'
[14.853s] Level 1:colcon.colcon_core.environment:checking '/home/developer/new_ros2_ws/install/mtc_tutorial/bin'
[14.853s] Level 1:colcon.colcon_core.environment:checking '/home/developer/new_ros2_ws/install/mtc_tutorial/lib/pkgconfig/mtc_tutorial.pc'
[14.853s] Level 1:colcon.colcon_core.environment:checking '/home/developer/new_ros2_ws/install/mtc_tutorial/lib/python3.10/site-packages'
[14.853s] Level 1:colcon.colcon_core.environment:checking '/home/developer/new_ros2_ws/install/mtc_tutorial/bin'
[14.853s] INFO:colcon.colcon_core.shell:Creating package script '/home/developer/new_ros2_ws/install/mtc_tutorial/share/mtc_tutorial/package.ps1'
[14.854s] INFO:colcon.colcon_core.shell:Creating package descriptor '/home/developer/new_ros2_ws/install/mtc_tutorial/share/mtc_tutorial/package.dsv'
[14.854s] INFO:colcon.colcon_core.shell:Creating package script '/home/developer/new_ros2_ws/install/mtc_tutorial/share/mtc_tutorial/package.sh'
[14.854s] INFO:colcon.colcon_core.shell:Creating package script '/home/developer/new_ros2_ws/install/mtc_tutorial/share/mtc_tutorial/package.bash'
[14.855s] INFO:colcon.colcon_core.shell:Creating package script '/home/developer/new_ros2_ws/install/mtc_tutorial/share/mtc_tutorial/package.zsh'
[14.855s] Level 1:colcon.colcon_core.environment:create_file_with_runtime_dependencies(/home/developer/new_ros2_ws/install/mtc_tutorial/share/colcon-core/packages/mtc_tutorial)
[14.856s] Level 1:colcon.colcon_core.environment:create_environment_scripts_only(mtc_tutorial)
[14.856s] Level 1:colcon.colcon_core.environment:checking '/home/developer/new_ros2_ws/install/mtc_tutorial' for CMake module files
[14.856s] Level 1:colcon.colcon_core.environment:checking '/home/developer/new_ros2_ws/install/mtc_tutorial' for CMake config files
[14.857s] Level 1:colcon.colcon_core.shell:create_environment_hook('mtc_tutorial', 'cmake_prefix_path')
[14.857s] INFO:colcon.colcon_core.shell:Creating environment hook '/home/developer/new_ros2_ws/install/mtc_tutorial/share/mtc_tutorial/hook/cmake_prefix_path.ps1'
[14.857s] INFO:colcon.colcon_core.shell:Creating environment descriptor '/home/developer/new_ros2_ws/install/mtc_tutorial/share/mtc_tutorial/hook/cmake_prefix_path.dsv'
[14.858s] INFO:colcon.colcon_core.shell:Creating environment hook '/home/developer/new_ros2_ws/install/mtc_tutorial/share/mtc_tutorial/hook/cmake_prefix_path.sh'
[14.858s] Level 1:colcon.colcon_core.environment:checking '/home/developer/new_ros2_ws/install/mtc_tutorial/lib'
[14.858s] Level 1:colcon.colcon_core.environment:checking '/home/developer/new_ros2_ws/install/mtc_tutorial/bin'
[14.858s] Level 1:colcon.colcon_core.environment:checking '/home/developer/new_ros2_ws/install/mtc_tutorial/lib/pkgconfig/mtc_tutorial.pc'
[14.858s] Level 1:colcon.colcon_core.environment:checking '/home/developer/new_ros2_ws/install/mtc_tutorial/lib/python3.10/site-packages'
[14.858s] Level 1:colcon.colcon_core.environment:checking '/home/developer/new_ros2_ws/install/mtc_tutorial/bin'
[14.859s] INFO:colcon.colcon_core.shell:Creating package script '/home/developer/new_ros2_ws/install/mtc_tutorial/share/mtc_tutorial/package.ps1'
[14.859s] INFO:colcon.colcon_core.shell:Creating package descriptor '/home/developer/new_ros2_ws/install/mtc_tutorial/share/mtc_tutorial/package.dsv'
[14.859s] INFO:colcon.colcon_core.shell:Creating package script '/home/developer/new_ros2_ws/install/mtc_tutorial/share/mtc_tutorial/package.sh'
[14.860s] INFO:colcon.colcon_core.shell:Creating package script '/home/developer/new_ros2_ws/install/mtc_tutorial/share/mtc_tutorial/package.bash'
[14.860s] INFO:colcon.colcon_core.shell:Creating package script '/home/developer/new_ros2_ws/install/mtc_tutorial/share/mtc_tutorial/package.zsh'
[14.860s] Level 1:colcon.colcon_core.environment:create_file_with_runtime_dependencies(/home/developer/new_ros2_ws/install/mtc_tutorial/share/colcon-core/packages/mtc_tutorial)
[14.861s] DEBUG:colcon.colcon_parallel_executor.executor.parallel:closing loop
[14.861s] DEBUG:colcon.colcon_parallel_executor.executor.parallel:loop closed
[14.861s] DEBUG:colcon.colcon_parallel_executor.executor.parallel:run_until_complete finished with '0'
[14.861s] DEBUG:colcon.colcon_core.event_reactor:joining thread
[14.868s] INFO:colcon.colcon_core.plugin_system:Skipping extension 'colcon_notification.desktop_notification.notify_send': Could not find 'notify-send'
[14.868s] INFO:colcon.colcon_core.plugin_system:Skipping extension 'colcon_notification.desktop_notification.terminal_notifier': Not used on non-Darwin systems
[14.868s] INFO:colcon.colcon_core.plugin_system:Skipping extension 'colcon_notification.desktop_notification.win32': Not used on non-Windows systems
[14.868s] INFO:colcon.colcon_notification.desktop_notification:Sending desktop notification using 'notify2'
[14.871s] DEBUG:colcon.colcon_notification.desktop_notification.notify2:Failed to initialize notify2: org.freedesktop.DBus.Error.Spawn.ExecFailed: /usr/bin/dbus-launch terminated abnormally without any error message
[14.871s] DEBUG:colcon.colcon_core.event_reactor:joined thread
[14.872s] INFO:colcon.colcon_core.shell:Creating prefix script '/home/developer/new_ros2_ws/install/local_setup.ps1'
[14.873s] INFO:colcon.colcon_core.shell:Creating prefix util module '/home/developer/new_ros2_ws/install/_local_setup_util_ps1.py'
[14.874s] INFO:colcon.colcon_core.shell:Creating prefix chain script '/home/developer/new_ros2_ws/install/setup.ps1'
[14.884s] INFO:colcon.colcon_core.shell:Creating prefix script '/home/developer/new_ros2_ws/install/local_setup.sh'
[14.885s] INFO:colcon.colcon_core.shell:Creating prefix util module '/home/developer/new_ros2_ws/install/_local_setup_util_sh.py'
[14.886s] INFO:colcon.colcon_core.shell:Creating prefix chain script '/home/developer/new_ros2_ws/install/setup.sh'
[14.895s] INFO:colcon.colcon_core.shell:Creating prefix script '/home/developer/new_ros2_ws/install/local_setup.bash'
[14.896s] INFO:colcon.colcon_core.shell:Creating prefix chain script '/home/developer/new_ros2_ws/install/setup.bash'
[14.903s] INFO:colcon.colcon_core.shell:Creating prefix script '/home/developer/new_ros2_ws/install/local_setup.zsh'
[14.903s] INFO:colcon.colcon_core.shell:Creating prefix chain script '/home/developer/new_ros2_ws/install/setup.zsh'
