[0.120s] DEBUG:colcon:Command line arguments: ['/usr/bin/colcon', 'build', '--cmake-args', '-DCMAKE_BUILD_TYPE=Release', '--symlink-install']
[0.120s] DEBUG:colcon:Parsed command line arguments: Namespace(log_base=None, log_level=None, verb_name='build', build_base='build', install_base='install', merge_install=False, symlink_install=True, test_result_base=None, continue_on_error=False, executor='parallel', parallel_workers=16, event_handlers=None, ignore_user_meta=False, metas=['./colcon.meta'], base_paths=['.'], packages_ignore=None, packages_ignore_regex=None, paths=None, packages_up_to=None, packages_up_to_regex=None, packages_above=None, packages_above_and_dependencies=None, packages_above_depth=None, packages_select_by_dep=None, packages_skip_by_dep=None, packages_skip_up_to=None, packages_select_build_failed=False, packages_skip_build_finished=False, packages_select_test_failures=False, packages_skip_test_passed=False, packages_select=None, packages_skip=None, packages_select_regex=None, packages_skip_regex=None, packages_start=None, packages_end=None, allow_overriding=[], cmake_args=['-DCMAKE_BUILD_TYPE=Release'], cmake_target=None, cmake_target_skip_unavailable=False, cmake_clean_cache=False, cmake_clean_first=False, cmake_force_configure=False, ament_cmake_args=None, catkin_cmake_args=None, catkin_skip_building_tests=False, mixin_files=None, mixin=None, verb_parser=<colcon_mixin.mixin.mixin_argument.MixinArgumentDecorator object at 0x7ac3b471c8b0>, verb_extension=<colcon_core.verb.build.BuildVerb object at 0x7ac3b46e7e20>, main=<bound method BuildVerb.main of <colcon_core.verb.build.BuildVerb object at 0x7ac3b46e7e20>>, mixin_verb=('build',))
[0.282s] Level 1:colcon.colcon_core.package_discovery:discover_packages(colcon_meta) check parameters
[0.283s] Level 1:colcon.colcon_core.package_discovery:discover_packages(recursive) check parameters
[0.283s] Level 1:colcon.colcon_core.package_discovery:discover_packages(ignore) check parameters
[0.283s] Level 1:colcon.colcon_core.package_discovery:discover_packages(path) check parameters
[0.283s] Level 1:colcon.colcon_core.package_discovery:discover_packages(colcon_meta) discover
[0.283s] Level 1:colcon.colcon_core.package_discovery:discover_packages(recursive) discover
[0.283s] INFO:colcon.colcon_core.package_discovery:Crawling recursively for packages in '/home/developer/new_ros2_ws'
[0.283s] Level 1:colcon.colcon_core.package_identification:_identify(.) by extensions ['ignore', 'ignore_ament_install']
[0.283s] Level 1:colcon.colcon_core.package_identification:_identify(.) by extension 'ignore'
[0.283s] Level 1:colcon.colcon_core.package_identification:_identify(.) by extension 'ignore_ament_install'
[0.283s] Level 1:colcon.colcon_core.package_identification:_identify(.) by extensions ['colcon_pkg']
[0.283s] Level 1:colcon.colcon_core.package_identification:_identify(.) by extension 'colcon_pkg'
[0.283s] Level 1:colcon.colcon_core.package_identification:_identify(.) by extensions ['colcon_meta']
[0.283s] Level 1:colcon.colcon_core.package_identification:_identify(.) by extension 'colcon_meta'
[0.283s] Level 1:colcon.colcon_core.package_identification:_identify(.) by extensions ['ros']
[0.283s] Level 1:colcon.colcon_core.package_identification:_identify(.) by extension 'ros'
[0.293s] Level 1:colcon.colcon_core.package_identification:_identify(.) by extensions ['cmake', 'python']
[0.293s] Level 1:colcon.colcon_core.package_identification:_identify(.) by extension 'cmake'
[0.293s] Level 1:colcon.colcon_core.package_identification:_identify(.) by extension 'python'
[0.293s] Level 1:colcon.colcon_core.package_identification:_identify(.) by extensions ['python_setup_py']
[0.293s] Level 1:colcon.colcon_core.package_identification:_identify(.) by extension 'python_setup_py'
[0.293s] Level 1:colcon.colcon_core.package_identification:_identify(build) by extensions ['ignore', 'ignore_ament_install']
[0.293s] Level 1:colcon.colcon_core.package_identification:_identify(build) by extension 'ignore'
[0.293s] Level 1:colcon.colcon_core.package_identification:_identify(build) ignored
[0.294s] Level 1:colcon.colcon_core.package_identification:_identify(install) by extensions ['ignore', 'ignore_ament_install']
[0.294s] Level 1:colcon.colcon_core.package_identification:_identify(install) by extension 'ignore'
[0.294s] Level 1:colcon.colcon_core.package_identification:_identify(install) ignored
[0.294s] Level 1:colcon.colcon_core.package_identification:_identify(log) by extensions ['ignore', 'ignore_ament_install']
[0.294s] Level 1:colcon.colcon_core.package_identification:_identify(log) by extension 'ignore'
[0.294s] Level 1:colcon.colcon_core.package_identification:_identify(log) ignored
[0.294s] Level 1:colcon.colcon_core.package_identification:_identify(src) by extensions ['ignore', 'ignore_ament_install']
[0.294s] Level 1:colcon.colcon_core.package_identification:_identify(src) by extension 'ignore'
[0.294s] Level 1:colcon.colcon_core.package_identification:_identify(src) by extension 'ignore_ament_install'
[0.294s] Level 1:colcon.colcon_core.package_identification:_identify(src) by extensions ['colcon_pkg']
[0.294s] Level 1:colcon.colcon_core.package_identification:_identify(src) by extension 'colcon_pkg'
[0.294s] Level 1:colcon.colcon_core.package_identification:_identify(src) by extensions ['colcon_meta']
[0.294s] Level 1:colcon.colcon_core.package_identification:_identify(src) by extension 'colcon_meta'
[0.294s] Level 1:colcon.colcon_core.package_identification:_identify(src) by extensions ['ros']
[0.294s] Level 1:colcon.colcon_core.package_identification:_identify(src) by extension 'ros'
[0.294s] Level 1:colcon.colcon_core.package_identification:_identify(src) by extensions ['cmake', 'python']
[0.294s] Level 1:colcon.colcon_core.package_identification:_identify(src) by extension 'cmake'
[0.294s] Level 1:colcon.colcon_core.package_identification:_identify(src) by extension 'python'
[0.295s] Level 1:colcon.colcon_core.package_identification:_identify(src) by extensions ['python_setup_py']
[0.295s] Level 1:colcon.colcon_core.package_identification:_identify(src) by extension 'python_setup_py'
[0.295s] Level 1:colcon.colcon_core.package_identification:_identify(src/baxter_mtc) by extensions ['ignore', 'ignore_ament_install']
[0.295s] Level 1:colcon.colcon_core.package_identification:_identify(src/baxter_mtc) by extension 'ignore'
[0.295s] Level 1:colcon.colcon_core.package_identification:_identify(src/baxter_mtc) by extension 'ignore_ament_install'
[0.295s] Level 1:colcon.colcon_core.package_identification:_identify(src/baxter_mtc) by extensions ['colcon_pkg']
[0.295s] Level 1:colcon.colcon_core.package_identification:_identify(src/baxter_mtc) by extension 'colcon_pkg'
[0.295s] Level 1:colcon.colcon_core.package_identification:_identify(src/baxter_mtc) by extensions ['colcon_meta']
[0.295s] Level 1:colcon.colcon_core.package_identification:_identify(src/baxter_mtc) by extension 'colcon_meta'
[0.295s] Level 1:colcon.colcon_core.package_identification:_identify(src/baxter_mtc) by extensions ['ros']
[0.295s] Level 1:colcon.colcon_core.package_identification:_identify(src/baxter_mtc) by extension 'ros'
[0.299s] DEBUG:colcon.colcon_core.package_identification:Package 'src/baxter_mtc' with type 'ros.ament_cmake' and name 'baxter_mtc'
[0.299s] Level 1:colcon.colcon_core.package_identification:_identify(src/hello_moveit) by extensions ['ignore', 'ignore_ament_install']
[0.299s] Level 1:colcon.colcon_core.package_identification:_identify(src/hello_moveit) by extension 'ignore'
[0.299s] Level 1:colcon.colcon_core.package_identification:_identify(src/hello_moveit) by extension 'ignore_ament_install'
[0.299s] Level 1:colcon.colcon_core.package_identification:_identify(src/hello_moveit) by extensions ['colcon_pkg']
[0.299s] Level 1:colcon.colcon_core.package_identification:_identify(src/hello_moveit) by extension 'colcon_pkg'
[0.299s] Level 1:colcon.colcon_core.package_identification:_identify(src/hello_moveit) by extensions ['colcon_meta']
[0.300s] Level 1:colcon.colcon_core.package_identification:_identify(src/hello_moveit) by extension 'colcon_meta'
[0.300s] Level 1:colcon.colcon_core.package_identification:_identify(src/hello_moveit) by extensions ['ros']
[0.300s] Level 1:colcon.colcon_core.package_identification:_identify(src/hello_moveit) by extension 'ros'
[0.300s] DEBUG:colcon.colcon_core.package_identification:Package 'src/hello_moveit' with type 'ros.ament_cmake' and name 'hello_moveit'
[0.300s] Level 1:colcon.colcon_core.package_identification:_identify(src/mtc_tutorial) by extensions ['ignore', 'ignore_ament_install']
[0.300s] Level 1:colcon.colcon_core.package_identification:_identify(src/mtc_tutorial) by extension 'ignore'
[0.300s] Level 1:colcon.colcon_core.package_identification:_identify(src/mtc_tutorial) by extension 'ignore_ament_install'
[0.300s] Level 1:colcon.colcon_core.package_identification:_identify(src/mtc_tutorial) by extensions ['colcon_pkg']
[0.300s] Level 1:colcon.colcon_core.package_identification:_identify(src/mtc_tutorial) by extension 'colcon_pkg'
[0.301s] Level 1:colcon.colcon_core.package_identification:_identify(src/mtc_tutorial) by extensions ['colcon_meta']
[0.301s] Level 1:colcon.colcon_core.package_identification:_identify(src/mtc_tutorial) by extension 'colcon_meta'
[0.301s] Level 1:colcon.colcon_core.package_identification:_identify(src/mtc_tutorial) by extensions ['ros']
[0.301s] Level 1:colcon.colcon_core.package_identification:_identify(src/mtc_tutorial) by extension 'ros'
[0.301s] DEBUG:colcon.colcon_core.package_identification:Package 'src/mtc_tutorial' with type 'ros.ament_cmake' and name 'mtc_tutorial'
[0.301s] Level 1:colcon.colcon_core.package_discovery:discover_packages(recursive) using defaults
[0.301s] Level 1:colcon.colcon_core.package_discovery:discover_packages(ignore) discover
[0.301s] Level 1:colcon.colcon_core.package_discovery:discover_packages(ignore) using defaults
[0.301s] Level 1:colcon.colcon_core.package_discovery:discover_packages(path) discover
[0.301s] Level 1:colcon.colcon_core.package_discovery:discover_packages(path) using defaults
[0.357s] Level 1:colcon.colcon_core.package_discovery:discover_packages(prefix_path) check parameters
[0.357s] Level 1:colcon.colcon_core.package_discovery:discover_packages(prefix_path) discover
[0.366s] DEBUG:colcon.colcon_installed_package_information.package_discovery:Found 4 installed packages in /home/developer/new_ros2_ws/install
[0.367s] DEBUG:colcon.colcon_installed_package_information.package_discovery:Found 3 installed packages in /home/developer/panda_ws/install
[0.367s] DEBUG:colcon.colcon_installed_package_information.package_discovery:Found 9 installed packages in /home/developer/baxter_ws/install
[0.370s] DEBUG:colcon.colcon_installed_package_information.package_discovery:Found 55 installed packages in /home/developer/ws_moveit2/install
[0.372s] DEBUG:colcon.colcon_installed_package_information.package_discovery:Found 62 installed packages in /home/developer/ros2_ws/install
[0.374s] DEBUG:colcon.colcon_installed_package_information.package_discovery:Found 354 installed packages in /opt/ros/humble
[0.376s] Level 1:colcon.colcon_core.package_discovery:discover_packages(prefix_path) using defaults
[0.432s] Level 5:colcon.colcon_core.verb:set package 'baxter_mtc' build argument 'cmake_args' from command line to '['-DCMAKE_BUILD_TYPE=Release']'
[0.432s] Level 5:colcon.colcon_core.verb:set package 'baxter_mtc' build argument 'cmake_target' from command line to 'None'
[0.432s] Level 5:colcon.colcon_core.verb:set package 'baxter_mtc' build argument 'cmake_target_skip_unavailable' from command line to 'False'
[0.432s] Level 5:colcon.colcon_core.verb:set package 'baxter_mtc' build argument 'cmake_clean_cache' from command line to 'False'
[0.432s] Level 5:colcon.colcon_core.verb:set package 'baxter_mtc' build argument 'cmake_clean_first' from command line to 'False'
[0.432s] Level 5:colcon.colcon_core.verb:set package 'baxter_mtc' build argument 'cmake_force_configure' from command line to 'False'
[0.432s] Level 5:colcon.colcon_core.verb:set package 'baxter_mtc' build argument 'ament_cmake_args' from command line to 'None'
[0.432s] Level 5:colcon.colcon_core.verb:set package 'baxter_mtc' build argument 'catkin_cmake_args' from command line to 'None'
[0.432s] Level 5:colcon.colcon_core.verb:set package 'baxter_mtc' build argument 'catkin_skip_building_tests' from command line to 'False'
[0.432s] DEBUG:colcon.colcon_core.verb:Building package 'baxter_mtc' with the following arguments: {'ament_cmake_args': None, 'build_base': '/home/developer/new_ros2_ws/build/baxter_mtc', 'catkin_cmake_args': None, 'catkin_skip_building_tests': False, 'cmake_args': ['-DCMAKE_BUILD_TYPE=Release'], 'cmake_clean_cache': False, 'cmake_clean_first': False, 'cmake_force_configure': False, 'cmake_target': None, 'cmake_target_skip_unavailable': False, 'install_base': '/home/developer/new_ros2_ws/install/baxter_mtc', 'merge_install': False, 'path': '/home/developer/new_ros2_ws/src/baxter_mtc', 'symlink_install': True, 'test_result_base': None}
[0.432s] Level 5:colcon.colcon_core.verb:set package 'hello_moveit' build argument 'cmake_args' from command line to '['-DCMAKE_BUILD_TYPE=Release']'
[0.432s] Level 5:colcon.colcon_core.verb:set package 'hello_moveit' build argument 'cmake_target' from command line to 'None'
[0.432s] Level 5:colcon.colcon_core.verb:set package 'hello_moveit' build argument 'cmake_target_skip_unavailable' from command line to 'False'
[0.432s] Level 5:colcon.colcon_core.verb:set package 'hello_moveit' build argument 'cmake_clean_cache' from command line to 'False'
[0.432s] Level 5:colcon.colcon_core.verb:set package 'hello_moveit' build argument 'cmake_clean_first' from command line to 'False'
[0.432s] Level 5:colcon.colcon_core.verb:set package 'hello_moveit' build argument 'cmake_force_configure' from command line to 'False'
[0.432s] Level 5:colcon.colcon_core.verb:set package 'hello_moveit' build argument 'ament_cmake_args' from command line to 'None'
[0.432s] Level 5:colcon.colcon_core.verb:set package 'hello_moveit' build argument 'catkin_cmake_args' from command line to 'None'
[0.432s] Level 5:colcon.colcon_core.verb:set package 'hello_moveit' build argument 'catkin_skip_building_tests' from command line to 'False'
[0.432s] DEBUG:colcon.colcon_core.verb:Building package 'hello_moveit' with the following arguments: {'ament_cmake_args': None, 'build_base': '/home/developer/new_ros2_ws/build/hello_moveit', 'catkin_cmake_args': None, 'catkin_skip_building_tests': False, 'cmake_args': ['-DCMAKE_BUILD_TYPE=Release'], 'cmake_clean_cache': False, 'cmake_clean_first': False, 'cmake_force_configure': False, 'cmake_target': None, 'cmake_target_skip_unavailable': False, 'install_base': '/home/developer/new_ros2_ws/install/hello_moveit', 'merge_install': False, 'path': '/home/developer/new_ros2_ws/src/hello_moveit', 'symlink_install': True, 'test_result_base': None}
[0.433s] Level 5:colcon.colcon_core.verb:set package 'mtc_tutorial' build argument 'cmake_args' from command line to '['-DCMAKE_BUILD_TYPE=Release']'
[0.433s] Level 5:colcon.colcon_core.verb:set package 'mtc_tutorial' build argument 'cmake_target' from command line to 'None'
[0.433s] Level 5:colcon.colcon_core.verb:set package 'mtc_tutorial' build argument 'cmake_target_skip_unavailable' from command line to 'False'
[0.433s] Level 5:colcon.colcon_core.verb:set package 'mtc_tutorial' build argument 'cmake_clean_cache' from command line to 'False'
[0.433s] Level 5:colcon.colcon_core.verb:set package 'mtc_tutorial' build argument 'cmake_clean_first' from command line to 'False'
[0.433s] Level 5:colcon.colcon_core.verb:set package 'mtc_tutorial' build argument 'cmake_force_configure' from command line to 'False'
[0.433s] Level 5:colcon.colcon_core.verb:set package 'mtc_tutorial' build argument 'ament_cmake_args' from command line to 'None'
[0.433s] Level 5:colcon.colcon_core.verb:set package 'mtc_tutorial' build argument 'catkin_cmake_args' from command line to 'None'
[0.433s] Level 5:colcon.colcon_core.verb:set package 'mtc_tutorial' build argument 'catkin_skip_building_tests' from command line to 'False'
[0.433s] DEBUG:colcon.colcon_core.verb:Building package 'mtc_tutorial' with the following arguments: {'ament_cmake_args': None, 'build_base': '/home/developer/new_ros2_ws/build/mtc_tutorial', 'catkin_cmake_args': None, 'catkin_skip_building_tests': False, 'cmake_args': ['-DCMAKE_BUILD_TYPE=Release'], 'cmake_clean_cache': False, 'cmake_clean_first': False, 'cmake_force_configure': False, 'cmake_target': None, 'cmake_target_skip_unavailable': False, 'install_base': '/home/developer/new_ros2_ws/install/mtc_tutorial', 'merge_install': False, 'path': '/home/developer/new_ros2_ws/src/mtc_tutorial', 'symlink_install': True, 'test_result_base': None}
[0.433s] INFO:colcon.colcon_core.executor:Executing jobs using 'parallel' executor
[0.434s] DEBUG:colcon.colcon_parallel_executor.executor.parallel:run_until_complete
[0.434s] INFO:colcon.colcon_ros.task.ament_cmake.build:Building ROS package in '/home/developer/new_ros2_ws/src/baxter_mtc' with build type 'ament_cmake'
[0.435s] INFO:colcon.colcon_cmake.task.cmake.build:Building CMake package in '/home/developer/new_ros2_ws/src/baxter_mtc'
[0.437s] INFO:colcon.colcon_core.plugin_system:Skipping extension 'colcon_core.shell.bat': Not used on non-Windows systems
[0.437s] INFO:colcon.colcon_core.shell:Skip shell extension 'powershell' for command environment: Not usable outside of PowerShell
[0.437s] DEBUG:colcon.colcon_core.shell:Skip shell extension 'dsv' for command environment
[0.454s] INFO:colcon.colcon_ros.task.ament_cmake.build:Building ROS package in '/home/developer/new_ros2_ws/src/hello_moveit' with build type 'ament_cmake'
[0.454s] INFO:colcon.colcon_cmake.task.cmake.build:Building CMake package in '/home/developer/new_ros2_ws/src/hello_moveit'
[0.455s] INFO:colcon.colcon_core.shell:Skip shell extension 'powershell' for command environment: Not usable outside of PowerShell
[0.455s] DEBUG:colcon.colcon_core.shell:Skip shell extension 'dsv' for command environment
[0.475s] INFO:colcon.colcon_ros.task.ament_cmake.build:Building ROS package in '/home/developer/new_ros2_ws/src/mtc_tutorial' with build type 'ament_cmake'
[0.475s] INFO:colcon.colcon_cmake.task.cmake.build:Building CMake package in '/home/developer/new_ros2_ws/src/mtc_tutorial'
[0.475s] INFO:colcon.colcon_core.shell:Skip shell extension 'powershell' for command environment: Not usable outside of PowerShell
[0.476s] DEBUG:colcon.colcon_core.shell:Skip shell extension 'dsv' for command environment
[0.499s] DEBUG:colcon.colcon_core.event_handler.log_command:Invoking command in '/home/developer/new_ros2_ws/build/baxter_mtc': CMAKE_PREFIX_PATH=${CMAKE_PREFIX_PATH}:/home/developer/ws_moveit2/install/moveit_resources_pr2_description:/home/developer/ws_moveit2/install/moveit_resources_fanuc_moveit_config:/home/developer/ws_moveit2/install/moveit_configs_utils:/home/developer/ws_moveit2/install/moveit_common:/home/developer/ros2_ws/install/rqt_joint_trajectory_controller:/home/developer/ros2_ws/install/rqt_controller_manager:/home/developer/ros2_ws/install/ros2controlcli:/home/developer/ros2_ws/install/ros2_controllers_test_nodes:/opt/ros/humble /usr/bin/cmake --build /home/developer/new_ros2_ws/build/baxter_mtc -- -j16 -l16
[0.506s] DEBUG:colcon.colcon_core.event_handler.log_command:Invoking command in '/home/developer/new_ros2_ws/build/hello_moveit': CMAKE_PREFIX_PATH=${CMAKE_PREFIX_PATH}:/home/developer/ws_moveit2/install/moveit_resources_pr2_description:/home/developer/ws_moveit2/install/moveit_resources_fanuc_moveit_config:/home/developer/ws_moveit2/install/moveit_configs_utils:/home/developer/ws_moveit2/install/moveit_common:/home/developer/ros2_ws/install/rqt_joint_trajectory_controller:/home/developer/ros2_ws/install/rqt_controller_manager:/home/developer/ros2_ws/install/ros2controlcli:/home/developer/ros2_ws/install/ros2_controllers_test_nodes:/opt/ros/humble /usr/bin/cmake --build /home/developer/new_ros2_ws/build/hello_moveit -- -j16 -l16
[0.511s] DEBUG:colcon.colcon_core.event_handler.log_command:Invoking command in '/home/developer/new_ros2_ws/build/mtc_tutorial': CMAKE_PREFIX_PATH=${CMAKE_PREFIX_PATH}:/home/developer/ws_moveit2/install/moveit_resources_pr2_description:/home/developer/ws_moveit2/install/moveit_resources_fanuc_moveit_config:/home/developer/ws_moveit2/install/moveit_configs_utils:/home/developer/ws_moveit2/install/moveit_common:/home/developer/ros2_ws/install/rqt_joint_trajectory_controller:/home/developer/ros2_ws/install/rqt_controller_manager:/home/developer/ros2_ws/install/ros2controlcli:/home/developer/ros2_ws/install/ros2_controllers_test_nodes:/opt/ros/humble /usr/bin/cmake --build /home/developer/new_ros2_ws/build/mtc_tutorial -- -j16 -l16
[0.729s] DEBUG:colcon.colcon_core.event_handler.log_command:Invoked command in '/home/developer/new_ros2_ws/build/baxter_mtc' returned '0': CMAKE_PREFIX_PATH=${CMAKE_PREFIX_PATH}:/home/developer/ws_moveit2/install/moveit_resources_pr2_description:/home/developer/ws_moveit2/install/moveit_resources_fanuc_moveit_config:/home/developer/ws_moveit2/install/moveit_configs_utils:/home/developer/ws_moveit2/install/moveit_common:/home/developer/ros2_ws/install/rqt_joint_trajectory_controller:/home/developer/ros2_ws/install/rqt_controller_manager:/home/developer/ros2_ws/install/ros2controlcli:/home/developer/ros2_ws/install/ros2_controllers_test_nodes:/opt/ros/humble /usr/bin/cmake --build /home/developer/new_ros2_ws/build/baxter_mtc -- -j16 -l16
[0.759s] DEBUG:colcon.colcon_core.event_handler.log_command:Invoking command in '/home/developer/new_ros2_ws/build/baxter_mtc': CMAKE_PREFIX_PATH=${CMAKE_PREFIX_PATH}:/home/developer/ws_moveit2/install/moveit_resources_pr2_description:/home/developer/ws_moveit2/install/moveit_resources_fanuc_moveit_config:/home/developer/ws_moveit2/install/moveit_configs_utils:/home/developer/ws_moveit2/install/moveit_common:/home/developer/ros2_ws/install/rqt_joint_trajectory_controller:/home/developer/ros2_ws/install/rqt_controller_manager:/home/developer/ros2_ws/install/ros2controlcli:/home/developer/ros2_ws/install/ros2_controllers_test_nodes:/opt/ros/humble /usr/bin/cmake --install /home/developer/new_ros2_ws/build/baxter_mtc
[0.761s] DEBUG:colcon.colcon_core.event_handler.log_command:Invoked command in '/home/developer/new_ros2_ws/build/hello_moveit' returned '0': CMAKE_PREFIX_PATH=${CMAKE_PREFIX_PATH}:/home/developer/ws_moveit2/install/moveit_resources_pr2_description:/home/developer/ws_moveit2/install/moveit_resources_fanuc_moveit_config:/home/developer/ws_moveit2/install/moveit_configs_utils:/home/developer/ws_moveit2/install/moveit_common:/home/developer/ros2_ws/install/rqt_joint_trajectory_controller:/home/developer/ros2_ws/install/rqt_controller_manager:/home/developer/ros2_ws/install/ros2controlcli:/home/developer/ros2_ws/install/ros2_controllers_test_nodes:/opt/ros/humble /usr/bin/cmake --build /home/developer/new_ros2_ws/build/hello_moveit -- -j16 -l16
[0.763s] DEBUG:colcon.colcon_core.event_handler.log_command:Invoking command in '/home/developer/new_ros2_ws/build/hello_moveit': CMAKE_PREFIX_PATH=${CMAKE_PREFIX_PATH}:/home/developer/ws_moveit2/install/moveit_resources_pr2_description:/home/developer/ws_moveit2/install/moveit_resources_fanuc_moveit_config:/home/developer/ws_moveit2/install/moveit_configs_utils:/home/developer/ws_moveit2/install/moveit_common:/home/developer/ros2_ws/install/rqt_joint_trajectory_controller:/home/developer/ros2_ws/install/rqt_controller_manager:/home/developer/ros2_ws/install/ros2controlcli:/home/developer/ros2_ws/install/ros2_controllers_test_nodes:/opt/ros/humble /usr/bin/cmake --install /home/developer/new_ros2_ws/build/hello_moveit
[0.817s] Level 1:colcon.colcon_core.environment:create_environment_scripts_only(baxter_mtc)
[0.818s] DEBUG:colcon.colcon_core.event_handler.log_command:Invoked command in '/home/developer/new_ros2_ws/build/baxter_mtc' returned '0': CMAKE_PREFIX_PATH=${CMAKE_PREFIX_PATH}:/home/developer/ws_moveit2/install/moveit_resources_pr2_description:/home/developer/ws_moveit2/install/moveit_resources_fanuc_moveit_config:/home/developer/ws_moveit2/install/moveit_configs_utils:/home/developer/ws_moveit2/install/moveit_common:/home/developer/ros2_ws/install/rqt_joint_trajectory_controller:/home/developer/ros2_ws/install/rqt_controller_manager:/home/developer/ros2_ws/install/ros2controlcli:/home/developer/ros2_ws/install/ros2_controllers_test_nodes:/opt/ros/humble /usr/bin/cmake --install /home/developer/new_ros2_ws/build/baxter_mtc
[0.821s] Level 1:colcon.colcon_core.environment:checking '/home/developer/new_ros2_ws/install/baxter_mtc' for CMake module files
[0.822s] Level 1:colcon.colcon_core.environment:checking '/home/developer/new_ros2_ws/install/baxter_mtc' for CMake config files
[0.822s] Level 1:colcon.colcon_core.shell:create_environment_hook('baxter_mtc', 'cmake_prefix_path')
[0.822s] INFO:colcon.colcon_core.shell:Creating environment hook '/home/developer/new_ros2_ws/install/baxter_mtc/share/baxter_mtc/hook/cmake_prefix_path.ps1'
[0.823s] INFO:colcon.colcon_core.shell:Creating environment descriptor '/home/developer/new_ros2_ws/install/baxter_mtc/share/baxter_mtc/hook/cmake_prefix_path.dsv'
[0.824s] INFO:colcon.colcon_core.shell:Creating environment hook '/home/developer/new_ros2_ws/install/baxter_mtc/share/baxter_mtc/hook/cmake_prefix_path.sh'
[0.824s] Level 1:colcon.colcon_core.environment:checking '/home/developer/new_ros2_ws/install/baxter_mtc/lib'
[0.824s] Level 1:colcon.colcon_core.environment:checking '/home/developer/new_ros2_ws/install/baxter_mtc/bin'
[0.825s] Level 1:colcon.colcon_core.environment:checking '/home/developer/new_ros2_ws/install/baxter_mtc/lib/pkgconfig/baxter_mtc.pc'
[0.825s] Level 1:colcon.colcon_core.environment:checking '/home/developer/new_ros2_ws/install/baxter_mtc/lib/python3.10/site-packages'
[0.825s] Level 1:colcon.colcon_core.environment:checking '/home/developer/new_ros2_ws/install/baxter_mtc/bin'
[0.825s] INFO:colcon.colcon_core.shell:Creating package script '/home/developer/new_ros2_ws/install/baxter_mtc/share/baxter_mtc/package.ps1'
[0.826s] INFO:colcon.colcon_core.shell:Creating package descriptor '/home/developer/new_ros2_ws/install/baxter_mtc/share/baxter_mtc/package.dsv'
[0.827s] INFO:colcon.colcon_core.shell:Creating package script '/home/developer/new_ros2_ws/install/baxter_mtc/share/baxter_mtc/package.sh'
[0.827s] INFO:colcon.colcon_core.shell:Creating package script '/home/developer/new_ros2_ws/install/baxter_mtc/share/baxter_mtc/package.bash'
[0.828s] INFO:colcon.colcon_core.shell:Creating package script '/home/developer/new_ros2_ws/install/baxter_mtc/share/baxter_mtc/package.zsh'
[0.828s] Level 1:colcon.colcon_core.environment:create_file_with_runtime_dependencies(/home/developer/new_ros2_ws/install/baxter_mtc/share/colcon-core/packages/baxter_mtc)
[0.829s] Level 1:colcon.colcon_core.environment:create_environment_scripts_only(baxter_mtc)
[0.829s] Level 1:colcon.colcon_core.environment:checking '/home/developer/new_ros2_ws/install/baxter_mtc' for CMake module files
[0.830s] Level 1:colcon.colcon_core.environment:checking '/home/developer/new_ros2_ws/install/baxter_mtc' for CMake config files
[0.831s] Level 1:colcon.colcon_core.shell:create_environment_hook('baxter_mtc', 'cmake_prefix_path')
[0.831s] INFO:colcon.colcon_core.shell:Creating environment hook '/home/developer/new_ros2_ws/install/baxter_mtc/share/baxter_mtc/hook/cmake_prefix_path.ps1'
[0.832s] INFO:colcon.colcon_core.shell:Creating environment descriptor '/home/developer/new_ros2_ws/install/baxter_mtc/share/baxter_mtc/hook/cmake_prefix_path.dsv'
[0.832s] INFO:colcon.colcon_core.shell:Creating environment hook '/home/developer/new_ros2_ws/install/baxter_mtc/share/baxter_mtc/hook/cmake_prefix_path.sh'
[0.833s] Level 1:colcon.colcon_core.environment:checking '/home/developer/new_ros2_ws/install/baxter_mtc/lib'
[0.833s] Level 1:colcon.colcon_core.environment:checking '/home/developer/new_ros2_ws/install/baxter_mtc/bin'
[0.833s] Level 1:colcon.colcon_core.environment:checking '/home/developer/new_ros2_ws/install/baxter_mtc/lib/pkgconfig/baxter_mtc.pc'
[0.833s] Level 1:colcon.colcon_core.environment:checking '/home/developer/new_ros2_ws/install/baxter_mtc/lib/python3.10/site-packages'
[0.833s] Level 1:colcon.colcon_core.environment:checking '/home/developer/new_ros2_ws/install/baxter_mtc/bin'
[0.833s] INFO:colcon.colcon_core.shell:Creating package script '/home/developer/new_ros2_ws/install/baxter_mtc/share/baxter_mtc/package.ps1'
[0.834s] INFO:colcon.colcon_core.shell:Creating package descriptor '/home/developer/new_ros2_ws/install/baxter_mtc/share/baxter_mtc/package.dsv'
[0.835s] INFO:colcon.colcon_core.shell:Creating package script '/home/developer/new_ros2_ws/install/baxter_mtc/share/baxter_mtc/package.sh'
[0.835s] INFO:colcon.colcon_core.shell:Creating package script '/home/developer/new_ros2_ws/install/baxter_mtc/share/baxter_mtc/package.bash'
[0.836s] INFO:colcon.colcon_core.shell:Creating package script '/home/developer/new_ros2_ws/install/baxter_mtc/share/baxter_mtc/package.zsh'
[0.836s] Level 1:colcon.colcon_core.environment:create_file_with_runtime_dependencies(/home/developer/new_ros2_ws/install/baxter_mtc/share/colcon-core/packages/baxter_mtc)
[0.837s] Level 1:colcon.colcon_core.environment:create_environment_scripts_only(hello_moveit)
[0.837s] Level 1:colcon.colcon_core.environment:checking '/home/developer/new_ros2_ws/install/hello_moveit' for CMake module files
[0.838s] DEBUG:colcon.colcon_core.event_handler.log_command:Invoked command in '/home/developer/new_ros2_ws/build/hello_moveit' returned '0': CMAKE_PREFIX_PATH=${CMAKE_PREFIX_PATH}:/home/developer/ws_moveit2/install/moveit_resources_pr2_description:/home/developer/ws_moveit2/install/moveit_resources_fanuc_moveit_config:/home/developer/ws_moveit2/install/moveit_configs_utils:/home/developer/ws_moveit2/install/moveit_common:/home/developer/ros2_ws/install/rqt_joint_trajectory_controller:/home/developer/ros2_ws/install/rqt_controller_manager:/home/developer/ros2_ws/install/ros2controlcli:/home/developer/ros2_ws/install/ros2_controllers_test_nodes:/opt/ros/humble /usr/bin/cmake --install /home/developer/new_ros2_ws/build/hello_moveit
[0.839s] Level 1:colcon.colcon_core.environment:checking '/home/developer/new_ros2_ws/install/hello_moveit' for CMake config files
[0.839s] Level 1:colcon.colcon_core.shell:create_environment_hook('hello_moveit', 'cmake_prefix_path')
[0.839s] INFO:colcon.colcon_core.shell:Creating environment hook '/home/developer/new_ros2_ws/install/hello_moveit/share/hello_moveit/hook/cmake_prefix_path.ps1'
[0.840s] INFO:colcon.colcon_core.shell:Creating environment descriptor '/home/developer/new_ros2_ws/install/hello_moveit/share/hello_moveit/hook/cmake_prefix_path.dsv'
[0.840s] INFO:colcon.colcon_core.shell:Creating environment hook '/home/developer/new_ros2_ws/install/hello_moveit/share/hello_moveit/hook/cmake_prefix_path.sh'
[0.840s] Level 1:colcon.colcon_core.environment:checking '/home/developer/new_ros2_ws/install/hello_moveit/lib'
[0.840s] Level 1:colcon.colcon_core.environment:checking '/home/developer/new_ros2_ws/install/hello_moveit/bin'
[0.840s] Level 1:colcon.colcon_core.environment:checking '/home/developer/new_ros2_ws/install/hello_moveit/lib/pkgconfig/hello_moveit.pc'
[0.841s] Level 1:colcon.colcon_core.environment:checking '/home/developer/new_ros2_ws/install/hello_moveit/lib/python3.10/site-packages'
[0.841s] Level 1:colcon.colcon_core.environment:checking '/home/developer/new_ros2_ws/install/hello_moveit/bin'
[0.841s] INFO:colcon.colcon_core.shell:Creating package script '/home/developer/new_ros2_ws/install/hello_moveit/share/hello_moveit/package.ps1'
[0.842s] INFO:colcon.colcon_core.shell:Creating package descriptor '/home/developer/new_ros2_ws/install/hello_moveit/share/hello_moveit/package.dsv'
[0.843s] INFO:colcon.colcon_core.shell:Creating package script '/home/developer/new_ros2_ws/install/hello_moveit/share/hello_moveit/package.sh'
[0.843s] INFO:colcon.colcon_core.shell:Creating package script '/home/developer/new_ros2_ws/install/hello_moveit/share/hello_moveit/package.bash'
[0.844s] INFO:colcon.colcon_core.shell:Creating package script '/home/developer/new_ros2_ws/install/hello_moveit/share/hello_moveit/package.zsh'
[0.844s] Level 1:colcon.colcon_core.environment:create_file_with_runtime_dependencies(/home/developer/new_ros2_ws/install/hello_moveit/share/colcon-core/packages/hello_moveit)
[0.845s] Level 1:colcon.colcon_core.environment:create_environment_scripts_only(hello_moveit)
[0.845s] Level 1:colcon.colcon_core.environment:checking '/home/developer/new_ros2_ws/install/hello_moveit' for CMake module files
[0.845s] Level 1:colcon.colcon_core.environment:checking '/home/developer/new_ros2_ws/install/hello_moveit' for CMake config files
[0.846s] Level 1:colcon.colcon_core.shell:create_environment_hook('hello_moveit', 'cmake_prefix_path')
[0.846s] INFO:colcon.colcon_core.shell:Creating environment hook '/home/developer/new_ros2_ws/install/hello_moveit/share/hello_moveit/hook/cmake_prefix_path.ps1'
[0.846s] INFO:colcon.colcon_core.shell:Creating environment descriptor '/home/developer/new_ros2_ws/install/hello_moveit/share/hello_moveit/hook/cmake_prefix_path.dsv'
[0.847s] INFO:colcon.colcon_core.shell:Creating environment hook '/home/developer/new_ros2_ws/install/hello_moveit/share/hello_moveit/hook/cmake_prefix_path.sh'
[0.847s] Level 1:colcon.colcon_core.environment:checking '/home/developer/new_ros2_ws/install/hello_moveit/lib'
[0.847s] Level 1:colcon.colcon_core.environment:checking '/home/developer/new_ros2_ws/install/hello_moveit/bin'
[0.847s] Level 1:colcon.colcon_core.environment:checking '/home/developer/new_ros2_ws/install/hello_moveit/lib/pkgconfig/hello_moveit.pc'
[0.848s] Level 1:colcon.colcon_core.environment:checking '/home/developer/new_ros2_ws/install/hello_moveit/lib/python3.10/site-packages'
[0.848s] Level 1:colcon.colcon_core.environment:checking '/home/developer/new_ros2_ws/install/hello_moveit/bin'
[0.848s] INFO:colcon.colcon_core.shell:Creating package script '/home/developer/new_ros2_ws/install/hello_moveit/share/hello_moveit/package.ps1'
[0.849s] INFO:colcon.colcon_core.shell:Creating package descriptor '/home/developer/new_ros2_ws/install/hello_moveit/share/hello_moveit/package.dsv'
[0.849s] INFO:colcon.colcon_core.shell:Creating package script '/home/developer/new_ros2_ws/install/hello_moveit/share/hello_moveit/package.sh'
[0.850s] INFO:colcon.colcon_core.shell:Creating package script '/home/developer/new_ros2_ws/install/hello_moveit/share/hello_moveit/package.bash'
[0.850s] INFO:colcon.colcon_core.shell:Creating package script '/home/developer/new_ros2_ws/install/hello_moveit/share/hello_moveit/package.zsh'
[0.851s] Level 1:colcon.colcon_core.environment:create_file_with_runtime_dependencies(/home/developer/new_ros2_ws/install/hello_moveit/share/colcon-core/packages/hello_moveit)
[17.224s] DEBUG:colcon.colcon_core.event_handler.log_command:Invoked command in '/home/developer/new_ros2_ws/build/mtc_tutorial' returned '0': CMAKE_PREFIX_PATH=${CMAKE_PREFIX_PATH}:/home/developer/ws_moveit2/install/moveit_resources_pr2_description:/home/developer/ws_moveit2/install/moveit_resources_fanuc_moveit_config:/home/developer/ws_moveit2/install/moveit_configs_utils:/home/developer/ws_moveit2/install/moveit_common:/home/developer/ros2_ws/install/rqt_joint_trajectory_controller:/home/developer/ros2_ws/install/rqt_controller_manager:/home/developer/ros2_ws/install/ros2controlcli:/home/developer/ros2_ws/install/ros2_controllers_test_nodes:/opt/ros/humble /usr/bin/cmake --build /home/developer/new_ros2_ws/build/mtc_tutorial -- -j16 -l16
[17.226s] DEBUG:colcon.colcon_core.event_handler.log_command:Invoking command in '/home/developer/new_ros2_ws/build/mtc_tutorial': CMAKE_PREFIX_PATH=${CMAKE_PREFIX_PATH}:/home/developer/ws_moveit2/install/moveit_resources_pr2_description:/home/developer/ws_moveit2/install/moveit_resources_fanuc_moveit_config:/home/developer/ws_moveit2/install/moveit_configs_utils:/home/developer/ws_moveit2/install/moveit_common:/home/developer/ros2_ws/install/rqt_joint_trajectory_controller:/home/developer/ros2_ws/install/rqt_controller_manager:/home/developer/ros2_ws/install/ros2controlcli:/home/developer/ros2_ws/install/ros2_controllers_test_nodes:/opt/ros/humble /usr/bin/cmake --install /home/developer/new_ros2_ws/build/mtc_tutorial
[17.282s] Level 1:colcon.colcon_core.environment:create_environment_scripts_only(mtc_tutorial)
[17.282s] Level 1:colcon.colcon_core.environment:checking '/home/developer/new_ros2_ws/install/mtc_tutorial' for CMake module files
[17.283s] DEBUG:colcon.colcon_core.event_handler.log_command:Invoked command in '/home/developer/new_ros2_ws/build/mtc_tutorial' returned '0': CMAKE_PREFIX_PATH=${CMAKE_PREFIX_PATH}:/home/developer/ws_moveit2/install/moveit_resources_pr2_description:/home/developer/ws_moveit2/install/moveit_resources_fanuc_moveit_config:/home/developer/ws_moveit2/install/moveit_configs_utils:/home/developer/ws_moveit2/install/moveit_common:/home/developer/ros2_ws/install/rqt_joint_trajectory_controller:/home/developer/ros2_ws/install/rqt_controller_manager:/home/developer/ros2_ws/install/ros2controlcli:/home/developer/ros2_ws/install/ros2_controllers_test_nodes:/opt/ros/humble /usr/bin/cmake --install /home/developer/new_ros2_ws/build/mtc_tutorial
[17.284s] Level 1:colcon.colcon_core.environment:checking '/home/developer/new_ros2_ws/install/mtc_tutorial' for CMake config files
[17.284s] Level 1:colcon.colcon_core.shell:create_environment_hook('mtc_tutorial', 'cmake_prefix_path')
[17.284s] INFO:colcon.colcon_core.shell:Creating environment hook '/home/developer/new_ros2_ws/install/mtc_tutorial/share/mtc_tutorial/hook/cmake_prefix_path.ps1'
[17.285s] INFO:colcon.colcon_core.shell:Creating environment descriptor '/home/developer/new_ros2_ws/install/mtc_tutorial/share/mtc_tutorial/hook/cmake_prefix_path.dsv'
[17.285s] INFO:colcon.colcon_core.shell:Creating environment hook '/home/developer/new_ros2_ws/install/mtc_tutorial/share/mtc_tutorial/hook/cmake_prefix_path.sh'
[17.286s] Level 1:colcon.colcon_core.environment:checking '/home/developer/new_ros2_ws/install/mtc_tutorial/lib'
[17.286s] Level 1:colcon.colcon_core.environment:checking '/home/developer/new_ros2_ws/install/mtc_tutorial/bin'
[17.286s] Level 1:colcon.colcon_core.environment:checking '/home/developer/new_ros2_ws/install/mtc_tutorial/lib/pkgconfig/mtc_tutorial.pc'
[17.286s] Level 1:colcon.colcon_core.environment:checking '/home/developer/new_ros2_ws/install/mtc_tutorial/lib/python3.10/site-packages'
[17.286s] Level 1:colcon.colcon_core.environment:checking '/home/developer/new_ros2_ws/install/mtc_tutorial/bin'
[17.287s] INFO:colcon.colcon_core.shell:Creating package script '/home/developer/new_ros2_ws/install/mtc_tutorial/share/mtc_tutorial/package.ps1'
[17.287s] INFO:colcon.colcon_core.shell:Creating package descriptor '/home/developer/new_ros2_ws/install/mtc_tutorial/share/mtc_tutorial/package.dsv'
[17.287s] INFO:colcon.colcon_core.shell:Creating package script '/home/developer/new_ros2_ws/install/mtc_tutorial/share/mtc_tutorial/package.sh'
[17.288s] INFO:colcon.colcon_core.shell:Creating package script '/home/developer/new_ros2_ws/install/mtc_tutorial/share/mtc_tutorial/package.bash'
[17.288s] INFO:colcon.colcon_core.shell:Creating package script '/home/developer/new_ros2_ws/install/mtc_tutorial/share/mtc_tutorial/package.zsh'
[17.288s] Level 1:colcon.colcon_core.environment:create_file_with_runtime_dependencies(/home/developer/new_ros2_ws/install/mtc_tutorial/share/colcon-core/packages/mtc_tutorial)
[17.289s] Level 1:colcon.colcon_core.environment:create_environment_scripts_only(mtc_tutorial)
[17.289s] Level 1:colcon.colcon_core.environment:checking '/home/developer/new_ros2_ws/install/mtc_tutorial' for CMake module files
[17.290s] Level 1:colcon.colcon_core.environment:checking '/home/developer/new_ros2_ws/install/mtc_tutorial' for CMake config files
[17.290s] Level 1:colcon.colcon_core.shell:create_environment_hook('mtc_tutorial', 'cmake_prefix_path')
[17.290s] INFO:colcon.colcon_core.shell:Creating environment hook '/home/developer/new_ros2_ws/install/mtc_tutorial/share/mtc_tutorial/hook/cmake_prefix_path.ps1'
[17.291s] INFO:colcon.colcon_core.shell:Creating environment descriptor '/home/developer/new_ros2_ws/install/mtc_tutorial/share/mtc_tutorial/hook/cmake_prefix_path.dsv'
[17.291s] INFO:colcon.colcon_core.shell:Creating environment hook '/home/developer/new_ros2_ws/install/mtc_tutorial/share/mtc_tutorial/hook/cmake_prefix_path.sh'
[17.291s] Level 1:colcon.colcon_core.environment:checking '/home/developer/new_ros2_ws/install/mtc_tutorial/lib'
[17.291s] Level 1:colcon.colcon_core.environment:checking '/home/developer/new_ros2_ws/install/mtc_tutorial/bin'
[17.291s] Level 1:colcon.colcon_core.environment:checking '/home/developer/new_ros2_ws/install/mtc_tutorial/lib/pkgconfig/mtc_tutorial.pc'
[17.292s] Level 1:colcon.colcon_core.environment:checking '/home/developer/new_ros2_ws/install/mtc_tutorial/lib/python3.10/site-packages'
[17.292s] Level 1:colcon.colcon_core.environment:checking '/home/developer/new_ros2_ws/install/mtc_tutorial/bin'
[17.292s] INFO:colcon.colcon_core.shell:Creating package script '/home/developer/new_ros2_ws/install/mtc_tutorial/share/mtc_tutorial/package.ps1'
[17.293s] INFO:colcon.colcon_core.shell:Creating package descriptor '/home/developer/new_ros2_ws/install/mtc_tutorial/share/mtc_tutorial/package.dsv'
[17.293s] INFO:colcon.colcon_core.shell:Creating package script '/home/developer/new_ros2_ws/install/mtc_tutorial/share/mtc_tutorial/package.sh'
[17.294s] INFO:colcon.colcon_core.shell:Creating package script '/home/developer/new_ros2_ws/install/mtc_tutorial/share/mtc_tutorial/package.bash'
[17.294s] INFO:colcon.colcon_core.shell:Creating package script '/home/developer/new_ros2_ws/install/mtc_tutorial/share/mtc_tutorial/package.zsh'
[17.294s] Level 1:colcon.colcon_core.environment:create_file_with_runtime_dependencies(/home/developer/new_ros2_ws/install/mtc_tutorial/share/colcon-core/packages/mtc_tutorial)
[17.295s] DEBUG:colcon.colcon_parallel_executor.executor.parallel:closing loop
[17.295s] DEBUG:colcon.colcon_parallel_executor.executor.parallel:loop closed
[17.295s] DEBUG:colcon.colcon_parallel_executor.executor.parallel:run_until_complete finished with '0'
[17.295s] DEBUG:colcon.colcon_core.event_reactor:joining thread
[17.303s] INFO:colcon.colcon_core.plugin_system:Skipping extension 'colcon_notification.desktop_notification.notify_send': Could not find 'notify-send'
[17.303s] INFO:colcon.colcon_core.plugin_system:Skipping extension 'colcon_notification.desktop_notification.terminal_notifier': Not used on non-Darwin systems
[17.303s] INFO:colcon.colcon_core.plugin_system:Skipping extension 'colcon_notification.desktop_notification.win32': Not used on non-Windows systems
[17.303s] INFO:colcon.colcon_notification.desktop_notification:Sending desktop notification using 'notify2'
[17.308s] DEBUG:colcon.colcon_notification.desktop_notification.notify2:Failed to initialize notify2: org.freedesktop.DBus.Error.Spawn.ExecFailed: /usr/bin/dbus-launch terminated abnormally without any error message
[17.308s] DEBUG:colcon.colcon_core.event_reactor:joined thread
[17.309s] INFO:colcon.colcon_core.shell:Creating prefix script '/home/developer/new_ros2_ws/install/local_setup.ps1'
[17.311s] INFO:colcon.colcon_core.shell:Creating prefix util module '/home/developer/new_ros2_ws/install/_local_setup_util_ps1.py'
[17.312s] INFO:colcon.colcon_core.shell:Creating prefix chain script '/home/developer/new_ros2_ws/install/setup.ps1'
[17.321s] INFO:colcon.colcon_core.shell:Creating prefix script '/home/developer/new_ros2_ws/install/local_setup.sh'
[17.321s] INFO:colcon.colcon_core.shell:Creating prefix util module '/home/developer/new_ros2_ws/install/_local_setup_util_sh.py'
[17.322s] INFO:colcon.colcon_core.shell:Creating prefix chain script '/home/developer/new_ros2_ws/install/setup.sh'
[17.332s] INFO:colcon.colcon_core.shell:Creating prefix script '/home/developer/new_ros2_ws/install/local_setup.bash'
[17.332s] INFO:colcon.colcon_core.shell:Creating prefix chain script '/home/developer/new_ros2_ws/install/setup.bash'
[17.341s] INFO:colcon.colcon_core.shell:Creating prefix script '/home/developer/new_ros2_ws/install/local_setup.zsh'
[17.342s] INFO:colcon.colcon_core.shell:Creating prefix chain script '/home/developer/new_ros2_ws/install/setup.zsh'
