[0.077s] Invoking command in '/home/developer/new_ros2_ws/build/baxter_mtc': CMAKE_PREFIX_PATH=${CMAKE_PREFIX_PATH}:/home/developer/ws_moveit2/install/moveit_configs_utils:/home/developer/ros2_ws/install/rqt_joint_trajectory_controller:/home/developer/ros2_ws/install/rqt_controller_manager:/home/developer/ros2_ws/install/ros2controlcli:/home/developer/ros2_ws/install/ros2_controllers_test_nodes:/opt/ros/humble /usr/bin/cmake /home/developer/new_ros2_ws/src/baxter_mtc -DCMAKE_INSTALL_PREFIX=/home/developer/new_ros2_ws/install/baxter_mtc
[0.317s] -- The C compiler identification is GNU 11.4.0
[0.449s] -- The CXX compiler identification is GNU 11.4.0
[0.466s] -- Detecting C compiler ABI info
[0.690s] -- Detecting C compiler ABI info - done
[0.699s] -- Check for working C compiler: /usr/bin/cc - skipped
[0.699s] -- Detecting C compile features
[0.699s] -- Detecting C compile features - done
[0.703s] -- Detecting CXX compiler ABI info
[0.955s] -- Detecting CXX compiler ABI info - done
[0.962s] -- Check for working CXX compiler: /usr/bin/c++ - skipped
[0.962s] -- Detecting CXX compile features
[0.962s] -- Detecting CXX compile features - done
[1.010s] -- Found ament_cmake: 1.3.11 (/opt/ros/humble/share/ament_cmake/cmake)
[1.425s] -- Found Python3: /usr/bin/python3 (found version "3.10.12") found components: Interpreter 
[2.088s] -- Found moveit_task_constructor_core: 0.1.3 (/home/developer/ws_moveit2/install/moveit_task_constructor_core/share/moveit_task_constructor_core/cmake)
[2.668s] -- Found rosidl_generator_c: 3.1.6 (/opt/ros/humble/share/rosidl_generator_c/cmake)
[2.749s] -- Found rosidl_adapter: 3.1.6 (/opt/ros/humble/share/rosidl_adapter/cmake)
[2.841s] -- Found rosidl_generator_cpp: 3.1.6 (/opt/ros/humble/share/rosidl_generator_cpp/cmake)
[2.957s] -- Using all available rosidl_typesupport_c: rosidl_typesupport_fastrtps_c;rosidl_typesupport_introspection_c
[3.113s] -- Using all available rosidl_typesupport_cpp: rosidl_typesupport_fastrtps_cpp;rosidl_typesupport_introspection_cpp
[4.108s] -- Found Boost: /usr/lib/x86_64-linux-gnu/cmake/Boost-1.74.0/BoostConfig.cmake (found version "1.74.0") found components: chrono date_time filesystem iostreams program_options regex serialization system thread 
[4.616s] -- Found parameter_traits: 0.4.0 (/opt/ros/humble/share/parameter_traits/cmake)
[5.097s] -- Found rmw_implementation_cmake: 6.1.2 (/opt/ros/humble/share/rmw_implementation_cmake/cmake)
[5.148s] -- Found rmw_cyclonedds_cpp: 1.3.4 (/opt/ros/humble/share/rmw_cyclonedds_cpp/cmake)
[5.397s] -- Using RMW implementation 'rmw_cyclonedds_cpp' as default
[5.517s] -- Found Threads: TRUE  
[5.769s] -- Found Eigen3: TRUE (found version "3.4.0") 
[5.804s] -- Found rclcpp_lifecycle: 16.0.12 (/opt/ros/humble/share/rclcpp_lifecycle/cmake)
[5.957s] -- Found Boost: /usr/lib/x86_64-linux-gnu/cmake/Boost-1.74.0/BoostConfig.cmake (found version "1.74.0") found components: filesystem 
[6.523s] -- library: /usr/lib/x86_64-linux-gnu/libcurl.so
[6.794s] -- Ensuring Eigen3 include directory is part of orocos-kdl CMake target
[8.014s] -- Found Boost: /usr/lib/x86_64-linux-gnu/cmake/Boost-1.74.0/BoostConfig.cmake (found version "1.74.0") found components: system filesystem date_time program_options thread chrono 
[8.095s] -- Found Boost: /usr/lib/x86_64-linux-gnu/cmake/Boost-1.74.0/BoostConfig.cmake (found version "1.74.0") found components: date_time filesystem program_options system thread 
[8.121s] -- Found Boost: /usr/lib/x86_64-linux-gnu/cmake/Boost-1.74.0/BoostConfig.cmake (found version "1.74.0") found components: thread system filesystem regex date_time program_options 
[8.444s] -- Found Boost: /usr/lib/x86_64-linux-gnu/cmake/Boost-1.74.0/BoostConfig.cmake (found version "1.74.0") found components: system filesystem date_time program_options thread 
[8.605s] -- Found ament_lint_auto: 0.12.12 (/opt/ros/humble/share/ament_lint_auto/cmake)
[8.954s] -- Added test 'cppcheck' to perform static code analysis on C / C++ code
[8.954s] -- Configured cppcheck include dirs: $<BUILD_INTERFACE:/home/developer/new_ros2_ws/src/baxter_mtc/include>
[8.954s] -- Configured cppcheck exclude dirs and/or files: 
[8.962s] -- Added test 'flake8' to check Python code syntax and style conventions
[8.968s] -- Added test 'lint_cmake' to check CMake code style
[8.973s] -- Added test 'pep257' to check Python code against some of the docstring style conventions in PEP 257
[8.978s] -- Added test 'uncrustify' to check C / C++ code style
[8.978s] -- Configured uncrustify additional arguments: 
[8.983s] -- Added test 'xmllint' to check XML markup files
[8.993s] -- Configuring done
[9.082s] -- Generating done
[9.091s] -- Build files have been written to: /home/developer/new_ros2_ws/build/baxter_mtc
[9.112s] Invoked command in '/home/developer/new_ros2_ws/build/baxter_mtc' returned '0': CMAKE_PREFIX_PATH=${CMAKE_PREFIX_PATH}:/home/developer/ws_moveit2/install/moveit_configs_utils:/home/developer/ros2_ws/install/rqt_joint_trajectory_controller:/home/developer/ros2_ws/install/rqt_controller_manager:/home/developer/ros2_ws/install/ros2controlcli:/home/developer/ros2_ws/install/ros2_controllers_test_nodes:/opt/ros/humble /usr/bin/cmake /home/developer/new_ros2_ws/src/baxter_mtc -DCMAKE_INSTALL_PREFIX=/home/developer/new_ros2_ws/install/baxter_mtc
[9.114s] Invoking command in '/home/developer/new_ros2_ws/build/baxter_mtc': CMAKE_PREFIX_PATH=${CMAKE_PREFIX_PATH}:/home/developer/ws_moveit2/install/moveit_configs_utils:/home/developer/ros2_ws/install/rqt_joint_trajectory_controller:/home/developer/ros2_ws/install/rqt_controller_manager:/home/developer/ros2_ws/install/ros2controlcli:/home/developer/ros2_ws/install/ros2_controllers_test_nodes:/opt/ros/humble /usr/bin/cmake --build /home/developer/new_ros2_ws/build/baxter_mtc -- -j16 -l16
[9.313s] [ 50%] [32mBuilding CXX object CMakeFiles/baxter_mtc_node.dir/src/baxter_mtc_node.cpp.o[0m
[20.116s] [100%] [32m[1mLinking CXX executable baxter_mtc_node[0m
[20.794s] [100%] Built target baxter_mtc_node
[20.834s] Invoked command in '/home/developer/new_ros2_ws/build/baxter_mtc' returned '0': CMAKE_PREFIX_PATH=${CMAKE_PREFIX_PATH}:/home/developer/ws_moveit2/install/moveit_configs_utils:/home/developer/ros2_ws/install/rqt_joint_trajectory_controller:/home/developer/ros2_ws/install/rqt_controller_manager:/home/developer/ros2_ws/install/ros2controlcli:/home/developer/ros2_ws/install/ros2_controllers_test_nodes:/opt/ros/humble /usr/bin/cmake --build /home/developer/new_ros2_ws/build/baxter_mtc -- -j16 -l16
[20.864s] Invoking command in '/home/developer/new_ros2_ws/build/baxter_mtc': CMAKE_PREFIX_PATH=${CMAKE_PREFIX_PATH}:/home/developer/ws_moveit2/install/moveit_configs_utils:/home/developer/ros2_ws/install/rqt_joint_trajectory_controller:/home/developer/ros2_ws/install/rqt_controller_manager:/home/developer/ros2_ws/install/ros2controlcli:/home/developer/ros2_ws/install/ros2_controllers_test_nodes:/opt/ros/humble /usr/bin/cmake --install /home/developer/new_ros2_ws/build/baxter_mtc
[20.898s] -- Install configuration: ""
[20.898s] -- Installing: /home/developer/new_ros2_ws/install/baxter_mtc/share/baxter_mtc/launch
[20.898s] -- Installing: /home/developer/new_ros2_ws/install/baxter_mtc/share/baxter_mtc/launch/baxter_launch.py
[20.899s] -- Installing: /home/developer/new_ros2_ws/install/baxter_mtc/lib/baxter_mtc/baxter_mtc_node
[20.901s] -- Set runtime path of "/home/developer/new_ros2_ws/install/baxter_mtc/lib/baxter_mtc/baxter_mtc_node" to ""
[20.901s] -- Installing: /home/developer/new_ros2_ws/install/baxter_mtc/share/ament_index/resource_index/package_run_dependencies/baxter_mtc
[20.902s] -- Installing: /home/developer/new_ros2_ws/install/baxter_mtc/share/ament_index/resource_index/parent_prefix_path/baxter_mtc
[20.902s] -- Installing: /home/developer/new_ros2_ws/install/baxter_mtc/share/baxter_mtc/environment/ament_prefix_path.sh
[20.903s] -- Installing: /home/developer/new_ros2_ws/install/baxter_mtc/share/baxter_mtc/environment/ament_prefix_path.dsv
[20.903s] -- Installing: /home/developer/new_ros2_ws/install/baxter_mtc/share/baxter_mtc/environment/path.sh
[20.903s] -- Installing: /home/developer/new_ros2_ws/install/baxter_mtc/share/baxter_mtc/environment/path.dsv
[20.904s] -- Installing: /home/developer/new_ros2_ws/install/baxter_mtc/share/baxter_mtc/local_setup.bash
[20.904s] -- Installing: /home/developer/new_ros2_ws/install/baxter_mtc/share/baxter_mtc/local_setup.sh
[20.905s] -- Installing: /home/developer/new_ros2_ws/install/baxter_mtc/share/baxter_mtc/local_setup.zsh
[20.905s] -- Installing: /home/developer/new_ros2_ws/install/baxter_mtc/share/baxter_mtc/local_setup.dsv
[20.905s] -- Installing: /home/developer/new_ros2_ws/install/baxter_mtc/share/baxter_mtc/package.dsv
[20.906s] -- Installing: /home/developer/new_ros2_ws/install/baxter_mtc/share/ament_index/resource_index/packages/baxter_mtc
[20.906s] -- Installing: /home/developer/new_ros2_ws/install/baxter_mtc/share/baxter_mtc/cmake/baxter_mtcConfig.cmake
[20.907s] -- Installing: /home/developer/new_ros2_ws/install/baxter_mtc/share/baxter_mtc/cmake/baxter_mtcConfig-version.cmake
[20.907s] -- Installing: /home/developer/new_ros2_ws/install/baxter_mtc/share/baxter_mtc/package.xml
[20.910s] Invoked command in '/home/developer/new_ros2_ws/build/baxter_mtc' returned '0': CMAKE_PREFIX_PATH=${CMAKE_PREFIX_PATH}:/home/developer/ws_moveit2/install/moveit_configs_utils:/home/developer/ros2_ws/install/rqt_joint_trajectory_controller:/home/developer/ros2_ws/install/rqt_controller_manager:/home/developer/ros2_ws/install/ros2controlcli:/home/developer/ros2_ws/install/ros2_controllers_test_nodes:/opt/ros/humble /usr/bin/cmake --install /home/developer/new_ros2_ws/build/baxter_mtc
