[0.216s] DEBUG:colcon:Command line arguments: ['/usr/bin/colcon', 'build', '--cmake-args', '-DCMAKE_BUILD_TYPE=Release', '--symlink-install']
[0.216s] DEBUG:colcon:Parsed command line arguments: Namespace(log_base=None, log_level=None, verb_name='build', build_base='build', install_base='install', merge_install=False, symlink_install=True, test_result_base=None, continue_on_error=False, executor='parallel', parallel_workers=16, event_handlers=None, ignore_user_meta=False, metas=['./colcon.meta'], base_paths=['.'], packages_ignore=None, packages_ignore_regex=None, paths=None, packages_up_to=None, packages_up_to_regex=None, packages_above=None, packages_above_and_dependencies=None, packages_above_depth=None, packages_select_by_dep=None, packages_skip_by_dep=None, packages_skip_up_to=None, packages_select_build_failed=False, packages_skip_build_finished=False, packages_select_test_failures=False, packages_skip_test_passed=False, packages_select=None, packages_skip=None, packages_select_regex=None, packages_skip_regex=None, packages_start=None, packages_end=None, allow_overriding=[], cmake_args=['-DCMAKE_BUILD_TYPE=Release'], cmake_target=None, cmake_target_skip_unavailable=False, cmake_clean_cache=False, cmake_clean_first=False, cmake_force_configure=False, ament_cmake_args=None, catkin_cmake_args=None, catkin_skip_building_tests=False, mixin_files=None, mixin=None, verb_parser=<colcon_mixin.mixin.mixin_argument.MixinArgumentDecorator object at 0x7bdebd6348b0>, verb_extension=<colcon_core.verb.build.BuildVerb object at 0x7bdebd5ffe20>, main=<bound method BuildVerb.main of <colcon_core.verb.build.BuildVerb object at 0x7bdebd5ffe20>>, mixin_verb=('build',))
[0.544s] Level 1:colcon.colcon_core.package_discovery:discover_packages(colcon_meta) check parameters
[0.544s] Level 1:colcon.colcon_core.package_discovery:discover_packages(recursive) check parameters
[0.544s] Level 1:colcon.colcon_core.package_discovery:discover_packages(ignore) check parameters
[0.544s] Level 1:colcon.colcon_core.package_discovery:discover_packages(path) check parameters
[0.544s] Level 1:colcon.colcon_core.package_discovery:discover_packages(colcon_meta) discover
[0.544s] Level 1:colcon.colcon_core.package_discovery:discover_packages(recursive) discover
[0.544s] INFO:colcon.colcon_core.package_discovery:Crawling recursively for packages in '/home/developer/new_ros2_ws'
[0.544s] Level 1:colcon.colcon_core.package_identification:_identify(.) by extensions ['ignore', 'ignore_ament_install']
[0.545s] Level 1:colcon.colcon_core.package_identification:_identify(.) by extension 'ignore'
[0.545s] Level 1:colcon.colcon_core.package_identification:_identify(.) by extension 'ignore_ament_install'
[0.545s] Level 1:colcon.colcon_core.package_identification:_identify(.) by extensions ['colcon_pkg']
[0.545s] Level 1:colcon.colcon_core.package_identification:_identify(.) by extension 'colcon_pkg'
[0.545s] Level 1:colcon.colcon_core.package_identification:_identify(.) by extensions ['colcon_meta']
[0.545s] Level 1:colcon.colcon_core.package_identification:_identify(.) by extension 'colcon_meta'
[0.545s] Level 1:colcon.colcon_core.package_identification:_identify(.) by extensions ['ros']
[0.545s] Level 1:colcon.colcon_core.package_identification:_identify(.) by extension 'ros'
[0.563s] Level 1:colcon.colcon_core.package_identification:_identify(.) by extensions ['cmake', 'python']
[0.564s] Level 1:colcon.colcon_core.package_identification:_identify(.) by extension 'cmake'
[0.564s] Level 1:colcon.colcon_core.package_identification:_identify(.) by extension 'python'
[0.564s] Level 1:colcon.colcon_core.package_identification:_identify(.) by extensions ['python_setup_py']
[0.564s] Level 1:colcon.colcon_core.package_identification:_identify(.) by extension 'python_setup_py'
[0.564s] Level 1:colcon.colcon_core.package_identification:_identify(build) by extensions ['ignore', 'ignore_ament_install']
[0.564s] Level 1:colcon.colcon_core.package_identification:_identify(build) by extension 'ignore'
[0.564s] Level 1:colcon.colcon_core.package_identification:_identify(build) ignored
[0.565s] Level 1:colcon.colcon_core.package_identification:_identify(install) by extensions ['ignore', 'ignore_ament_install']
[0.565s] Level 1:colcon.colcon_core.package_identification:_identify(install) by extension 'ignore'
[0.565s] Level 1:colcon.colcon_core.package_identification:_identify(install) ignored
[0.565s] Level 1:colcon.colcon_core.package_identification:_identify(log) by extensions ['ignore', 'ignore_ament_install']
[0.565s] Level 1:colcon.colcon_core.package_identification:_identify(log) by extension 'ignore'
[0.565s] Level 1:colcon.colcon_core.package_identification:_identify(log) ignored
[0.566s] Level 1:colcon.colcon_core.package_identification:_identify(src) by extensions ['ignore', 'ignore_ament_install']
[0.566s] Level 1:colcon.colcon_core.package_identification:_identify(src) by extension 'ignore'
[0.566s] Level 1:colcon.colcon_core.package_identification:_identify(src) by extension 'ignore_ament_install'
[0.566s] Level 1:colcon.colcon_core.package_identification:_identify(src) by extensions ['colcon_pkg']
[0.566s] Level 1:colcon.colcon_core.package_identification:_identify(src) by extension 'colcon_pkg'
[0.566s] Level 1:colcon.colcon_core.package_identification:_identify(src) by extensions ['colcon_meta']
[0.566s] Level 1:colcon.colcon_core.package_identification:_identify(src) by extension 'colcon_meta'
[0.566s] Level 1:colcon.colcon_core.package_identification:_identify(src) by extensions ['ros']
[0.566s] Level 1:colcon.colcon_core.package_identification:_identify(src) by extension 'ros'
[0.566s] Level 1:colcon.colcon_core.package_identification:_identify(src) by extensions ['cmake', 'python']
[0.566s] Level 1:colcon.colcon_core.package_identification:_identify(src) by extension 'cmake'
[0.566s] Level 1:colcon.colcon_core.package_identification:_identify(src) by extension 'python'
[0.566s] Level 1:colcon.colcon_core.package_identification:_identify(src) by extensions ['python_setup_py']
[0.567s] Level 1:colcon.colcon_core.package_identification:_identify(src) by extension 'python_setup_py'
[0.567s] Level 1:colcon.colcon_core.package_identification:_identify(src/baxter_mtc) by extensions ['ignore', 'ignore_ament_install']
[0.567s] Level 1:colcon.colcon_core.package_identification:_identify(src/baxter_mtc) by extension 'ignore'
[0.567s] Level 1:colcon.colcon_core.package_identification:_identify(src/baxter_mtc) by extension 'ignore_ament_install'
[0.567s] Level 1:colcon.colcon_core.package_identification:_identify(src/baxter_mtc) by extensions ['colcon_pkg']
[0.567s] Level 1:colcon.colcon_core.package_identification:_identify(src/baxter_mtc) by extension 'colcon_pkg'
[0.567s] Level 1:colcon.colcon_core.package_identification:_identify(src/baxter_mtc) by extensions ['colcon_meta']
[0.567s] Level 1:colcon.colcon_core.package_identification:_identify(src/baxter_mtc) by extension 'colcon_meta'
[0.567s] Level 1:colcon.colcon_core.package_identification:_identify(src/baxter_mtc) by extensions ['ros']
[0.567s] Level 1:colcon.colcon_core.package_identification:_identify(src/baxter_mtc) by extension 'ros'
[0.574s] DEBUG:colcon.colcon_core.package_identification:Package 'src/baxter_mtc' with type 'ros.ament_cmake' and name 'baxter_mtc'
[0.574s] Level 1:colcon.colcon_core.package_identification:_identify(src/hello_moveit) by extensions ['ignore', 'ignore_ament_install']
[0.574s] Level 1:colcon.colcon_core.package_identification:_identify(src/hello_moveit) by extension 'ignore'
[0.574s] Level 1:colcon.colcon_core.package_identification:_identify(src/hello_moveit) by extension 'ignore_ament_install'
[0.574s] Level 1:colcon.colcon_core.package_identification:_identify(src/hello_moveit) by extensions ['colcon_pkg']
[0.574s] Level 1:colcon.colcon_core.package_identification:_identify(src/hello_moveit) by extension 'colcon_pkg'
[0.574s] Level 1:colcon.colcon_core.package_identification:_identify(src/hello_moveit) by extensions ['colcon_meta']
[0.574s] Level 1:colcon.colcon_core.package_identification:_identify(src/hello_moveit) by extension 'colcon_meta'
[0.575s] Level 1:colcon.colcon_core.package_identification:_identify(src/hello_moveit) by extensions ['ros']
[0.575s] Level 1:colcon.colcon_core.package_identification:_identify(src/hello_moveit) by extension 'ros'
[0.576s] DEBUG:colcon.colcon_core.package_identification:Package 'src/hello_moveit' with type 'ros.ament_cmake' and name 'hello_moveit'
[0.576s] Level 1:colcon.colcon_core.package_identification:_identify(src/mtc_tutorial) by extensions ['ignore', 'ignore_ament_install']
[0.576s] Level 1:colcon.colcon_core.package_identification:_identify(src/mtc_tutorial) by extension 'ignore'
[0.576s] Level 1:colcon.colcon_core.package_identification:_identify(src/mtc_tutorial) by extension 'ignore_ament_install'
[0.576s] Level 1:colcon.colcon_core.package_identification:_identify(src/mtc_tutorial) by extensions ['colcon_pkg']
[0.576s] Level 1:colcon.colcon_core.package_identification:_identify(src/mtc_tutorial) by extension 'colcon_pkg'
[0.576s] Level 1:colcon.colcon_core.package_identification:_identify(src/mtc_tutorial) by extensions ['colcon_meta']
[0.576s] Level 1:colcon.colcon_core.package_identification:_identify(src/mtc_tutorial) by extension 'colcon_meta'
[0.577s] Level 1:colcon.colcon_core.package_identification:_identify(src/mtc_tutorial) by extensions ['ros']
[0.577s] Level 1:colcon.colcon_core.package_identification:_identify(src/mtc_tutorial) by extension 'ros'
[0.578s] DEBUG:colcon.colcon_core.package_identification:Package 'src/mtc_tutorial' with type 'ros.ament_cmake' and name 'mtc_tutorial'
[0.578s] Level 1:colcon.colcon_core.package_discovery:discover_packages(recursive) using defaults
[0.578s] Level 1:colcon.colcon_core.package_discovery:discover_packages(ignore) discover
[0.578s] Level 1:colcon.colcon_core.package_discovery:discover_packages(ignore) using defaults
[0.578s] Level 1:colcon.colcon_core.package_discovery:discover_packages(path) discover
[0.578s] Level 1:colcon.colcon_core.package_discovery:discover_packages(path) using defaults
[0.633s] Level 1:colcon.colcon_core.package_discovery:discover_packages(prefix_path) check parameters
[0.633s] Level 1:colcon.colcon_core.package_discovery:discover_packages(prefix_path) discover
[0.650s] DEBUG:colcon.colcon_installed_package_information.package_discovery:Found 4 installed packages in /home/developer/new_ros2_ws/install
[0.651s] DEBUG:colcon.colcon_installed_package_information.package_discovery:Found 3 installed packages in /home/developer/panda_ws/install
[0.652s] DEBUG:colcon.colcon_installed_package_information.package_discovery:Found 9 installed packages in /home/developer/baxter_ws/install
[0.656s] DEBUG:colcon.colcon_installed_package_information.package_discovery:Found 55 installed packages in /home/developer/ws_moveit2/install
[0.660s] DEBUG:colcon.colcon_installed_package_information.package_discovery:Found 62 installed packages in /home/developer/ros2_ws/install
[0.664s] DEBUG:colcon.colcon_installed_package_information.package_discovery:Found 354 installed packages in /opt/ros/humble
[0.668s] Level 1:colcon.colcon_core.package_discovery:discover_packages(prefix_path) using defaults
[0.770s] Level 5:colcon.colcon_core.verb:set package 'baxter_mtc' build argument 'cmake_args' from command line to '['-DCMAKE_BUILD_TYPE=Release']'
[0.770s] Level 5:colcon.colcon_core.verb:set package 'baxter_mtc' build argument 'cmake_target' from command line to 'None'
[0.770s] Level 5:colcon.colcon_core.verb:set package 'baxter_mtc' build argument 'cmake_target_skip_unavailable' from command line to 'False'
[0.770s] Level 5:colcon.colcon_core.verb:set package 'baxter_mtc' build argument 'cmake_clean_cache' from command line to 'False'
[0.771s] Level 5:colcon.colcon_core.verb:set package 'baxter_mtc' build argument 'cmake_clean_first' from command line to 'False'
[0.771s] Level 5:colcon.colcon_core.verb:set package 'baxter_mtc' build argument 'cmake_force_configure' from command line to 'False'
[0.771s] Level 5:colcon.colcon_core.verb:set package 'baxter_mtc' build argument 'ament_cmake_args' from command line to 'None'
[0.771s] Level 5:colcon.colcon_core.verb:set package 'baxter_mtc' build argument 'catkin_cmake_args' from command line to 'None'
[0.771s] Level 5:colcon.colcon_core.verb:set package 'baxter_mtc' build argument 'catkin_skip_building_tests' from command line to 'False'
[0.771s] DEBUG:colcon.colcon_core.verb:Building package 'baxter_mtc' with the following arguments: {'ament_cmake_args': None, 'build_base': '/home/developer/new_ros2_ws/build/baxter_mtc', 'catkin_cmake_args': None, 'catkin_skip_building_tests': False, 'cmake_args': ['-DCMAKE_BUILD_TYPE=Release'], 'cmake_clean_cache': False, 'cmake_clean_first': False, 'cmake_force_configure': False, 'cmake_target': None, 'cmake_target_skip_unavailable': False, 'install_base': '/home/developer/new_ros2_ws/install/baxter_mtc', 'merge_install': False, 'path': '/home/developer/new_ros2_ws/src/baxter_mtc', 'symlink_install': True, 'test_result_base': None}
[0.772s] Level 5:colcon.colcon_core.verb:set package 'hello_moveit' build argument 'cmake_args' from command line to '['-DCMAKE_BUILD_TYPE=Release']'
[0.772s] Level 5:colcon.colcon_core.verb:set package 'hello_moveit' build argument 'cmake_target' from command line to 'None'
[0.772s] Level 5:colcon.colcon_core.verb:set package 'hello_moveit' build argument 'cmake_target_skip_unavailable' from command line to 'False'
[0.772s] Level 5:colcon.colcon_core.verb:set package 'hello_moveit' build argument 'cmake_clean_cache' from command line to 'False'
[0.772s] Level 5:colcon.colcon_core.verb:set package 'hello_moveit' build argument 'cmake_clean_first' from command line to 'False'
[0.772s] Level 5:colcon.colcon_core.verb:set package 'hello_moveit' build argument 'cmake_force_configure' from command line to 'False'
[0.772s] Level 5:colcon.colcon_core.verb:set package 'hello_moveit' build argument 'ament_cmake_args' from command line to 'None'
[0.772s] Level 5:colcon.colcon_core.verb:set package 'hello_moveit' build argument 'catkin_cmake_args' from command line to 'None'
[0.772s] Level 5:colcon.colcon_core.verb:set package 'hello_moveit' build argument 'catkin_skip_building_tests' from command line to 'False'
[0.772s] DEBUG:colcon.colcon_core.verb:Building package 'hello_moveit' with the following arguments: {'ament_cmake_args': None, 'build_base': '/home/developer/new_ros2_ws/build/hello_moveit', 'catkin_cmake_args': None, 'catkin_skip_building_tests': False, 'cmake_args': ['-DCMAKE_BUILD_TYPE=Release'], 'cmake_clean_cache': False, 'cmake_clean_first': False, 'cmake_force_configure': False, 'cmake_target': None, 'cmake_target_skip_unavailable': False, 'install_base': '/home/developer/new_ros2_ws/install/hello_moveit', 'merge_install': False, 'path': '/home/developer/new_ros2_ws/src/hello_moveit', 'symlink_install': True, 'test_result_base': None}
[0.772s] Level 5:colcon.colcon_core.verb:set package 'mtc_tutorial' build argument 'cmake_args' from command line to '['-DCMAKE_BUILD_TYPE=Release']'
[0.772s] Level 5:colcon.colcon_core.verb:set package 'mtc_tutorial' build argument 'cmake_target' from command line to 'None'
[0.772s] Level 5:colcon.colcon_core.verb:set package 'mtc_tutorial' build argument 'cmake_target_skip_unavailable' from command line to 'False'
[0.773s] Level 5:colcon.colcon_core.verb:set package 'mtc_tutorial' build argument 'cmake_clean_cache' from command line to 'False'
[0.773s] Level 5:colcon.colcon_core.verb:set package 'mtc_tutorial' build argument 'cmake_clean_first' from command line to 'False'
[0.773s] Level 5:colcon.colcon_core.verb:set package 'mtc_tutorial' build argument 'cmake_force_configure' from command line to 'False'
[0.773s] Level 5:colcon.colcon_core.verb:set package 'mtc_tutorial' build argument 'ament_cmake_args' from command line to 'None'
[0.773s] Level 5:colcon.colcon_core.verb:set package 'mtc_tutorial' build argument 'catkin_cmake_args' from command line to 'None'
[0.773s] Level 5:colcon.colcon_core.verb:set package 'mtc_tutorial' build argument 'catkin_skip_building_tests' from command line to 'False'
[0.773s] DEBUG:colcon.colcon_core.verb:Building package 'mtc_tutorial' with the following arguments: {'ament_cmake_args': None, 'build_base': '/home/developer/new_ros2_ws/build/mtc_tutorial', 'catkin_cmake_args': None, 'catkin_skip_building_tests': False, 'cmake_args': ['-DCMAKE_BUILD_TYPE=Release'], 'cmake_clean_cache': False, 'cmake_clean_first': False, 'cmake_force_configure': False, 'cmake_target': None, 'cmake_target_skip_unavailable': False, 'install_base': '/home/developer/new_ros2_ws/install/mtc_tutorial', 'merge_install': False, 'path': '/home/developer/new_ros2_ws/src/mtc_tutorial', 'symlink_install': True, 'test_result_base': None}
[0.773s] INFO:colcon.colcon_core.executor:Executing jobs using 'parallel' executor
[0.775s] DEBUG:colcon.colcon_parallel_executor.executor.parallel:run_until_complete
[0.775s] INFO:colcon.colcon_ros.task.ament_cmake.build:Building ROS package in '/home/developer/new_ros2_ws/src/baxter_mtc' with build type 'ament_cmake'
[0.775s] INFO:colcon.colcon_cmake.task.cmake.build:Building CMake package in '/home/developer/new_ros2_ws/src/baxter_mtc'
[0.780s] INFO:colcon.colcon_core.plugin_system:Skipping extension 'colcon_core.shell.bat': Not used on non-Windows systems
[0.780s] INFO:colcon.colcon_core.shell:Skip shell extension 'powershell' for command environment: Not usable outside of PowerShell
[0.780s] DEBUG:colcon.colcon_core.shell:Skip shell extension 'dsv' for command environment
[0.811s] INFO:colcon.colcon_ros.task.ament_cmake.build:Building ROS package in '/home/developer/new_ros2_ws/src/hello_moveit' with build type 'ament_cmake'
[0.812s] INFO:colcon.colcon_cmake.task.cmake.build:Building CMake package in '/home/developer/new_ros2_ws/src/hello_moveit'
[0.812s] INFO:colcon.colcon_core.shell:Skip shell extension 'powershell' for command environment: Not usable outside of PowerShell
[0.812s] DEBUG:colcon.colcon_core.shell:Skip shell extension 'dsv' for command environment
[0.843s] INFO:colcon.colcon_ros.task.ament_cmake.build:Building ROS package in '/home/developer/new_ros2_ws/src/mtc_tutorial' with build type 'ament_cmake'
[0.843s] INFO:colcon.colcon_cmake.task.cmake.build:Building CMake package in '/home/developer/new_ros2_ws/src/mtc_tutorial'
[0.843s] INFO:colcon.colcon_core.shell:Skip shell extension 'powershell' for command environment: Not usable outside of PowerShell
[0.843s] DEBUG:colcon.colcon_core.shell:Skip shell extension 'dsv' for command environment
[0.884s] DEBUG:colcon.colcon_core.event_handler.log_command:Invoking command in '/home/developer/new_ros2_ws/build/baxter_mtc': CMAKE_PREFIX_PATH=${CMAKE_PREFIX_PATH}:/home/developer/ws_moveit2/install/moveit_resources_pr2_description:/home/developer/ws_moveit2/install/moveit_resources_fanuc_moveit_config:/home/developer/ws_moveit2/install/moveit_configs_utils:/home/developer/ws_moveit2/install/moveit_common:/home/developer/ros2_ws/install/rqt_joint_trajectory_controller:/home/developer/ros2_ws/install/rqt_controller_manager:/home/developer/ros2_ws/install/ros2controlcli:/home/developer/ros2_ws/install/ros2_controllers_test_nodes:/opt/ros/humble /usr/bin/cmake --build /home/developer/new_ros2_ws/build/baxter_mtc -- -j16 -l16
[0.897s] DEBUG:colcon.colcon_core.event_handler.log_command:Invoking command in '/home/developer/new_ros2_ws/build/hello_moveit': CMAKE_PREFIX_PATH=${CMAKE_PREFIX_PATH}:/home/developer/ws_moveit2/install/moveit_resources_pr2_description:/home/developer/ws_moveit2/install/moveit_resources_fanuc_moveit_config:/home/developer/ws_moveit2/install/moveit_configs_utils:/home/developer/ws_moveit2/install/moveit_common:/home/developer/ros2_ws/install/rqt_joint_trajectory_controller:/home/developer/ros2_ws/install/rqt_controller_manager:/home/developer/ros2_ws/install/ros2controlcli:/home/developer/ros2_ws/install/ros2_controllers_test_nodes:/opt/ros/humble /usr/bin/cmake --build /home/developer/new_ros2_ws/build/hello_moveit -- -j16 -l16
[0.905s] DEBUG:colcon.colcon_core.event_handler.log_command:Invoking command in '/home/developer/new_ros2_ws/build/mtc_tutorial': CMAKE_PREFIX_PATH=${CMAKE_PREFIX_PATH}:/home/developer/ws_moveit2/install/moveit_resources_pr2_description:/home/developer/ws_moveit2/install/moveit_resources_fanuc_moveit_config:/home/developer/ws_moveit2/install/moveit_configs_utils:/home/developer/ws_moveit2/install/moveit_common:/home/developer/ros2_ws/install/rqt_joint_trajectory_controller:/home/developer/ros2_ws/install/rqt_controller_manager:/home/developer/ros2_ws/install/ros2controlcli:/home/developer/ros2_ws/install/ros2_controllers_test_nodes:/opt/ros/humble /usr/bin/cmake --build /home/developer/new_ros2_ws/build/mtc_tutorial -- -j16 -l16
[1.278s] DEBUG:colcon.colcon_core.event_handler.log_command:Invoked command in '/home/developer/new_ros2_ws/build/baxter_mtc' returned '0': CMAKE_PREFIX_PATH=${CMAKE_PREFIX_PATH}:/home/developer/ws_moveit2/install/moveit_resources_pr2_description:/home/developer/ws_moveit2/install/moveit_resources_fanuc_moveit_config:/home/developer/ws_moveit2/install/moveit_configs_utils:/home/developer/ws_moveit2/install/moveit_common:/home/developer/ros2_ws/install/rqt_joint_trajectory_controller:/home/developer/ros2_ws/install/rqt_controller_manager:/home/developer/ros2_ws/install/ros2controlcli:/home/developer/ros2_ws/install/ros2_controllers_test_nodes:/opt/ros/humble /usr/bin/cmake --build /home/developer/new_ros2_ws/build/baxter_mtc -- -j16 -l16
[1.331s] DEBUG:colcon.colcon_core.event_handler.log_command:Invoking command in '/home/developer/new_ros2_ws/build/baxter_mtc': CMAKE_PREFIX_PATH=${CMAKE_PREFIX_PATH}:/home/developer/ws_moveit2/install/moveit_resources_pr2_description:/home/developer/ws_moveit2/install/moveit_resources_fanuc_moveit_config:/home/developer/ws_moveit2/install/moveit_configs_utils:/home/developer/ws_moveit2/install/moveit_common:/home/developer/ros2_ws/install/rqt_joint_trajectory_controller:/home/developer/ros2_ws/install/rqt_controller_manager:/home/developer/ros2_ws/install/ros2controlcli:/home/developer/ros2_ws/install/ros2_controllers_test_nodes:/opt/ros/humble /usr/bin/cmake --install /home/developer/new_ros2_ws/build/baxter_mtc
[1.331s] DEBUG:colcon.colcon_core.event_handler.log_command:Invoked command in '/home/developer/new_ros2_ws/build/hello_moveit' returned '0': CMAKE_PREFIX_PATH=${CMAKE_PREFIX_PATH}:/home/developer/ws_moveit2/install/moveit_resources_pr2_description:/home/developer/ws_moveit2/install/moveit_resources_fanuc_moveit_config:/home/developer/ws_moveit2/install/moveit_configs_utils:/home/developer/ws_moveit2/install/moveit_common:/home/developer/ros2_ws/install/rqt_joint_trajectory_controller:/home/developer/ros2_ws/install/rqt_controller_manager:/home/developer/ros2_ws/install/ros2controlcli:/home/developer/ros2_ws/install/ros2_controllers_test_nodes:/opt/ros/humble /usr/bin/cmake --build /home/developer/new_ros2_ws/build/hello_moveit -- -j16 -l16
[1.335s] DEBUG:colcon.colcon_core.event_handler.log_command:Invoking command in '/home/developer/new_ros2_ws/build/hello_moveit': CMAKE_PREFIX_PATH=${CMAKE_PREFIX_PATH}:/home/developer/ws_moveit2/install/moveit_resources_pr2_description:/home/developer/ws_moveit2/install/moveit_resources_fanuc_moveit_config:/home/developer/ws_moveit2/install/moveit_configs_utils:/home/developer/ws_moveit2/install/moveit_common:/home/developer/ros2_ws/install/rqt_joint_trajectory_controller:/home/developer/ros2_ws/install/rqt_controller_manager:/home/developer/ros2_ws/install/ros2controlcli:/home/developer/ros2_ws/install/ros2_controllers_test_nodes:/opt/ros/humble /usr/bin/cmake --install /home/developer/new_ros2_ws/build/hello_moveit
[1.430s] Level 1:colcon.colcon_core.environment:create_environment_scripts_only(baxter_mtc)
[1.431s] DEBUG:colcon.colcon_core.event_handler.log_command:Invoked command in '/home/developer/new_ros2_ws/build/baxter_mtc' returned '0': CMAKE_PREFIX_PATH=${CMAKE_PREFIX_PATH}:/home/developer/ws_moveit2/install/moveit_resources_pr2_description:/home/developer/ws_moveit2/install/moveit_resources_fanuc_moveit_config:/home/developer/ws_moveit2/install/moveit_configs_utils:/home/developer/ws_moveit2/install/moveit_common:/home/developer/ros2_ws/install/rqt_joint_trajectory_controller:/home/developer/ros2_ws/install/rqt_controller_manager:/home/developer/ros2_ws/install/ros2controlcli:/home/developer/ros2_ws/install/ros2_controllers_test_nodes:/opt/ros/humble /usr/bin/cmake --install /home/developer/new_ros2_ws/build/baxter_mtc
[1.439s] Level 1:colcon.colcon_core.environment:checking '/home/developer/new_ros2_ws/install/baxter_mtc' for CMake module files
[1.440s] Level 1:colcon.colcon_core.environment:checking '/home/developer/new_ros2_ws/install/baxter_mtc' for CMake config files
[1.440s] Level 1:colcon.colcon_core.shell:create_environment_hook('baxter_mtc', 'cmake_prefix_path')
[1.441s] INFO:colcon.colcon_core.shell:Creating environment hook '/home/developer/new_ros2_ws/install/baxter_mtc/share/baxter_mtc/hook/cmake_prefix_path.ps1'
[1.442s] INFO:colcon.colcon_core.shell:Creating environment descriptor '/home/developer/new_ros2_ws/install/baxter_mtc/share/baxter_mtc/hook/cmake_prefix_path.dsv'
[1.442s] INFO:colcon.colcon_core.shell:Creating environment hook '/home/developer/new_ros2_ws/install/baxter_mtc/share/baxter_mtc/hook/cmake_prefix_path.sh'
[1.444s] Level 1:colcon.colcon_core.environment:checking '/home/developer/new_ros2_ws/install/baxter_mtc/lib'
[1.445s] Level 1:colcon.colcon_core.environment:checking '/home/developer/new_ros2_ws/install/baxter_mtc/bin'
[1.445s] Level 1:colcon.colcon_core.environment:checking '/home/developer/new_ros2_ws/install/baxter_mtc/lib/pkgconfig/baxter_mtc.pc'
[1.445s] Level 1:colcon.colcon_core.environment:checking '/home/developer/new_ros2_ws/install/baxter_mtc/lib/python3.10/site-packages'
[1.445s] Level 1:colcon.colcon_core.environment:checking '/home/developer/new_ros2_ws/install/baxter_mtc/bin'
[1.446s] INFO:colcon.colcon_core.shell:Creating package script '/home/developer/new_ros2_ws/install/baxter_mtc/share/baxter_mtc/package.ps1'
[1.447s] INFO:colcon.colcon_core.shell:Creating package descriptor '/home/developer/new_ros2_ws/install/baxter_mtc/share/baxter_mtc/package.dsv'
[1.448s] INFO:colcon.colcon_core.shell:Creating package script '/home/developer/new_ros2_ws/install/baxter_mtc/share/baxter_mtc/package.sh'
[1.449s] INFO:colcon.colcon_core.shell:Creating package script '/home/developer/new_ros2_ws/install/baxter_mtc/share/baxter_mtc/package.bash'
[1.451s] INFO:colcon.colcon_core.shell:Creating package script '/home/developer/new_ros2_ws/install/baxter_mtc/share/baxter_mtc/package.zsh'
[1.452s] Level 1:colcon.colcon_core.environment:create_file_with_runtime_dependencies(/home/developer/new_ros2_ws/install/baxter_mtc/share/colcon-core/packages/baxter_mtc)
[1.453s] Level 1:colcon.colcon_core.environment:create_environment_scripts_only(baxter_mtc)
[1.453s] Level 1:colcon.colcon_core.environment:checking '/home/developer/new_ros2_ws/install/baxter_mtc' for CMake module files
[1.454s] Level 1:colcon.colcon_core.environment:checking '/home/developer/new_ros2_ws/install/baxter_mtc' for CMake config files
[1.455s] Level 1:colcon.colcon_core.shell:create_environment_hook('baxter_mtc', 'cmake_prefix_path')
[1.455s] INFO:colcon.colcon_core.shell:Creating environment hook '/home/developer/new_ros2_ws/install/baxter_mtc/share/baxter_mtc/hook/cmake_prefix_path.ps1'
[1.456s] INFO:colcon.colcon_core.shell:Creating environment descriptor '/home/developer/new_ros2_ws/install/baxter_mtc/share/baxter_mtc/hook/cmake_prefix_path.dsv'
[1.457s] INFO:colcon.colcon_core.shell:Creating environment hook '/home/developer/new_ros2_ws/install/baxter_mtc/share/baxter_mtc/hook/cmake_prefix_path.sh'
[1.458s] Level 1:colcon.colcon_core.environment:checking '/home/developer/new_ros2_ws/install/baxter_mtc/lib'
[1.458s] Level 1:colcon.colcon_core.environment:checking '/home/developer/new_ros2_ws/install/baxter_mtc/bin'
[1.458s] Level 1:colcon.colcon_core.environment:checking '/home/developer/new_ros2_ws/install/baxter_mtc/lib/pkgconfig/baxter_mtc.pc'
[1.458s] Level 1:colcon.colcon_core.environment:checking '/home/developer/new_ros2_ws/install/baxter_mtc/lib/python3.10/site-packages'
[1.459s] Level 1:colcon.colcon_core.environment:checking '/home/developer/new_ros2_ws/install/baxter_mtc/bin'
[1.459s] INFO:colcon.colcon_core.shell:Creating package script '/home/developer/new_ros2_ws/install/baxter_mtc/share/baxter_mtc/package.ps1'
[1.460s] INFO:colcon.colcon_core.shell:Creating package descriptor '/home/developer/new_ros2_ws/install/baxter_mtc/share/baxter_mtc/package.dsv'
[1.461s] INFO:colcon.colcon_core.shell:Creating package script '/home/developer/new_ros2_ws/install/baxter_mtc/share/baxter_mtc/package.sh'
[1.462s] INFO:colcon.colcon_core.shell:Creating package script '/home/developer/new_ros2_ws/install/baxter_mtc/share/baxter_mtc/package.bash'
[1.463s] INFO:colcon.colcon_core.shell:Creating package script '/home/developer/new_ros2_ws/install/baxter_mtc/share/baxter_mtc/package.zsh'
[1.463s] Level 1:colcon.colcon_core.environment:create_file_with_runtime_dependencies(/home/developer/new_ros2_ws/install/baxter_mtc/share/colcon-core/packages/baxter_mtc)
[1.465s] Level 1:colcon.colcon_core.environment:create_environment_scripts_only(hello_moveit)
[1.466s] Level 1:colcon.colcon_core.environment:checking '/home/developer/new_ros2_ws/install/hello_moveit' for CMake module files
[1.467s] DEBUG:colcon.colcon_core.event_handler.log_command:Invoked command in '/home/developer/new_ros2_ws/build/hello_moveit' returned '0': CMAKE_PREFIX_PATH=${CMAKE_PREFIX_PATH}:/home/developer/ws_moveit2/install/moveit_resources_pr2_description:/home/developer/ws_moveit2/install/moveit_resources_fanuc_moveit_config:/home/developer/ws_moveit2/install/moveit_configs_utils:/home/developer/ws_moveit2/install/moveit_common:/home/developer/ros2_ws/install/rqt_joint_trajectory_controller:/home/developer/ros2_ws/install/rqt_controller_manager:/home/developer/ros2_ws/install/ros2controlcli:/home/developer/ros2_ws/install/ros2_controllers_test_nodes:/opt/ros/humble /usr/bin/cmake --install /home/developer/new_ros2_ws/build/hello_moveit
[1.468s] Level 1:colcon.colcon_core.environment:checking '/home/developer/new_ros2_ws/install/hello_moveit' for CMake config files
[1.469s] Level 1:colcon.colcon_core.shell:create_environment_hook('hello_moveit', 'cmake_prefix_path')
[1.469s] INFO:colcon.colcon_core.shell:Creating environment hook '/home/developer/new_ros2_ws/install/hello_moveit/share/hello_moveit/hook/cmake_prefix_path.ps1'
[1.470s] INFO:colcon.colcon_core.shell:Creating environment descriptor '/home/developer/new_ros2_ws/install/hello_moveit/share/hello_moveit/hook/cmake_prefix_path.dsv'
[1.471s] INFO:colcon.colcon_core.shell:Creating environment hook '/home/developer/new_ros2_ws/install/hello_moveit/share/hello_moveit/hook/cmake_prefix_path.sh'
[1.472s] Level 1:colcon.colcon_core.environment:checking '/home/developer/new_ros2_ws/install/hello_moveit/lib'
[1.472s] Level 1:colcon.colcon_core.environment:checking '/home/developer/new_ros2_ws/install/hello_moveit/bin'
[1.472s] Level 1:colcon.colcon_core.environment:checking '/home/developer/new_ros2_ws/install/hello_moveit/lib/pkgconfig/hello_moveit.pc'
[1.472s] Level 1:colcon.colcon_core.environment:checking '/home/developer/new_ros2_ws/install/hello_moveit/lib/python3.10/site-packages'
[1.473s] Level 1:colcon.colcon_core.environment:checking '/home/developer/new_ros2_ws/install/hello_moveit/bin'
[1.473s] INFO:colcon.colcon_core.shell:Creating package script '/home/developer/new_ros2_ws/install/hello_moveit/share/hello_moveit/package.ps1'
[1.474s] INFO:colcon.colcon_core.shell:Creating package descriptor '/home/developer/new_ros2_ws/install/hello_moveit/share/hello_moveit/package.dsv'
[1.475s] INFO:colcon.colcon_core.shell:Creating package script '/home/developer/new_ros2_ws/install/hello_moveit/share/hello_moveit/package.sh'
[1.476s] INFO:colcon.colcon_core.shell:Creating package script '/home/developer/new_ros2_ws/install/hello_moveit/share/hello_moveit/package.bash'
[1.476s] INFO:colcon.colcon_core.shell:Creating package script '/home/developer/new_ros2_ws/install/hello_moveit/share/hello_moveit/package.zsh'
[1.477s] Level 1:colcon.colcon_core.environment:create_file_with_runtime_dependencies(/home/developer/new_ros2_ws/install/hello_moveit/share/colcon-core/packages/hello_moveit)
[1.478s] Level 1:colcon.colcon_core.environment:create_environment_scripts_only(hello_moveit)
[1.478s] Level 1:colcon.colcon_core.environment:checking '/home/developer/new_ros2_ws/install/hello_moveit' for CMake module files
[1.479s] Level 1:colcon.colcon_core.environment:checking '/home/developer/new_ros2_ws/install/hello_moveit' for CMake config files
[1.480s] Level 1:colcon.colcon_core.shell:create_environment_hook('hello_moveit', 'cmake_prefix_path')
[1.480s] INFO:colcon.colcon_core.shell:Creating environment hook '/home/developer/new_ros2_ws/install/hello_moveit/share/hello_moveit/hook/cmake_prefix_path.ps1'
[1.481s] INFO:colcon.colcon_core.shell:Creating environment descriptor '/home/developer/new_ros2_ws/install/hello_moveit/share/hello_moveit/hook/cmake_prefix_path.dsv'
[1.482s] INFO:colcon.colcon_core.shell:Creating environment hook '/home/developer/new_ros2_ws/install/hello_moveit/share/hello_moveit/hook/cmake_prefix_path.sh'
[1.483s] Level 1:colcon.colcon_core.environment:checking '/home/developer/new_ros2_ws/install/hello_moveit/lib'
[1.483s] Level 1:colcon.colcon_core.environment:checking '/home/developer/new_ros2_ws/install/hello_moveit/bin'
[1.483s] Level 1:colcon.colcon_core.environment:checking '/home/developer/new_ros2_ws/install/hello_moveit/lib/pkgconfig/hello_moveit.pc'
[1.484s] Level 1:colcon.colcon_core.environment:checking '/home/developer/new_ros2_ws/install/hello_moveit/lib/python3.10/site-packages'
[1.484s] Level 1:colcon.colcon_core.environment:checking '/home/developer/new_ros2_ws/install/hello_moveit/bin'
[1.485s] INFO:colcon.colcon_core.shell:Creating package script '/home/developer/new_ros2_ws/install/hello_moveit/share/hello_moveit/package.ps1'
[1.486s] INFO:colcon.colcon_core.shell:Creating package descriptor '/home/developer/new_ros2_ws/install/hello_moveit/share/hello_moveit/package.dsv'
[1.487s] INFO:colcon.colcon_core.shell:Creating package script '/home/developer/new_ros2_ws/install/hello_moveit/share/hello_moveit/package.sh'
[1.487s] INFO:colcon.colcon_core.shell:Creating package script '/home/developer/new_ros2_ws/install/hello_moveit/share/hello_moveit/package.bash'
[1.488s] INFO:colcon.colcon_core.shell:Creating package script '/home/developer/new_ros2_ws/install/hello_moveit/share/hello_moveit/package.zsh'
[1.489s] Level 1:colcon.colcon_core.environment:create_file_with_runtime_dependencies(/home/developer/new_ros2_ws/install/hello_moveit/share/colcon-core/packages/hello_moveit)
[19.176s] DEBUG:colcon.colcon_core.event_handler.log_command:Invoked command in '/home/developer/new_ros2_ws/build/mtc_tutorial' returned '0': CMAKE_PREFIX_PATH=${CMAKE_PREFIX_PATH}:/home/developer/ws_moveit2/install/moveit_resources_pr2_description:/home/developer/ws_moveit2/install/moveit_resources_fanuc_moveit_config:/home/developer/ws_moveit2/install/moveit_configs_utils:/home/developer/ws_moveit2/install/moveit_common:/home/developer/ros2_ws/install/rqt_joint_trajectory_controller:/home/developer/ros2_ws/install/rqt_controller_manager:/home/developer/ros2_ws/install/ros2controlcli:/home/developer/ros2_ws/install/ros2_controllers_test_nodes:/opt/ros/humble /usr/bin/cmake --build /home/developer/new_ros2_ws/build/mtc_tutorial -- -j16 -l16
[19.179s] DEBUG:colcon.colcon_core.event_handler.log_command:Invoking command in '/home/developer/new_ros2_ws/build/mtc_tutorial': CMAKE_PREFIX_PATH=${CMAKE_PREFIX_PATH}:/home/developer/ws_moveit2/install/moveit_resources_pr2_description:/home/developer/ws_moveit2/install/moveit_resources_fanuc_moveit_config:/home/developer/ws_moveit2/install/moveit_configs_utils:/home/developer/ws_moveit2/install/moveit_common:/home/developer/ros2_ws/install/rqt_joint_trajectory_controller:/home/developer/ros2_ws/install/rqt_controller_manager:/home/developer/ros2_ws/install/ros2controlcli:/home/developer/ros2_ws/install/ros2_controllers_test_nodes:/opt/ros/humble /usr/bin/cmake --install /home/developer/new_ros2_ws/build/mtc_tutorial
[19.230s] Level 1:colcon.colcon_core.environment:create_environment_scripts_only(mtc_tutorial)
[19.231s] Level 1:colcon.colcon_core.environment:checking '/home/developer/new_ros2_ws/install/mtc_tutorial' for CMake module files
[19.231s] DEBUG:colcon.colcon_core.event_handler.log_command:Invoked command in '/home/developer/new_ros2_ws/build/mtc_tutorial' returned '0': CMAKE_PREFIX_PATH=${CMAKE_PREFIX_PATH}:/home/developer/ws_moveit2/install/moveit_resources_pr2_description:/home/developer/ws_moveit2/install/moveit_resources_fanuc_moveit_config:/home/developer/ws_moveit2/install/moveit_configs_utils:/home/developer/ws_moveit2/install/moveit_common:/home/developer/ros2_ws/install/rqt_joint_trajectory_controller:/home/developer/ros2_ws/install/rqt_controller_manager:/home/developer/ros2_ws/install/ros2controlcli:/home/developer/ros2_ws/install/ros2_controllers_test_nodes:/opt/ros/humble /usr/bin/cmake --install /home/developer/new_ros2_ws/build/mtc_tutorial
[19.232s] Level 1:colcon.colcon_core.environment:checking '/home/developer/new_ros2_ws/install/mtc_tutorial' for CMake config files
[19.232s] Level 1:colcon.colcon_core.shell:create_environment_hook('mtc_tutorial', 'cmake_prefix_path')
[19.232s] INFO:colcon.colcon_core.shell:Creating environment hook '/home/developer/new_ros2_ws/install/mtc_tutorial/share/mtc_tutorial/hook/cmake_prefix_path.ps1'
[19.233s] INFO:colcon.colcon_core.shell:Creating environment descriptor '/home/developer/new_ros2_ws/install/mtc_tutorial/share/mtc_tutorial/hook/cmake_prefix_path.dsv'
[19.233s] INFO:colcon.colcon_core.shell:Creating environment hook '/home/developer/new_ros2_ws/install/mtc_tutorial/share/mtc_tutorial/hook/cmake_prefix_path.sh'
[19.233s] Level 1:colcon.colcon_core.environment:checking '/home/developer/new_ros2_ws/install/mtc_tutorial/lib'
[19.233s] Level 1:colcon.colcon_core.environment:checking '/home/developer/new_ros2_ws/install/mtc_tutorial/bin'
[19.233s] Level 1:colcon.colcon_core.environment:checking '/home/developer/new_ros2_ws/install/mtc_tutorial/lib/pkgconfig/mtc_tutorial.pc'
[19.234s] Level 1:colcon.colcon_core.environment:checking '/home/developer/new_ros2_ws/install/mtc_tutorial/lib/python3.10/site-packages'
[19.234s] Level 1:colcon.colcon_core.environment:checking '/home/developer/new_ros2_ws/install/mtc_tutorial/bin'
[19.234s] INFO:colcon.colcon_core.shell:Creating package script '/home/developer/new_ros2_ws/install/mtc_tutorial/share/mtc_tutorial/package.ps1'
[19.234s] INFO:colcon.colcon_core.shell:Creating package descriptor '/home/developer/new_ros2_ws/install/mtc_tutorial/share/mtc_tutorial/package.dsv'
[19.235s] INFO:colcon.colcon_core.shell:Creating package script '/home/developer/new_ros2_ws/install/mtc_tutorial/share/mtc_tutorial/package.sh'
[19.235s] INFO:colcon.colcon_core.shell:Creating package script '/home/developer/new_ros2_ws/install/mtc_tutorial/share/mtc_tutorial/package.bash'
[19.235s] INFO:colcon.colcon_core.shell:Creating package script '/home/developer/new_ros2_ws/install/mtc_tutorial/share/mtc_tutorial/package.zsh'
[19.236s] Level 1:colcon.colcon_core.environment:create_file_with_runtime_dependencies(/home/developer/new_ros2_ws/install/mtc_tutorial/share/colcon-core/packages/mtc_tutorial)
[19.236s] Level 1:colcon.colcon_core.environment:create_environment_scripts_only(mtc_tutorial)
[19.236s] Level 1:colcon.colcon_core.environment:checking '/home/developer/new_ros2_ws/install/mtc_tutorial' for CMake module files
[19.237s] Level 1:colcon.colcon_core.environment:checking '/home/developer/new_ros2_ws/install/mtc_tutorial' for CMake config files
[19.237s] Level 1:colcon.colcon_core.shell:create_environment_hook('mtc_tutorial', 'cmake_prefix_path')
[19.237s] INFO:colcon.colcon_core.shell:Creating environment hook '/home/developer/new_ros2_ws/install/mtc_tutorial/share/mtc_tutorial/hook/cmake_prefix_path.ps1'
[19.237s] INFO:colcon.colcon_core.shell:Creating environment descriptor '/home/developer/new_ros2_ws/install/mtc_tutorial/share/mtc_tutorial/hook/cmake_prefix_path.dsv'
[19.238s] INFO:colcon.colcon_core.shell:Creating environment hook '/home/developer/new_ros2_ws/install/mtc_tutorial/share/mtc_tutorial/hook/cmake_prefix_path.sh'
[19.238s] Level 1:colcon.colcon_core.environment:checking '/home/developer/new_ros2_ws/install/mtc_tutorial/lib'
[19.238s] Level 1:colcon.colcon_core.environment:checking '/home/developer/new_ros2_ws/install/mtc_tutorial/bin'
[19.238s] Level 1:colcon.colcon_core.environment:checking '/home/developer/new_ros2_ws/install/mtc_tutorial/lib/pkgconfig/mtc_tutorial.pc'
[19.238s] Level 1:colcon.colcon_core.environment:checking '/home/developer/new_ros2_ws/install/mtc_tutorial/lib/python3.10/site-packages'
[19.238s] Level 1:colcon.colcon_core.environment:checking '/home/developer/new_ros2_ws/install/mtc_tutorial/bin'
[19.239s] INFO:colcon.colcon_core.shell:Creating package script '/home/developer/new_ros2_ws/install/mtc_tutorial/share/mtc_tutorial/package.ps1'
[19.239s] INFO:colcon.colcon_core.shell:Creating package descriptor '/home/developer/new_ros2_ws/install/mtc_tutorial/share/mtc_tutorial/package.dsv'
[19.239s] INFO:colcon.colcon_core.shell:Creating package script '/home/developer/new_ros2_ws/install/mtc_tutorial/share/mtc_tutorial/package.sh'
[19.240s] INFO:colcon.colcon_core.shell:Creating package script '/home/developer/new_ros2_ws/install/mtc_tutorial/share/mtc_tutorial/package.bash'
[19.240s] INFO:colcon.colcon_core.shell:Creating package script '/home/developer/new_ros2_ws/install/mtc_tutorial/share/mtc_tutorial/package.zsh'
[19.240s] Level 1:colcon.colcon_core.environment:create_file_with_runtime_dependencies(/home/developer/new_ros2_ws/install/mtc_tutorial/share/colcon-core/packages/mtc_tutorial)
[19.240s] DEBUG:colcon.colcon_parallel_executor.executor.parallel:closing loop
[19.241s] DEBUG:colcon.colcon_parallel_executor.executor.parallel:loop closed
[19.241s] DEBUG:colcon.colcon_parallel_executor.executor.parallel:run_until_complete finished with '0'
[19.241s] DEBUG:colcon.colcon_core.event_reactor:joining thread
[19.250s] INFO:colcon.colcon_core.plugin_system:Skipping extension 'colcon_notification.desktop_notification.notify_send': Could not find 'notify-send'
[19.250s] INFO:colcon.colcon_core.plugin_system:Skipping extension 'colcon_notification.desktop_notification.terminal_notifier': Not used on non-Darwin systems
[19.250s] INFO:colcon.colcon_core.plugin_system:Skipping extension 'colcon_notification.desktop_notification.win32': Not used on non-Windows systems
[19.250s] INFO:colcon.colcon_notification.desktop_notification:Sending desktop notification using 'notify2'
[19.254s] DEBUG:colcon.colcon_notification.desktop_notification.notify2:Failed to initialize notify2: org.freedesktop.DBus.Error.Spawn.ExecFailed: /usr/bin/dbus-launch terminated abnormally without any error message
[19.254s] DEBUG:colcon.colcon_core.event_reactor:joined thread
[19.255s] INFO:colcon.colcon_core.shell:Creating prefix script '/home/developer/new_ros2_ws/install/local_setup.ps1'
[19.256s] INFO:colcon.colcon_core.shell:Creating prefix util module '/home/developer/new_ros2_ws/install/_local_setup_util_ps1.py'
[19.258s] INFO:colcon.colcon_core.shell:Creating prefix chain script '/home/developer/new_ros2_ws/install/setup.ps1'
[19.266s] INFO:colcon.colcon_core.shell:Creating prefix script '/home/developer/new_ros2_ws/install/local_setup.sh'
[19.267s] INFO:colcon.colcon_core.shell:Creating prefix util module '/home/developer/new_ros2_ws/install/_local_setup_util_sh.py'
[19.268s] INFO:colcon.colcon_core.shell:Creating prefix chain script '/home/developer/new_ros2_ws/install/setup.sh'
[19.275s] INFO:colcon.colcon_core.shell:Creating prefix script '/home/developer/new_ros2_ws/install/local_setup.bash'
[19.275s] INFO:colcon.colcon_core.shell:Creating prefix chain script '/home/developer/new_ros2_ws/install/setup.bash'
[19.281s] INFO:colcon.colcon_core.shell:Creating prefix script '/home/developer/new_ros2_ws/install/local_setup.zsh'
[19.282s] INFO:colcon.colcon_core.shell:Creating prefix chain script '/home/developer/new_ros2_ws/install/setup.zsh'
